Started GET "/" for 127.0.0.1 at 2024-03-19 17:04:50 +0100
  [1m[35m (1.6ms)[0m  [1m[34mSELECT sqlite_version(*)[0m
  [1m[35m (0.3ms)[0m  [1m[34mSELECT "schema_migrations"."version" FROM "schema_migrations" ORDER BY "schema_migrations"."version" ASC[0m
Started GET "/movies" for 127.0.0.1 at 2024-03-19 17:04:50 +0100
Processing by MoviesController#index as HTML
  Rendering layout layouts/application.html.erb
  Rendering movies/index.html.erb within layouts/application
  [1m[36mMovie Load (0.3ms)[0m  [1m[34mSELECT "movies".* FROM "movies"[0m
  ↳ app/views/movies/index.html.erb:17
  Rendered movies/index.html.erb within layouts/application (Duration: 19.1ms | Allocations: 6903)
  Rendered layout layouts/application.html.erb (Duration: 39.5ms | Allocations: 18306)
Completed 200 OK in 48ms (Views: 43.4ms | ActiveRecord: 0.9ms | Allocations: 20603)


Started GET "/movies" for 127.0.0.1 at 2024-03-19 17:29:12 +0100
Processing by MoviesController#index as HTML
  Rendering layout layouts/application.html.erb
  Rendering movies/index.html.erb within layouts/application
  [1m[35m (0.1ms)[0m  [1m[34mSELECT sqlite_version(*)[0m
  ↳ app/views/movies/index.html.erb:17
  [1m[36mMovie Load (0.5ms)[0m  [1m[34mSELECT "movies".* FROM "movies"[0m
  ↳ app/views/movies/index.html.erb:17
  Rendered movies/index.html.erb within layouts/application (Duration: 25.9ms | Allocations: 5077)
  Rendered layout layouts/application.html.erb (Duration: 26.4ms | Allocations: 5142)
Completed 500 Internal Server Error in 30ms (ActiveRecord: 1.2ms | Allocations: 5920)


  
ActionView::Template::Error (wrong number of arguments (given 1, expected 0)):
    16:   <tbody>
    17:     <% @movies.each do |movie| %>
    18:       <tr>
    19:         <td><%= movie.title link_to "desired_text", movies_path() %></td>
    20:         <td><%= movie.rating %></td>
    21:         <td><%= movie.description %></td>
    22:         <td><%= movie.release_date %></td>
  
app/views/movies/index.html.erb:19
app/views/movies/index.html.erb:17
Started GET "/movies" for 127.0.0.1 at 2024-03-19 17:31:36 +0100
Processing by MoviesController#index as HTML
  Rendering layout layouts/application.html.erb
  Rendering movies/index.html.erb within layouts/application
  [1m[36mMovie Load (0.3ms)[0m  [1m[34mSELECT "movies".* FROM "movies"[0m
  ↳ app/views/movies/index.html.erb:17
  Rendered movies/index.html.erb within layouts/application (Duration: 11.4ms | Allocations: 3126)
  Rendered layout layouts/application.html.erb (Duration: 15.7ms | Allocations: 4704)
Completed 200 OK in 20ms (Views: 18.1ms | ActiveRecord: 0.3ms | Allocations: 5599)


Started GET "/movies" for 127.0.0.1 at 2024-03-19 17:33:23 +0100
Processing by MoviesController#index as HTML
  Rendering layout layouts/application.html.erb
  Rendering movies/index.html.erb within layouts/application
  [1m[36mMovie Load (0.3ms)[0m  [1m[34mSELECT "movies".* FROM "movies"[0m
  ↳ app/views/movies/index.html.erb:17
  Rendered movies/index.html.erb within layouts/application (Duration: 9.8ms | Allocations: 2794)
  Rendered layout layouts/application.html.erb (Duration: 14.8ms | Allocations: 4230)
Completed 200 OK in 19ms (Views: 17.1ms | ActiveRecord: 0.3ms | Allocations: 5014)


Started GET "/movies" for 127.0.0.1 at 2024-03-19 17:33:27 +0100
Processing by MoviesController#index as HTML
  Rendering layout layouts/application.html.erb
  Rendering movies/index.html.erb within layouts/application
  [1m[36mMovie Load (0.3ms)[0m  [1m[34mSELECT "movies".* FROM "movies"[0m
  ↳ app/views/movies/index.html.erb:17
  Rendered movies/index.html.erb within layouts/application (Duration: 6.5ms | Allocations: 2523)
  Rendered layout layouts/application.html.erb (Duration: 9.2ms | Allocations: 3813)
Completed 200 OK in 11ms (Views: 9.7ms | ActiveRecord: 0.3ms | Allocations: 4071)


Started GET "/movies" for 127.0.0.1 at 2024-03-19 17:37:03 +0100
Processing by MoviesController#index as HTML
Completed 500 Internal Server Error in 1ms (Allocations: 590)


  
ArgumentError (The method .order() must contain arguments.):
  
app/controllers/movies_controller.rb:6:in `index'
Started GET "/movies" for 127.0.0.1 at 2024-03-19 17:42:47 +0100
Processing by MoviesController#index as HTML
  Rendering layout layouts/application.html.erb
  Rendering movies/index.html.erb within layouts/application
  [1m[35m (0.1ms)[0m  [1m[34mSELECT sqlite_version(*)[0m
  ↳ app/views/movies/index.html.erb:17
  [1m[36mMovie Load (0.4ms)[0m  [1m[34mSELECT "movies".* FROM "movies"[0m
  ↳ app/views/movies/index.html.erb:17
  Rendered movies/index.html.erb within layouts/application (Duration: 17.1ms | Allocations: 6594)
  Rendered layout layouts/application.html.erb (Duration: 20.2ms | Allocations: 7893)
Completed 200 OK in 23ms (Views: 21.6ms | ActiveRecord: 1.5ms | Allocations: 8426)


Started GET "/movies" for 127.0.0.1 at 2024-03-19 17:42:52 +0100
Processing by MoviesController#index as HTML
Completed 500 Internal Server Error in 3ms (Allocations: 583)


  
ArgumentError (The method .order() must contain arguments.):
  
app/controllers/movies_controller.rb:6:in `index'
Started GET "/movies" for 127.0.0.1 at 2024-03-19 17:42:57 +0100
Processing by MoviesController#index as HTML
Completed 500 Internal Server Error in 2ms (Allocations: 582)


  
ArgumentError (The method .order() must contain arguments.):
  
app/controllers/movies_controller.rb:6:in `index'
Started GET "/movies" for 127.0.0.1 at 2024-03-19 17:43:14 +0100
Processing by MoviesController#index as HTML
Completed 500 Internal Server Error in 9ms (Allocations: 2803)


  
NameError (undefined local variable or method `title' for #<MoviesController:0x00000000008818>):
  
app/controllers/movies_controller.rb:6:in `index'
Started GET "/movies" for 127.0.0.1 at 2024-03-19 17:43:22 +0100
Processing by MoviesController#index as HTML
  Rendering layout layouts/application.html.erb
  Rendering movies/index.html.erb within layouts/application
  [1m[35m (0.1ms)[0m  [1m[34mSELECT sqlite_version(*)[0m
  ↳ app/views/movies/index.html.erb:17
  [1m[36mMovie Load (0.3ms)[0m  [1m[34mSELECT "movies".* FROM "movies"[0m
  ↳ app/views/movies/index.html.erb:17
  Rendered movies/index.html.erb within layouts/application (Duration: 16.1ms | Allocations: 6515)
  Rendered layout layouts/application.html.erb (Duration: 19.5ms | Allocations: 7815)
Completed 200 OK in 22ms (Views: 20.6ms | ActiveRecord: 1.3ms | Allocations: 8359)


Started GET "/movies" for 127.0.0.1 at 2024-03-19 17:45:02 +0100
Processing by MoviesController#index as HTML
  Rendering layout layouts/application.html.erb
  Rendering movies/index.html.erb within layouts/application
  [1m[35m (0.1ms)[0m  [1m[34mSELECT sqlite_version(*)[0m
  ↳ app/views/movies/index.html.erb:17
  [1m[36mMovie Load (0.4ms)[0m  [1m[34mSELECT "movies".* FROM "movies"[0m
  ↳ app/views/movies/index.html.erb:17
  Rendered movies/index.html.erb within layouts/application (Duration: 17.0ms | Allocations: 6467)
  Rendered layout layouts/application.html.erb (Duration: 20.0ms | Allocations: 7758)
Completed 200 OK in 22ms (Views: 21.0ms | ActiveRecord: 1.6ms | Allocations: 8314)


Started GET "/movies" for 127.0.0.1 at 2024-03-19 17:45:04 +0100
Processing by MoviesController#index as HTML
  Rendering layout layouts/application.html.erb
  Rendering movies/index.html.erb within layouts/application
  [1m[36mMovie Load (0.3ms)[0m  [1m[34mSELECT "movies".* FROM "movies"[0m
  ↳ app/views/movies/index.html.erb:17
  Rendered movies/index.html.erb within layouts/application (Duration: 6.0ms | Allocations: 2505)
  Rendered layout layouts/application.html.erb (Duration: 8.7ms | Allocations: 3793)
Completed 200 OK in 11ms (Views: 9.6ms | ActiveRecord: 0.3ms | Allocations: 4055)


Started GET "/movies" for 127.0.0.1 at 2024-03-19 17:45:06 +0100
Processing by MoviesController#index as HTML
  Rendering layout layouts/application.html.erb
  Rendering movies/index.html.erb within layouts/application
  [1m[36mMovie Load (0.3ms)[0m  [1m[34mSELECT "movies".* FROM "movies"[0m
  ↳ app/views/movies/index.html.erb:17
  Rendered movies/index.html.erb within layouts/application (Duration: 6.4ms | Allocations: 2505)
  Rendered layout layouts/application.html.erb (Duration: 9.6ms | Allocations: 3801)
Completed 200 OK in 11ms (Views: 10.0ms | ActiveRecord: 0.3ms | Allocations: 4064)


Started GET "/movies" for 127.0.0.1 at 2024-03-19 17:45:09 +0100
Processing by MoviesController#index as HTML
  Rendering layout layouts/application.html.erb
  Rendering movies/index.html.erb within layouts/application
  [1m[36mMovie Load (0.2ms)[0m  [1m[34mSELECT "movies".* FROM "movies"[0m
  ↳ app/views/movies/index.html.erb:17
  Rendered movies/index.html.erb within layouts/application (Duration: 5.2ms | Allocations: 2505)
  Rendered layout layouts/application.html.erb (Duration: 7.5ms | Allocations: 3793)
Completed 200 OK in 9ms (Views: 7.9ms | ActiveRecord: 0.2ms | Allocations: 4055)


Started GET "/movies" for 127.0.0.1 at 2024-03-19 17:49:21 +0100
Processing by MoviesController#index as HTML
  Rendering layout layouts/application.html.erb
  Rendering movies/index.html.erb within layouts/application
  [1m[36mMovie Load (0.2ms)[0m  [1m[34mSELECT "movies".* FROM "movies"[0m
  ↳ app/views/movies/index.html.erb:17
  Rendered movies/index.html.erb within layouts/application (Duration: 8.0ms | Allocations: 2505)
  Rendered layout layouts/application.html.erb (Duration: 11.6ms | Allocations: 3793)
Completed 200 OK in 13ms (Views: 12.5ms | ActiveRecord: 0.2ms | Allocations: 4067)


Started GET "/movies" for 127.0.0.1 at 2024-03-19 17:49:59 +0100
Processing by MoviesController#index as HTML
  Rendering layout layouts/application.html.erb
  Rendering movies/index.html.erb within layouts/application
  [1m[36mMovie Load (0.3ms)[0m  [1m[34mSELECT "movies".* FROM "movies"[0m
  ↳ app/views/movies/index.html.erb:17
  Rendered movies/index.html.erb within layouts/application (Duration: 8.9ms | Allocations: 2837)
  Rendered layout layouts/application.html.erb (Duration: 13.4ms | Allocations: 4273)
Completed 200 OK in 17ms (Views: 15.2ms | ActiveRecord: 0.3ms | Allocations: 5088)


Started GET "/movies" for 127.0.0.1 at 2024-03-19 17:50:00 +0100
Processing by MoviesController#index as HTML
  Rendering layout layouts/application.html.erb
  Rendering movies/index.html.erb within layouts/application
  [1m[36mMovie Load (0.3ms)[0m  [1m[34mSELECT "movies".* FROM "movies"[0m
  ↳ app/views/movies/index.html.erb:17
  Rendered movies/index.html.erb within layouts/application (Duration: 7.9ms | Allocations: 2541)
  Rendered layout layouts/application.html.erb (Duration: 11.4ms | Allocations: 3829)
Completed 200 OK in 13ms (Views: 12.2ms | ActiveRecord: 0.3ms | Allocations: 4092)


Started GET "/" for 127.0.0.1 at 2024-03-19 18:05:18 +0100
  [1m[35m (0.6ms)[0m  [1m[34mSELECT sqlite_version(*)[0m
  [1m[35m (0.3ms)[0m  [1m[34mSELECT "schema_migrations"."version" FROM "schema_migrations" ORDER BY "schema_migrations"."version" ASC[0m
Started GET "/movies" for 127.0.0.1 at 2024-03-19 18:05:18 +0100
Processing by MoviesController#index as HTML
  Rendering layout layouts/application.html.erb
  Rendering movies/index.html.erb within layouts/application
  [1m[36mMovie Load (0.3ms)[0m  [1m[34mSELECT "movies".* FROM "movies"[0m
  ↳ app/views/movies/index.html.erb:17
  Rendered movies/index.html.erb within layouts/application (Duration: 21.5ms | Allocations: 10314)
  Rendered layout layouts/application.html.erb (Duration: 29.1ms | Allocations: 13265)
Completed 200 OK in 34ms (Views: 30.5ms | ActiveRecord: 1.1ms | Allocations: 14923)


Started GET "/movies?sort=title" for 127.0.0.1 at 2024-03-19 18:05:20 +0100
Processing by MoviesController#index as HTML
  Parameters: {"sort"=>"title"}
  Rendering layout layouts/application.html.erb
  Rendering movies/index.html.erb within layouts/application
  [1m[36mMovie Load (0.2ms)[0m  [1m[34mSELECT "movies".* FROM "movies"[0m
  ↳ app/views/movies/index.html.erb:17
  Rendered movies/index.html.erb within layouts/application (Duration: 5.9ms | Allocations: 2574)
  Rendered layout layouts/application.html.erb (Duration: 8.3ms | Allocations: 3864)
Completed 200 OK in 10ms (Views: 8.8ms | ActiveRecord: 0.2ms | Allocations: 4122)


Started GET "/movies?sort=title" for 127.0.0.1 at 2024-03-19 18:05:22 +0100
Processing by MoviesController#index as HTML
  Parameters: {"sort"=>"title"}
  Rendering layout layouts/application.html.erb
  Rendering movies/index.html.erb within layouts/application
  [1m[36mMovie Load (0.3ms)[0m  [1m[34mSELECT "movies".* FROM "movies"[0m
  ↳ app/views/movies/index.html.erb:17
  Rendered movies/index.html.erb within layouts/application (Duration: 8.1ms | Allocations: 2554)
  Rendered layout layouts/application.html.erb (Duration: 11.3ms | Allocations: 3842)
Completed 200 OK in 13ms (Views: 11.7ms | ActiveRecord: 0.3ms | Allocations: 4088)


Started GET "/movies?sort=title" for 127.0.0.1 at 2024-03-19 18:05:25 +0100
Processing by MoviesController#index as HTML
  Parameters: {"sort"=>"title"}
  Rendering layout layouts/application.html.erb
  Rendering movies/index.html.erb within layouts/application
  [1m[36mMovie Load (0.4ms)[0m  [1m[34mSELECT "movies".* FROM "movies"[0m
  ↳ app/views/movies/index.html.erb:17
  Rendered movies/index.html.erb within layouts/application (Duration: 8.5ms | Allocations: 2562)
  Rendered layout layouts/application.html.erb (Duration: 12.0ms | Allocations: 3852)
Completed 200 OK in 14ms (Views: 12.8ms | ActiveRecord: 0.4ms | Allocations: 4109)


Started GET "/movies?sort=title" for 127.0.0.1 at 2024-03-19 18:06:44 +0100
Processing by MoviesController#index as HTML
  Parameters: {"sort"=>"title"}
  Rendering layout layouts/application.html.erb
  Rendering movies/index.html.erb within layouts/application
  [1m[36mMovie Load (0.2ms)[0m  [1m[34mSELECT "movies".* FROM "movies"[0m
  ↳ app/views/movies/index.html.erb:17
  Rendered movies/index.html.erb within layouts/application (Duration: 7.4ms | Allocations: 2881)
  Rendered layout layouts/application.html.erb (Duration: 20.1ms | Allocations: 4318)
Completed 200 OK in 23ms (Views: 21.6ms | ActiveRecord: 0.2ms | Allocations: 5103)


Started GET "/movies?sort=title" for 127.0.0.1 at 2024-03-19 18:06:47 +0100
Processing by MoviesController#index as HTML
  Parameters: {"sort"=>"title"}
  Rendering layout layouts/application.html.erb
  Rendering movies/index.html.erb within layouts/application
  [1m[36mMovie Load (0.3ms)[0m  [1m[34mSELECT "movies".* FROM "movies"[0m
  ↳ app/views/movies/index.html.erb:17
  Rendered movies/index.html.erb within layouts/application (Duration: 9.5ms | Allocations: 2587)
  Rendered layout layouts/application.html.erb (Duration: 12.9ms | Allocations: 3875)
Completed 200 OK in 14ms (Views: 13.6ms | ActiveRecord: 0.3ms | Allocations: 4122)


Started GET "/movies?sort=rating" for 127.0.0.1 at 2024-03-19 18:06:48 +0100
Processing by MoviesController#index as HTML
  Parameters: {"sort"=>"rating"}
  Rendering layout layouts/application.html.erb
  Rendering movies/index.html.erb within layouts/application
  [1m[36mMovie Load (0.3ms)[0m  [1m[34mSELECT "movies".* FROM "movies"[0m
  ↳ app/views/movies/index.html.erb:17
  Rendered movies/index.html.erb within layouts/application (Duration: 8.0ms | Allocations: 2585)
  Rendered layout layouts/application.html.erb (Duration: 11.0ms | Allocations: 3875)
Completed 200 OK in 12ms (Views: 11.5ms | ActiveRecord: 0.3ms | Allocations: 4132)


Started GET "/movies?sort=rating" for 127.0.0.1 at 2024-03-19 18:11:54 +0100
Processing by MoviesController#index as HTML
  Parameters: {"sort"=>"rating"}
Completed 500 Internal Server Error in 5ms (Allocations: 2129)


  
NameError (uninitialized constant MoviesController::Movies):
  
app/controllers/movies_controller.rb:11:in `index'
Started GET "/movies?sort=rating" for 127.0.0.1 at 2024-03-19 18:12:19 +0100
Processing by MoviesController#index as HTML
  Parameters: {"sort"=>"rating"}
  Rendering layout layouts/application.html.erb
  Rendering movies/index.html.erb within layouts/application
  [1m[35m (0.1ms)[0m  [1m[34mSELECT sqlite_version(*)[0m
  ↳ app/views/movies/index.html.erb:17
  [1m[36mMovie Load (0.2ms)[0m  [1m[34mSELECT "movies".* FROM "movies"[0m
  ↳ app/views/movies/index.html.erb:17
  Rendered movies/index.html.erb within layouts/application (Duration: 17.2ms | Allocations: 7058)
  Rendered layout layouts/application.html.erb (Duration: 20.7ms | Allocations: 8615)
Completed 200 OK in 25ms (Views: 22.4ms | ActiveRecord: 1.2ms | Allocations: 9713)


Started GET "/movies?sort=title" for 127.0.0.1 at 2024-03-19 18:12:20 +0100
Processing by MoviesController#index as HTML
  Parameters: {"sort"=>"title"}
  Rendering layout layouts/application.html.erb
  Rendering movies/index.html.erb within layouts/application
  [1m[36mMovie Load (0.3ms)[0m  [1m[34mSELECT "movies".* FROM "movies" ORDER BY "movies"."title" ASC[0m
  ↳ app/views/movies/index.html.erb:17
  Rendered movies/index.html.erb within layouts/application (Duration: 8.2ms | Allocations: 2625)
  Rendered layout layouts/application.html.erb (Duration: 11.9ms | Allocations: 3913)
Completed 200 OK in 13ms (Views: 12.3ms | ActiveRecord: 0.3ms | Allocations: 4209)


Started GET "/movies?sort=r_date" for 127.0.0.1 at 2024-03-19 18:12:21 +0100
Processing by MoviesController#index as HTML
  Parameters: {"sort"=>"r_date"}
  Rendering layout layouts/application.html.erb
  Rendering movies/index.html.erb within layouts/application
  [1m[36mMovie Load (0.5ms)[0m  [1m[34mSELECT "movies".* FROM "movies" ORDER BY "movies"."release_date" ASC[0m
  ↳ app/views/movies/index.html.erb:17
  Rendered movies/index.html.erb within layouts/application (Duration: 9.2ms | Allocations: 2613)
  Rendered layout layouts/application.html.erb (Duration: 12.9ms | Allocations: 3901)
Completed 200 OK in 15ms (Views: 13.6ms | ActiveRecord: 0.5ms | Allocations: 4178)


Started GET "/movies?sort=r_date" for 127.0.0.1 at 2024-03-19 18:13:22 +0100
Processing by MoviesController#index as HTML
  Parameters: {"sort"=>"r_date"}
  Rendering layout layouts/application.html.erb
  Rendering movies/index.html.erb within layouts/application
  [1m[36mMovie Load (0.2ms)[0m  [1m[34mSELECT "movies".* FROM "movies" ORDER BY "movies"."release_date" ASC[0m
  ↳ app/views/movies/index.html.erb:17
  Rendered movies/index.html.erb within layouts/application (Duration: 6.6ms | Allocations: 2888)
  Rendered layout layouts/application.html.erb (Duration: 10.4ms | Allocations: 4332)
Completed 200 OK in 13ms (Views: 11.8ms | ActiveRecord: 0.2ms | Allocations: 5153)


Started GET "/" for 127.0.0.1 at 2024-03-19 18:35:26 +0100
  [1m[35m (0.7ms)[0m  [1m[34mSELECT sqlite_version(*)[0m
  [1m[35m (0.1ms)[0m  [1m[34mSELECT "schema_migrations"."version" FROM "schema_migrations" ORDER BY "schema_migrations"."version" ASC[0m
Started GET "/movies" for 127.0.0.1 at 2024-03-19 18:35:26 +0100
Processing by MoviesController#index as HTML
  Rendering layout layouts/application.html.erb
  Rendering movies/index.html.erb within layouts/application
  [1m[36mMovie Load (0.3ms)[0m  [1m[34mSELECT "movies".* FROM "movies"[0m
  ↳ app/views/movies/index.html.erb:17
  Rendered movies/index.html.erb within layouts/application (Duration: 30.2ms | Allocations: 6994)
  Rendered layout layouts/application.html.erb (Duration: 48.0ms | Allocations: 9930)
Completed 200 OK in 56ms (Views: 51.5ms | ActiveRecord: 1.3ms | Allocations: 11604)


Started GET "/movies?sort=title" for 127.0.0.1 at 2024-03-19 18:35:28 +0100
Processing by MoviesController#index as HTML
  Parameters: {"sort"=>"title"}
  Rendering layout layouts/application.html.erb
  Rendering movies/index.html.erb within layouts/application
  [1m[36mMovie Load (0.4ms)[0m  [1m[34mSELECT "movies".* FROM "movies" ORDER BY "movies"."title" ASC[0m
  ↳ app/views/movies/index.html.erb:17
  Rendered movies/index.html.erb within layouts/application (Duration: 16.8ms | Allocations: 2631)
  Rendered layout layouts/application.html.erb (Duration: 26.5ms | Allocations: 3921)
Completed 200 OK in 28ms (Views: 27.0ms | ActiveRecord: 0.4ms | Allocations: 4208)


Started GET "/movies?sort=title" for 127.0.0.1 at 2024-03-19 18:36:42 +0100
Processing by MoviesController#index as HTML
  Parameters: {"sort"=>"title"}
  Rendering layout layouts/application.html.erb
  Rendering movies/index.html.erb within layouts/application
  [1m[36mMovie Load (0.2ms)[0m  [1m[34mSELECT "movies".* FROM "movies" ORDER BY "movies"."title" ASC[0m
  ↳ app/views/movies/index.html.erb:17
  Rendered movies/index.html.erb within layouts/application (Duration: 6.2ms | Allocations: 2585)
  Rendered layout layouts/application.html.erb (Duration: 9.7ms | Allocations: 3881)
Completed 200 OK in 11ms (Views: 10.4ms | ActiveRecord: 0.2ms | Allocations: 4168)


Started GET "/movies?sort=title" for 127.0.0.1 at 2024-03-19 18:36:44 +0100
Processing by MoviesController#index as HTML
  Parameters: {"sort"=>"title"}
  Rendering layout layouts/application.html.erb
  Rendering movies/index.html.erb within layouts/application
  [1m[36mMovie Load (0.2ms)[0m  [1m[34mSELECT "movies".* FROM "movies" ORDER BY "movies"."title" ASC[0m
  ↳ app/views/movies/index.html.erb:17
  Rendered movies/index.html.erb within layouts/application (Duration: 5.1ms | Allocations: 2585)
  Rendered layout layouts/application.html.erb (Duration: 7.3ms | Allocations: 3875)
Completed 200 OK in 9ms (Views: 7.7ms | ActiveRecord: 0.2ms | Allocations: 4161)


Started GET "/movies?sort=r_date" for 127.0.0.1 at 2024-03-19 18:36:45 +0100
Processing by MoviesController#index as HTML
  Parameters: {"sort"=>"r_date"}
  Rendering layout layouts/application.html.erb
  Rendering movies/index.html.erb within layouts/application
  [1m[36mMovie Load (0.4ms)[0m  [1m[34mSELECT "movies".* FROM "movies" ORDER BY "movies"."release_date" ASC[0m
  ↳ app/views/movies/index.html.erb:17
  Rendered movies/index.html.erb within layouts/application (Duration: 5.8ms | Allocations: 2621)
  Rendered layout layouts/application.html.erb (Duration: 7.9ms | Allocations: 3911)
Completed 200 OK in 9ms (Views: 8.1ms | ActiveRecord: 0.4ms | Allocations: 4199)


Started GET "/" for 127.0.0.1 at 2024-03-20 21:51:55 +0100
  [1m[35m (0.6ms)[0m  [1m[34mSELECT sqlite_version(*)[0m
  [1m[35m (0.1ms)[0m  [1m[34mSELECT "schema_migrations"."version" FROM "schema_migrations" ORDER BY "schema_migrations"."version" ASC[0m
Started GET "/movies" for 127.0.0.1 at 2024-03-20 21:51:55 +0100
Processing by MoviesController#index as HTML
  Rendering layout layouts/application.html.erb
  Rendering movies/index.html.erb within layouts/application
  [1m[36mMovie Load (0.5ms)[0m  [1m[34mSELECT "movies".* FROM "movies"[0m
  ↳ app/views/movies/index.html.erb:17
  Rendered movies/index.html.erb within layouts/application (Duration: 30.0ms | Allocations: 6937)
  Rendered layout layouts/application.html.erb (Duration: 82.6ms | Allocations: 14981)
Completed 200 OK in 89ms (Views: 84.2ms | ActiveRecord: 1.3ms | Allocations: 16654)


Started GET "/movies?sort=title" for 127.0.0.1 at 2024-03-20 21:51:58 +0100
Processing by MoviesController#index as HTML
  Parameters: {"sort"=>"title"}
  Rendering layout layouts/application.html.erb
  Rendering movies/index.html.erb within layouts/application
  [1m[36mMovie Load (0.3ms)[0m  [1m[34mSELECT "movies".* FROM "movies" ORDER BY "movies"."title" ASC[0m
  ↳ app/views/movies/index.html.erb:17
  Rendered movies/index.html.erb within layouts/application (Duration: 5.8ms | Allocations: 2635)
  Rendered layout layouts/application.html.erb (Duration: 8.3ms | Allocations: 3929)
Completed 200 OK in 10ms (Views: 8.7ms | ActiveRecord: 0.3ms | Allocations: 4217)


Started GET "/movies?sort=title" for 127.0.0.1 at 2024-03-20 21:58:46 +0100
Processing by MoviesController#index as HTML
  Parameters: {"sort"=>"title"}
  [1m[35m (0.1ms)[0m  [1m[34mSELECT sqlite_version(*)[0m
  ↳ app/controllers/movies_controller.rb:7:in `index'
  Rendering layout layouts/application.html.erb
  Rendering movies/index.html.erb within layouts/application
  Rendered movies/index.html.erb within layouts/application (Duration: 9.7ms | Allocations: 4385)
  Rendered layout layouts/application.html.erb (Duration: 10.0ms | Allocations: 4450)
Completed 500 Internal Server Error in 16ms (ActiveRecord: 0.4ms | Allocations: 6355)


  
ActionView::Template::Error (undefined local variable or method `condition' for #<ActionView::Base:0x00000000005c58>
Did you mean?  @condition):
     5: <table>
     6:   <thead>
     7:     <tr>
     8:       <th <%= "hilite" if condition %>> <%=link_to 'Title', movies_path(sort: "title")%></th>
     9:       <th <%= "hilite" if condition %>> Rating</th>
    10:       <th <%= "hilite" if condition %>>Description</th>
    11:       <th <%= "hilite" if condition %>><%=link_to 'Realease date', movies_path(sort: "r_date")%></th>
  
app/views/movies/index.html.erb:8
Started GET "/movies?sort=title" for 127.0.0.1 at 2024-03-20 21:59:23 +0100
Processing by MoviesController#index as HTML
  Parameters: {"sort"=>"title"}
  Rendering layout layouts/application.html.erb
  Rendering movies/index.html.erb within layouts/application
  [1m[36mMovie Load (0.5ms)[0m  [1m[34mSELECT "movies".* FROM "movies" ORDER BY "movies"."title" ASC[0m
  ↳ app/views/movies/index.html.erb:17
  Rendered movies/index.html.erb within layouts/application (Duration: 19.2ms | Allocations: 5655)
  Rendered layout layouts/application.html.erb (Duration: 24.0ms | Allocations: 7215)
Completed 200 OK in 28ms (Views: 25.9ms | ActiveRecord: 0.5ms | Allocations: 8170)


Started GET "/movies?sort=title" for 127.0.0.1 at 2024-03-20 21:59:24 +0100
Processing by MoviesController#index as HTML
  Parameters: {"sort"=>"title"}
  Rendering layout layouts/application.html.erb
  Rendering movies/index.html.erb within layouts/application
  [1m[36mMovie Load (0.2ms)[0m  [1m[34mSELECT "movies".* FROM "movies" ORDER BY "movies"."title" ASC[0m
  ↳ app/views/movies/index.html.erb:17
  Rendered movies/index.html.erb within layouts/application (Duration: 8.5ms | Allocations: 2597)
  Rendered layout layouts/application.html.erb (Duration: 12.4ms | Allocations: 3888)
Completed 200 OK in 14ms (Views: 13.2ms | ActiveRecord: 0.2ms | Allocations: 4166)


Started GET "/movies?sort=r_date" for 127.0.0.1 at 2024-03-20 21:59:27 +0100
Processing by MoviesController#index as HTML
  Parameters: {"sort"=>"r_date"}
  Rendering layout layouts/application.html.erb
  Rendering movies/index.html.erb within layouts/application
  [1m[36mMovie Load (0.3ms)[0m  [1m[34mSELECT "movies".* FROM "movies" ORDER BY "movies"."release_date" ASC[0m
  ↳ app/views/movies/index.html.erb:17
  Rendered movies/index.html.erb within layouts/application (Duration: 6.2ms | Allocations: 2622)
  Rendered layout layouts/application.html.erb (Duration: 9.7ms | Allocations: 3911)
Completed 200 OK in 11ms (Views: 10.1ms | ActiveRecord: 0.3ms | Allocations: 4190)


Started GET "/movies?sort=title" for 127.0.0.1 at 2024-03-20 21:59:28 +0100
Processing by MoviesController#index as HTML
  Parameters: {"sort"=>"title"}
  Rendering layout layouts/application.html.erb
  Rendering movies/index.html.erb within layouts/application
  [1m[36mMovie Load (0.3ms)[0m  [1m[34mSELECT "movies".* FROM "movies" ORDER BY "movies"."title" ASC[0m
  ↳ app/views/movies/index.html.erb:17
  Rendered movies/index.html.erb within layouts/application (Duration: 15.1ms | Allocations: 2585)
  Rendered layout layouts/application.html.erb (Duration: 19.5ms | Allocations: 3881)
Completed 200 OK in 21ms (Views: 20.0ms | ActiveRecord: 0.3ms | Allocations: 4159)


Started GET "/movies?sort=title" for 127.0.0.1 at 2024-03-20 22:01:16 +0100
Processing by MoviesController#index as HTML
  Parameters: {"sort"=>"title"}
  Rendering layout layouts/application.html.erb
  Rendering movies/index.html.erb within layouts/application
  [1m[36mMovie Load (0.2ms)[0m  [1m[34mSELECT "movies".* FROM "movies" ORDER BY "movies"."title" ASC[0m
  ↳ app/views/movies/index.html.erb:17
  Rendered movies/index.html.erb within layouts/application (Duration: 7.9ms | Allocations: 2615)
  Rendered layout layouts/application.html.erb (Duration: 13.0ms | Allocations: 3905)
Completed 200 OK in 15ms (Views: 13.6ms | ActiveRecord: 0.2ms | Allocations: 4193)


Started GET "/movies?sort=title" for 127.0.0.1 at 2024-03-20 22:01:17 +0100
Processing by MoviesController#index as HTML
  Parameters: {"sort"=>"title"}
  Rendering layout layouts/application.html.erb
  Rendering movies/index.html.erb within layouts/application
  [1m[36mMovie Load (0.3ms)[0m  [1m[34mSELECT "movies".* FROM "movies" ORDER BY "movies"."title" ASC[0m
  ↳ app/views/movies/index.html.erb:17
  Rendered movies/index.html.erb within layouts/application (Duration: 8.7ms | Allocations: 2585)
  Rendered layout layouts/application.html.erb (Duration: 12.3ms | Allocations: 3873)
Completed 200 OK in 14ms (Views: 13.1ms | ActiveRecord: 0.3ms | Allocations: 4150)


Started GET "/movies?sort=title" for 127.0.0.1 at 2024-03-20 22:01:47 +0100
Processing by MoviesController#index as HTML
  Parameters: {"sort"=>"title"}
  Rendering layout layouts/application.html.erb
  Rendering movies/index.html.erb within layouts/application
  [1m[36mMovie Load (0.2ms)[0m  [1m[34mSELECT "movies".* FROM "movies" ORDER BY "movies"."title" ASC[0m
  ↳ app/views/movies/index.html.erb:17
  Rendered movies/index.html.erb within layouts/application (Duration: 6.5ms | Allocations: 2950)
  Rendered layout layouts/application.html.erb (Duration: 9.7ms | Allocations: 4386)
Completed 200 OK in 13ms (Views: 11.6ms | ActiveRecord: 0.2ms | Allocations: 5205)


Started GET "/movies?sort=title" for 127.0.0.1 at 2024-03-20 22:01:48 +0100
Processing by MoviesController#index as HTML
  Parameters: {"sort"=>"title"}
  Rendering layout layouts/application.html.erb
  Rendering movies/index.html.erb within layouts/application
  [1m[36mMovie Load (0.2ms)[0m  [1m[34mSELECT "movies".* FROM "movies" ORDER BY "movies"."title" ASC[0m
  ↳ app/views/movies/index.html.erb:17
  Rendered movies/index.html.erb within layouts/application (Duration: 6.1ms | Allocations: 2595)
  Rendered layout layouts/application.html.erb (Duration: 8.3ms | Allocations: 3883)
Completed 200 OK in 10ms (Views: 8.7ms | ActiveRecord: 0.2ms | Allocations: 4161)


Started GET "/movies?sort=r_date" for 127.0.0.1 at 2024-03-20 22:01:50 +0100
Processing by MoviesController#index as HTML
  Parameters: {"sort"=>"r_date"}
  Rendering layout layouts/application.html.erb
  Rendering movies/index.html.erb within layouts/application
  [1m[36mMovie Load (0.5ms)[0m  [1m[34mSELECT "movies".* FROM "movies" ORDER BY "movies"."release_date" ASC[0m
  ↳ app/views/movies/index.html.erb:17
  Rendered movies/index.html.erb within layouts/application (Duration: 8.7ms | Allocations: 2585)
  Rendered layout layouts/application.html.erb (Duration: 12.3ms | Allocations: 3873)
Completed 200 OK in 14ms (Views: 12.6ms | ActiveRecord: 0.5ms | Allocations: 4152)


Started GET "/movies?sort=title" for 127.0.0.1 at 2024-03-20 22:01:51 +0100
Processing by MoviesController#index as HTML
  Parameters: {"sort"=>"title"}
  Rendering layout layouts/application.html.erb
  Rendering movies/index.html.erb within layouts/application
  [1m[36mMovie Load (0.2ms)[0m  [1m[34mSELECT "movies".* FROM "movies" ORDER BY "movies"."title" ASC[0m
  ↳ app/views/movies/index.html.erb:17
  Rendered movies/index.html.erb within layouts/application (Duration: 5.2ms | Allocations: 2585)
  Rendered layout layouts/application.html.erb (Duration: 7.4ms | Allocations: 3873)
Completed 200 OK in 9ms (Views: 8.1ms | ActiveRecord: 0.2ms | Allocations: 4150)


Started GET "/movies?sort=title" for 127.0.0.1 at 2024-03-20 22:04:55 +0100
Processing by MoviesController#index as HTML
  Parameters: {"sort"=>"title"}
  Rendering layout layouts/application.html.erb
  Rendering movies/index.html.erb within layouts/application
  Rendered movies/index.html.erb within layouts/application (Duration: 7.1ms | Allocations: 4157)
  Rendered layout layouts/application.html.erb (Duration: 7.6ms | Allocations: 4221)
Completed 500 Internal Server Error in 11ms (ActiveRecord: 0.0ms | Allocations: 5036)


  
ActionView::Template::Error (undefined local variable or method `param' for #<ActionView::Base:0x00000000006568>
Did you mean?  params):
     5: <table>
     6:   <thead>
     7:     <tr>
     8:       <th <%= "hilite" if param[:sort] == 'title' %>> <%=link_to 'Title', movies_path(sort: "title")%></th>
     9:       <th <%= "hilite" if @condition %>> Rating</th>
    10:       <th <%= "hilite" if @condition %>>Description</th>
    11:       <th <%= "hilite" if @condition %>><%=link_to 'Realease date', movies_path(sort: "r_date")%></th>
  
app/views/movies/index.html.erb:8
Started GET "/movies?sort=title" for 127.0.0.1 at 2024-03-20 22:05:26 +0100
Processing by MoviesController#index as HTML
  Parameters: {"sort"=>"title"}
  Rendering layout layouts/application.html.erb
  Rendering movies/index.html.erb within layouts/application
  [1m[36mMovie Load (0.2ms)[0m  [1m[34mSELECT "movies".* FROM "movies" ORDER BY "movies"."title" ASC[0m
  ↳ app/views/movies/index.html.erb:17
  Rendered movies/index.html.erb within layouts/application (Duration: 6.8ms | Allocations: 2952)
  Rendered layout layouts/application.html.erb (Duration: 9.8ms | Allocations: 4396)
Completed 200 OK in 12ms (Views: 11.1ms | ActiveRecord: 0.2ms | Allocations: 5214)


Started GET "/movies?sort=title" for 127.0.0.1 at 2024-03-20 22:05:27 +0100
Processing by MoviesController#index as HTML
  Parameters: {"sort"=>"title"}
  Rendering layout layouts/application.html.erb
  Rendering movies/index.html.erb within layouts/application
  [1m[36mMovie Load (0.2ms)[0m  [1m[34mSELECT "movies".* FROM "movies" ORDER BY "movies"."title" ASC[0m
  ↳ app/views/movies/index.html.erb:17
  Rendered movies/index.html.erb within layouts/application (Duration: 8.2ms | Allocations: 2598)
  Rendered layout layouts/application.html.erb (Duration: 11.6ms | Allocations: 3886)
Completed 200 OK in 13ms (Views: 12.1ms | ActiveRecord: 0.2ms | Allocations: 4164)


Started GET "/movies?sort=title" for 127.0.0.1 at 2024-03-20 22:05:30 +0100
Processing by MoviesController#index as HTML
  Parameters: {"sort"=>"title"}
  Rendering layout layouts/application.html.erb
  Rendering movies/index.html.erb within layouts/application
  [1m[36mMovie Load (0.3ms)[0m  [1m[34mSELECT "movies".* FROM "movies" ORDER BY "movies"."title" ASC[0m
  ↳ app/views/movies/index.html.erb:17
  Rendered movies/index.html.erb within layouts/application (Duration: 8.2ms | Allocations: 2588)
  Rendered layout layouts/application.html.erb (Duration: 11.6ms | Allocations: 3876)
Completed 200 OK in 13ms (Views: 12.1ms | ActiveRecord: 0.3ms | Allocations: 4153)


Started GET "/movies?sort=title" for 127.0.0.1 at 2024-03-20 22:05:54 +0100
Processing by MoviesController#index as HTML
  Parameters: {"sort"=>"title"}
  Rendering layout layouts/application.html.erb
  Rendering movies/index.html.erb within layouts/application
  [1m[36mMovie Load (0.2ms)[0m  [1m[34mSELECT "movies".* FROM "movies" ORDER BY "movies"."title" ASC[0m
  ↳ app/views/movies/index.html.erb:17
  Rendered movies/index.html.erb within layouts/application (Duration: 12.0ms | Allocations: 2955)
  Rendered layout layouts/application.html.erb (Duration: 16.8ms | Allocations: 4391)
Completed 200 OK in 21ms (Views: 19.2ms | ActiveRecord: 0.2ms | Allocations: 5229)


Started GET "/movies?sort=r_date" for 127.0.0.1 at 2024-03-20 22:05:55 +0100
Processing by MoviesController#index as HTML
  Parameters: {"sort"=>"r_date"}
  Rendering layout layouts/application.html.erb
  Rendering movies/index.html.erb within layouts/application
  [1m[36mMovie Load (0.2ms)[0m  [1m[34mSELECT "movies".* FROM "movies" ORDER BY "movies"."release_date" ASC[0m
  ↳ app/views/movies/index.html.erb:17
  Rendered movies/index.html.erb within layouts/application (Duration: 5.6ms | Allocations: 2599)
  Rendered layout layouts/application.html.erb (Duration: 8.7ms | Allocations: 3887)
Completed 200 OK in 10ms (Views: 9.2ms | ActiveRecord: 0.2ms | Allocations: 4167)


Started GET "/movies?sort=r_date" for 127.0.0.1 at 2024-03-20 22:05:56 +0100
Processing by MoviesController#index as HTML
  Parameters: {"sort"=>"r_date"}
  Rendering layout layouts/application.html.erb
  Rendering movies/index.html.erb within layouts/application
  [1m[36mMovie Load (0.2ms)[0m  [1m[34mSELECT "movies".* FROM "movies" ORDER BY "movies"."release_date" ASC[0m
  ↳ app/views/movies/index.html.erb:17
  Rendered movies/index.html.erb within layouts/application (Duration: 5.6ms | Allocations: 2589)
  Rendered layout layouts/application.html.erb (Duration: 7.9ms | Allocations: 3877)
Completed 200 OK in 9ms (Views: 8.2ms | ActiveRecord: 0.2ms | Allocations: 4156)


Started GET "/movies?sort=title" for 127.0.0.1 at 2024-03-20 22:05:57 +0100
Processing by MoviesController#index as HTML
  Parameters: {"sort"=>"title"}
  Rendering layout layouts/application.html.erb
  Rendering movies/index.html.erb within layouts/application
  [1m[36mMovie Load (0.2ms)[0m  [1m[34mSELECT "movies".* FROM "movies" ORDER BY "movies"."title" ASC[0m
  ↳ app/views/movies/index.html.erb:17
  Rendered movies/index.html.erb within layouts/application (Duration: 5.9ms | Allocations: 2589)
  Rendered layout layouts/application.html.erb (Duration: 8.3ms | Allocations: 3877)
Completed 200 OK in 10ms (Views: 8.8ms | ActiveRecord: 0.2ms | Allocations: 4154)


Started GET "/movies?sort=title" for 127.0.0.1 at 2024-03-20 22:06:29 +0100
Processing by MoviesController#index as HTML
  Parameters: {"sort"=>"title"}
  Rendering layout layouts/application.html.erb
  Rendering movies/index.html.erb within layouts/application
  [1m[36mMovie Load (0.2ms)[0m  [1m[34mSELECT "movies".* FROM "movies" ORDER BY "movies"."title" ASC[0m
  ↳ app/views/movies/index.html.erb:17
  Rendered movies/index.html.erb within layouts/application (Duration: 8.2ms | Allocations: 2923)
  Rendered layout layouts/application.html.erb (Duration: 11.7ms | Allocations: 4359)
Completed 200 OK in 18ms (Views: 13.9ms | ActiveRecord: 0.2ms | Allocations: 5196)


Started GET "/movies?sort=title" for 127.0.0.1 at 2024-03-20 22:06:30 +0100
Processing by MoviesController#index as HTML
  Parameters: {"sort"=>"title"}
  Rendering layout layouts/application.html.erb
  Rendering movies/index.html.erb within layouts/application
  [1m[36mMovie Load (0.2ms)[0m  [1m[34mSELECT "movies".* FROM "movies" ORDER BY "movies"."title" ASC[0m
  ↳ app/views/movies/index.html.erb:17
  Rendered movies/index.html.erb within layouts/application (Duration: 5.9ms | Allocations: 2595)
  Rendered layout layouts/application.html.erb (Duration: 8.5ms | Allocations: 3883)
Completed 200 OK in 10ms (Views: 9.1ms | ActiveRecord: 0.2ms | Allocations: 4161)


Started GET "/movies?sort=r_date" for 127.0.0.1 at 2024-03-20 22:06:32 +0100
Processing by MoviesController#index as HTML
  Parameters: {"sort"=>"r_date"}
  Rendering layout layouts/application.html.erb
  Rendering movies/index.html.erb within layouts/application
  [1m[36mMovie Load (0.3ms)[0m  [1m[34mSELECT "movies".* FROM "movies" ORDER BY "movies"."release_date" ASC[0m
  ↳ app/views/movies/index.html.erb:17
  Rendered movies/index.html.erb within layouts/application (Duration: 9.1ms | Allocations: 2585)
  Rendered layout layouts/application.html.erb (Duration: 12.9ms | Allocations: 3873)
Completed 200 OK in 14ms (Views: 13.5ms | ActiveRecord: 0.3ms | Allocations: 4152)


Started GET "/movies?sort=r_date" for 127.0.0.1 at 2024-03-20 22:07:02 +0100
Processing by MoviesController#index as HTML
  Parameters: {"sort"=>"r_date"}
  Rendering layout layouts/application.html.erb
  Rendering movies/index.html.erb within layouts/application
  [1m[36mMovie Load (0.3ms)[0m  [1m[34mSELECT "movies".* FROM "movies" ORDER BY "movies"."release_date" ASC[0m
  ↳ app/views/movies/index.html.erb:17
  Rendered movies/index.html.erb within layouts/application (Duration: 9.7ms | Allocations: 2919)
  Rendered layout layouts/application.html.erb (Duration: 13.6ms | Allocations: 4363)
Completed 200 OK in 17ms (Views: 15.3ms | ActiveRecord: 0.3ms | Allocations: 5184)


Started GET "/movies?sort=title" for 127.0.0.1 at 2024-03-20 22:07:03 +0100
Processing by MoviesController#index as HTML
  Parameters: {"sort"=>"title"}
  Rendering layout layouts/application.html.erb
  Rendering movies/index.html.erb within layouts/application
  [1m[36mMovie Load (0.4ms)[0m  [1m[34mSELECT "movies".* FROM "movies" ORDER BY "movies"."title" ASC[0m
  ↳ app/views/movies/index.html.erb:17
  Rendered movies/index.html.erb within layouts/application (Duration: 8.3ms | Allocations: 2591)
  Rendered layout layouts/application.html.erb (Duration: 12.0ms | Allocations: 3879)
Completed 200 OK in 14ms (Views: 12.5ms | ActiveRecord: 0.4ms | Allocations: 4157)


Started GET "/movies?sort=r_date" for 127.0.0.1 at 2024-03-20 22:07:05 +0100
Processing by MoviesController#index as HTML
  Parameters: {"sort"=>"r_date"}
  Rendering layout layouts/application.html.erb
  Rendering movies/index.html.erb within layouts/application
  [1m[36mMovie Load (0.3ms)[0m  [1m[34mSELECT "movies".* FROM "movies" ORDER BY "movies"."release_date" ASC[0m
  ↳ app/views/movies/index.html.erb:17
  Rendered movies/index.html.erb within layouts/application (Duration: 8.7ms | Allocations: 2581)
  Rendered layout layouts/application.html.erb (Duration: 12.2ms | Allocations: 3877)
Completed 200 OK in 14ms (Views: 13.0ms | ActiveRecord: 0.3ms | Allocations: 4156)


Started GET "/movies?sort=r_date" for 127.0.0.1 at 2024-03-20 22:07:24 +0100
Processing by MoviesController#index as HTML
  Parameters: {"sort"=>"r_date"}
  Rendering layout layouts/application.html.erb
  Rendering movies/index.html.erb within layouts/application
  [1m[36mMovie Load (0.4ms)[0m  [1m[34mSELECT "movies".* FROM "movies" ORDER BY "movies"."release_date" ASC[0m
  ↳ app/views/movies/index.html.erb:17
  Rendered movies/index.html.erb within layouts/application (Duration: 10.1ms | Allocations: 2884)
  Rendered layout layouts/application.html.erb (Duration: 14.4ms | Allocations: 4320)
Completed 200 OK in 19ms (Views: 16.8ms | ActiveRecord: 0.4ms | Allocations: 5140)


Started GET "/movies?sort=title" for 127.0.0.1 at 2024-03-20 22:07:25 +0100
Processing by MoviesController#index as HTML
  Parameters: {"sort"=>"title"}
  Rendering layout layouts/application.html.erb
  Rendering movies/index.html.erb within layouts/application
  [1m[36mMovie Load (0.2ms)[0m  [1m[34mSELECT "movies".* FROM "movies" ORDER BY "movies"."title" ASC[0m
  ↳ app/views/movies/index.html.erb:17
  Rendered movies/index.html.erb within layouts/application (Duration: 5.7ms | Allocations: 2587)
  Rendered layout layouts/application.html.erb (Duration: 8.1ms | Allocations: 3875)
Completed 200 OK in 9ms (Views: 8.6ms | ActiveRecord: 0.2ms | Allocations: 4153)


Started GET "/movies?sort=r_date" for 127.0.0.1 at 2024-03-20 22:07:26 +0100
Processing by MoviesController#index as HTML
  Parameters: {"sort"=>"r_date"}
  Rendering layout layouts/application.html.erb
  Rendering movies/index.html.erb within layouts/application
  [1m[36mMovie Load (0.3ms)[0m  [1m[34mSELECT "movies".* FROM "movies" ORDER BY "movies"."release_date" ASC[0m
  ↳ app/views/movies/index.html.erb:17
  Rendered movies/index.html.erb within layouts/application (Duration: 8.1ms | Allocations: 2577)
  Rendered layout layouts/application.html.erb (Duration: 11.7ms | Allocations: 3865)
Completed 200 OK in 13ms (Views: 12.2ms | ActiveRecord: 0.3ms | Allocations: 4144)


Started GET "/movies?sort=r_date" for 127.0.0.1 at 2024-03-20 22:11:38 +0100
Processing by MoviesController#index as HTML
  Parameters: {"sort"=>"r_date"}
  [1m[35m (0.1ms)[0m  [1m[34mSELECT sqlite_version(*)[0m
  ↳ app/controllers/movies_controller.rb:10:in `index'
  Rendering layout layouts/application.html.erb
  Rendering movies/index.html.erb within layouts/application
  [1m[36mMovie Load (0.3ms)[0m  [1m[34mSELECT "movies".* FROM "movies" ORDER BY "movies"."release_date" ASC[0m
  ↳ app/views/movies/index.html.erb:17
  Rendered movies/index.html.erb within layouts/application (Duration: 12.4ms | Allocations: 5686)
  Rendered layout layouts/application.html.erb (Duration: 15.3ms | Allocations: 7122)
Completed 200 OK in 22ms (Views: 16.3ms | ActiveRecord: 1.2ms | Allocations: 9367)


Started GET "/movies?sort=title" for 127.0.0.1 at 2024-03-20 22:11:39 +0100
Processing by MoviesController#index as HTML
  Parameters: {"sort"=>"title"}
  Rendering layout layouts/application.html.erb
  Rendering movies/index.html.erb within layouts/application
  [1m[36mMovie Load (0.3ms)[0m  [1m[34mSELECT "movies".* FROM "movies" ORDER BY "movies"."title" ASC[0m
  ↳ app/views/movies/index.html.erb:17
  Rendered movies/index.html.erb within layouts/application (Duration: 5.6ms | Allocations: 2634)
  Rendered layout layouts/application.html.erb (Duration: 7.8ms | Allocations: 3922)
Completed 200 OK in 9ms (Views: 8.1ms | ActiveRecord: 0.3ms | Allocations: 4201)


Started GET "/movies?sort=title" for 127.0.0.1 at 2024-03-20 22:12:16 +0100
Processing by MoviesController#index as HTML
  Parameters: {"sort"=>"title"}
  [1m[35m (0.1ms)[0m  [1m[34mSELECT sqlite_version(*)[0m
  ↳ app/controllers/movies_controller.rb:7:in `index'
  Rendering layout layouts/application.html.erb
  Rendering movies/index.html.erb within layouts/application
  [1m[36mMovie Load (0.3ms)[0m  [1m[34mSELECT "movies".* FROM "movies" ORDER BY "movies"."title" ASC[0m
  ↳ app/views/movies/index.html.erb:17
  Rendered movies/index.html.erb within layouts/application (Duration: 21.5ms | Allocations: 5644)
  Rendered layout layouts/application.html.erb (Duration: 25.2ms | Allocations: 7093)
Completed 200 OK in 34ms (Views: 26.2ms | ActiveRecord: 1.6ms | Allocations: 9263)


Started GET "/movies?sort=title" for 127.0.0.1 at 2024-03-20 22:12:17 +0100
Processing by MoviesController#index as HTML
  Parameters: {"sort"=>"title"}
  Rendering layout layouts/application.html.erb
  Rendering movies/index.html.erb within layouts/application
  [1m[36mMovie Load (0.2ms)[0m  [1m[34mSELECT "movies".* FROM "movies" ORDER BY "movies"."title" ASC[0m
  ↳ app/views/movies/index.html.erb:17
  Rendered movies/index.html.erb within layouts/application (Duration: 5.3ms | Allocations: 2601)
  Rendered layout layouts/application.html.erb (Duration: 7.9ms | Allocations: 3897)
Completed 200 OK in 9ms (Views: 8.3ms | ActiveRecord: 0.2ms | Allocations: 4176)


Started GET "/movies?sort=title" for 127.0.0.1 at 2024-03-20 22:14:28 +0100
Processing by MoviesController#index as HTML
  Parameters: {"sort"=>"title"}
  Rendering layout layouts/application.html.erb
  Rendering movies/index.html.erb within layouts/application
  [1m[36mMovie Load (0.3ms)[0m  [1m[34mSELECT "movies".* FROM "movies" ORDER BY "movies"."title" ASC[0m
  ↳ app/views/movies/index.html.erb:17
  Rendered movies/index.html.erb within layouts/application (Duration: 9.2ms | Allocations: 2923)
  Rendered layout layouts/application.html.erb (Duration: 13.6ms | Allocations: 4367)
Completed 200 OK in 18ms (Views: 15.6ms | ActiveRecord: 0.3ms | Allocations: 5185)


Started GET "/movies?sort=title" for 127.0.0.1 at 2024-03-20 22:14:29 +0100
Processing by MoviesController#index as HTML
  Parameters: {"sort"=>"title"}
  Rendering layout layouts/application.html.erb
  Rendering movies/index.html.erb within layouts/application
  [1m[36mMovie Load (0.3ms)[0m  [1m[34mSELECT "movies".* FROM "movies" ORDER BY "movies"."title" ASC[0m
  ↳ app/views/movies/index.html.erb:17
  Rendered movies/index.html.erb within layouts/application (Duration: 7.9ms | Allocations: 2595)
  Rendered layout layouts/application.html.erb (Duration: 10.9ms | Allocations: 3883)
Completed 200 OK in 13ms (Views: 11.5ms | ActiveRecord: 0.3ms | Allocations: 4161)


Started GET "/movies?sort=r_date" for 127.0.0.1 at 2024-03-20 22:14:30 +0100
Processing by MoviesController#index as HTML
  Parameters: {"sort"=>"r_date"}
  Rendering layout layouts/application.html.erb
  Rendering movies/index.html.erb within layouts/application
  [1m[36mMovie Load (0.3ms)[0m  [1m[34mSELECT "movies".* FROM "movies" ORDER BY "movies"."release_date" ASC[0m
  ↳ app/views/movies/index.html.erb:17
  Rendered movies/index.html.erb within layouts/application (Duration: 5.7ms | Allocations: 2618)
  Rendered layout layouts/application.html.erb (Duration: 8.3ms | Allocations: 3906)
Completed 200 OK in 10ms (Views: 8.9ms | ActiveRecord: 0.3ms | Allocations: 4186)


Started GET "/movies?sort=r_date" for 127.0.0.1 at 2024-03-20 22:16:44 +0100
Processing by MoviesController#index as HTML
  Parameters: {"sort"=>"r_date"}
  Rendering layout layouts/application.html.erb
  Rendering movies/index.html.erb within layouts/application
  [1m[36mMovie Load (0.3ms)[0m  [1m[34mSELECT "movies".* FROM "movies" ORDER BY "movies"."release_date" ASC[0m
  ↳ app/views/movies/index.html.erb:17
  Rendered movies/index.html.erb within layouts/application (Duration: 11.3ms | Allocations: 2923)
  Rendered layout layouts/application.html.erb (Duration: 15.5ms | Allocations: 4359)
Completed 200 OK in 21ms (Views: 17.7ms | ActiveRecord: 0.3ms | Allocations: 5179)


Started GET "/movies?sort=title" for 127.0.0.1 at 2024-03-20 22:16:45 +0100
Processing by MoviesController#index as HTML
  Parameters: {"sort"=>"title"}
  Rendering layout layouts/application.html.erb
  Rendering movies/index.html.erb within layouts/application
  [1m[36mMovie Load (0.2ms)[0m  [1m[34mSELECT "movies".* FROM "movies" ORDER BY "movies"."title" ASC[0m
  ↳ app/views/movies/index.html.erb:17
  Rendered movies/index.html.erb within layouts/application (Duration: 7.8ms | Allocations: 2595)
  Rendered layout layouts/application.html.erb (Duration: 12.1ms | Allocations: 3886)
Completed 200 OK in 14ms (Views: 12.6ms | ActiveRecord: 0.2ms | Allocations: 4164)


Started GET "/movies?sort=r_date" for 127.0.0.1 at 2024-03-20 22:16:46 +0100
Processing by MoviesController#index as HTML
  Parameters: {"sort"=>"r_date"}
  Rendering layout layouts/application.html.erb
  Rendering movies/index.html.erb within layouts/application
  [1m[36mMovie Load (0.3ms)[0m  [1m[34mSELECT "movies".* FROM "movies" ORDER BY "movies"."release_date" ASC[0m
  ↳ app/views/movies/index.html.erb:17
  Rendered movies/index.html.erb within layouts/application (Duration: 8.3ms | Allocations: 2585)
  Rendered layout layouts/application.html.erb (Duration: 11.5ms | Allocations: 3873)
Completed 200 OK in 13ms (Views: 12.1ms | ActiveRecord: 0.3ms | Allocations: 4152)


Started GET "/movies?sort=r_date" for 127.0.0.1 at 2024-03-20 22:18:05 +0100
Processing by MoviesController#index as HTML
  Parameters: {"sort"=>"r_date"}
  [1m[35m (0.1ms)[0m  [1m[34mSELECT sqlite_version(*)[0m
  ↳ app/controllers/movies_controller.rb:9:in `index'
  Rendering layout layouts/application.html.erb
  Rendering movies/index.html.erb within layouts/application
  [1m[36mMovie Load (0.3ms)[0m  [1m[34mSELECT "movies".* FROM "movies" ORDER BY "movies"."release_date" ASC[0m
  ↳ app/views/movies/index.html.erb:17
  Rendered movies/index.html.erb within layouts/application (Duration: 11.4ms | Allocations: 5315)
  Rendered layout layouts/application.html.erb (Duration: 14.2ms | Allocations: 6606)
Completed 200 OK in 21ms (Views: 15.1ms | ActiveRecord: 1.4ms | Allocations: 8350)


Started GET "/movies?sort=title" for 127.0.0.1 at 2024-03-20 22:18:06 +0100
Processing by MoviesController#index as HTML
  Parameters: {"sort"=>"title"}
  Rendering layout layouts/application.html.erb
  Rendering movies/index.html.erb within layouts/application
  [1m[36mMovie Load (0.3ms)[0m  [1m[34mSELECT "movies".* FROM "movies" ORDER BY "movies"."title" ASC[0m
  ↳ app/views/movies/index.html.erb:17
  Rendered movies/index.html.erb within layouts/application (Duration: 5.4ms | Allocations: 2618)
  Rendered layout layouts/application.html.erb (Duration: 8.1ms | Allocations: 3906)
Completed 200 OK in 9ms (Views: 8.4ms | ActiveRecord: 0.3ms | Allocations: 4181)


Started GET "/movies?sort=r_date" for 127.0.0.1 at 2024-03-20 22:18:07 +0100
Processing by MoviesController#index as HTML
  Parameters: {"sort"=>"r_date"}
  Rendering layout layouts/application.html.erb
  Rendering movies/index.html.erb within layouts/application
  [1m[36mMovie Load (0.2ms)[0m  [1m[34mSELECT "movies".* FROM "movies" ORDER BY "movies"."release_date" ASC[0m
  ↳ app/views/movies/index.html.erb:17
  Rendered movies/index.html.erb within layouts/application (Duration: 5.2ms | Allocations: 2585)
  Rendered layout layouts/application.html.erb (Duration: 7.4ms | Allocations: 3881)
Completed 200 OK in 9ms (Views: 7.8ms | ActiveRecord: 0.2ms | Allocations: 4159)


Started GET "/movies?sort=r_date" for 127.0.0.1 at 2024-03-20 22:26:38 +0100
Processing by MoviesController#index as HTML
  Parameters: {"sort"=>"r_date"}
  [1m[35m (0.1ms)[0m  [1m[34mSELECT sqlite_version(*)[0m
  ↳ app/controllers/movies_controller.rb:10:in `index'
  Rendering layout layouts/application.html.erb
  Rendering movies/index.html.erb within layouts/application
  Rendered movies/index.html.erb within layouts/application (Duration: 2.4ms | Allocations: 1242)
  Rendered layout layouts/application.html.erb (Duration: 3.2ms | Allocations: 1307)
Completed 500 Internal Server Error in 12ms (ActiveRecord: 0.5ms | Allocations: 3196)


  
ActionView::SyntaxErrorInTemplate (Encountered a syntax error while rendering template: check <p id="notice"><%= notice %></p>

<h1>Movies</h1>

<table>
  <thead>
    <tr>
      <th <%= :class=>@title_header, :id=> "title_header" %>> <%=link_to 'Title', movies_path(sort: "title")%></th>
      <th>Rating</th>
      <th>Description</th>
      <th <%=:class=>@release_header, :id=> "r_date" %>> <%=link_to 'Realease date', movies_path(sort: "r_date")%></th>
      <th colspan="3"></th>
    </tr>
  </thead>

  <tbody>
    <% @movies.each do |movie| %>
      <tr>
        <td><%= movie.title %></td>
        <td><%= movie.rating %></td>
        <td><%= movie.description %></td>
        <td><%= movie.release_date %></td>
        <td><%= link_to 'Show', movie %></td>
        <td><%= link_to 'Edit', edit_movie_path(movie) %></td>
        <td><%= link_to 'Destroy', movie, method: :delete, data: { confirm: 'Are you sure?' } %></td>
      </tr>
    <% end %>
  </tbody>
</table>

<br>

<%= link_to 'New Movie', new_movie_path %>

):
1:    <p id="notice"><%= notice %></p>
2:    
3:    <h1>Movies</h1>
4:    
5:    <table>
6:      <thead>
7:        <tr>
8:          <th <%= :class=>@title_header, :id=> "title_header" %>> <%=link_to 'Title', movies_path(sort: "title")%></th>
9:          <th>Rating</th>
10:          <th>Description</th>
11:          <th <%=:class=>@release_header, :id=> "r_date" %>> <%=link_to 'Realease date', movies_path(sort: "r_date")%></th>
12:          <th colspan="3"></th>
13:        </tr>
14:      </thead>
15:    
16:      <tbody>
17:        <% @movies.each do |movie| %>
18:          <tr>
19:            <td><%= movie.title %></td>
20:            <td><%= movie.rating %></td>
21:            <td><%= movie.description %></td>
22:            <td><%= movie.release_date %></td>
23:            <td><%= link_to 'Show', movie %></td>
24:            <td><%= link_to 'Edit', edit_movie_path(movie) %></td>
25:            <td><%= link_to 'Destroy', movie, method: :delete, data: { confirm: 'Are you sure?' } %></td>
26:          </tr>
27:        <% end %>
28:      </tbody>
29:    </table>
30:    
31:    <br>
32:    
33:    <%= link_to 'New Movie', new_movie_path %>
  
app/views/movies/index.html.erb:8: syntax error, unexpected =>, expecting ')'
app/views/movies/index.html.erb:8: syntax error, unexpected =>, expecting '.' or &. or :: or '['
app/views/movies/index.html.erb:11: syntax error, unexpected =>, expecting ')'
app/views/movies/index.html.erb:11: syntax error, unexpected =>, expecting '.' or &. or :: or '['
app/views/movies/index.html.erb:8: syntax error, unexpected =>, expecting ')'
app/views/movies/index.html.erb:8: syntax error, unexpected =>, expecting '.' or &. or :: or '['
app/views/movies/index.html.erb:11: syntax error, unexpected =>, expecting ')'
app/views/movies/index.html.erb:11: syntax error, unexpected =>, expecting '.' or &. or :: or '['
app/views/movies/index.html.erb:8: syntax error, unexpected =>, expecting ')'
app/views/movies/index.html.erb:8: syntax error, unexpected =>, expecting '.' or &. or :: or '['
app/views/movies/index.html.erb:11: syntax error, unexpected =>, expecting ')'
app/views/movies/index.html.erb:11: syntax error, unexpected =>, expecting '.' or &. or :: or '['
app/views/movies/index.html.erb:8: syntax error, unexpected =>, expecting ')'
app/views/movies/index.html.erb:8: syntax error, unexpected =>, expecting '.' or &. or :: or '['
app/views/movies/index.html.erb:11: syntax error, unexpected =>, expecting ')'
app/views/movies/index.html.erb:11: syntax error, unexpected =>, expecting '.' or &. or :: or '['
app/views/movies/index.html.erb:8: syntax error, unexpected =>, expecting ')'
app/views/movies/index.html.erb:8: syntax error, unexpected =>, expecting '.' or &. or :: or '['
app/views/movies/index.html.erb:11: syntax error, unexpected =>, expecting ')'
app/views/movies/index.html.erb:11: syntax error, unexpected =>, expecting '.' or &. or :: or '['
app/views/movies/index.html.erb:8: syntax error, unexpected =>, expecting ')'
app/views/movies/index.html.erb:8: syntax error, unexpected =>, expecting '.' or &. or :: or '['
app/views/movies/index.html.erb:11: syntax error, unexpected =>, expecting ')'
app/views/movies/index.html.erb:11: syntax error, unexpected =>, expecting '.' or &. or :: or '['
Started GET "/movies?sort=r_date" for 127.0.0.1 at 2024-03-20 22:27:05 +0100
Processing by MoviesController#index as HTML
  Parameters: {"sort"=>"r_date"}
  Rendering layout layouts/application.html.erb
  Rendering movies/index.html.erb within layouts/application
  Rendered movies/index.html.erb within layouts/application (Duration: 1.6ms | Allocations: 1263)
  Rendered layout layouts/application.html.erb (Duration: 1.8ms | Allocations: 1328)
Completed 500 Internal Server Error in 3ms (ActiveRecord: 0.0ms | Allocations: 1582)


  
ActionView::SyntaxErrorInTemplate (Encountered a syntax error while rendering template: check <p id="notice"><%= notice %></p>

<h1>Movies</h1>

<table>
  <thead>
    <tr>
      <th <%= :class=>@title_header, :id=> "title_header" %>> <%=link_to 'Title', movies_path(sort: "title")%></th>
      <th>Rating</th>
      <th>Description</th>
      <th <%=:class=>@release_header, :id=> "r_date" %>> <%=link_to 'Realease date', movies_path(sort: "r_date")%></th>
      <th colspan="3"></th>
    </tr>
  </thead>

  <tbody>
    <% @movies.each do |movie| %>
      <tr>
        <td><%= movie.title %></td>
        <td><%= movie.rating %></td>
        <td><%= movie.description %></td>
        <td><%= movie.release_date %></td>
        <td><%= link_to 'Show', movie %></td>
        <td><%= link_to 'Edit', edit_movie_path(movie) %></td>
        <td><%= link_to 'Destroy', movie, method: :delete, data: { confirm: 'Are you sure?' } %></td>
      </tr>
    <% end %>
  </tbody>
</table>

<br>

<%= link_to 'New Movie', new_movie_path %>

):
1:    <p id="notice"><%= notice %></p>
2:    
3:    <h1>Movies</h1>
4:    
5:    <table>
6:      <thead>
7:        <tr>
8:          <th <%= :class=>@title_header, :id=> "title_header" %>> <%=link_to 'Title', movies_path(sort: "title")%></th>
9:          <th>Rating</th>
10:          <th>Description</th>
11:          <th <%=:class=>@release_header, :id=> "r_date" %>> <%=link_to 'Realease date', movies_path(sort: "r_date")%></th>
12:          <th colspan="3"></th>
13:        </tr>
14:      </thead>
15:    
16:      <tbody>
17:        <% @movies.each do |movie| %>
18:          <tr>
19:            <td><%= movie.title %></td>
20:            <td><%= movie.rating %></td>
21:            <td><%= movie.description %></td>
22:            <td><%= movie.release_date %></td>
23:            <td><%= link_to 'Show', movie %></td>
24:            <td><%= link_to 'Edit', edit_movie_path(movie) %></td>
25:            <td><%= link_to 'Destroy', movie, method: :delete, data: { confirm: 'Are you sure?' } %></td>
26:          </tr>
27:        <% end %>
28:      </tbody>
29:    </table>
30:    
31:    <br>
32:    
33:    <%= link_to 'New Movie', new_movie_path %>
  
app/views/movies/index.html.erb:8: syntax error, unexpected =>, expecting ')'
app/views/movies/index.html.erb:8: syntax error, unexpected =>, expecting '.' or &. or :: or '['
app/views/movies/index.html.erb:11: syntax error, unexpected =>, expecting ')'
app/views/movies/index.html.erb:11: syntax error, unexpected =>, expecting '.' or &. or :: or '['
app/views/movies/index.html.erb:8: syntax error, unexpected =>, expecting ')'
app/views/movies/index.html.erb:8: syntax error, unexpected =>, expecting '.' or &. or :: or '['
app/views/movies/index.html.erb:11: syntax error, unexpected =>, expecting ')'
app/views/movies/index.html.erb:11: syntax error, unexpected =>, expecting '.' or &. or :: or '['
app/views/movies/index.html.erb:8: syntax error, unexpected =>, expecting ')'
app/views/movies/index.html.erb:8: syntax error, unexpected =>, expecting '.' or &. or :: or '['
app/views/movies/index.html.erb:11: syntax error, unexpected =>, expecting ')'
app/views/movies/index.html.erb:11: syntax error, unexpected =>, expecting '.' or &. or :: or '['
app/views/movies/index.html.erb:8: syntax error, unexpected =>, expecting ')'
app/views/movies/index.html.erb:8: syntax error, unexpected =>, expecting '.' or &. or :: or '['
app/views/movies/index.html.erb:11: syntax error, unexpected =>, expecting ')'
app/views/movies/index.html.erb:11: syntax error, unexpected =>, expecting '.' or &. or :: or '['
app/views/movies/index.html.erb:8: syntax error, unexpected =>, expecting ')'
app/views/movies/index.html.erb:8: syntax error, unexpected =>, expecting '.' or &. or :: or '['
app/views/movies/index.html.erb:11: syntax error, unexpected =>, expecting ')'
app/views/movies/index.html.erb:11: syntax error, unexpected =>, expecting '.' or &. or :: or '['
app/views/movies/index.html.erb:8: syntax error, unexpected =>, expecting ')'
app/views/movies/index.html.erb:8: syntax error, unexpected =>, expecting '.' or &. or :: or '['
app/views/movies/index.html.erb:11: syntax error, unexpected =>, expecting ')'
app/views/movies/index.html.erb:11: syntax error, unexpected =>, expecting '.' or &. or :: or '['
Started GET "/movies?sort=r_date" for 127.0.0.1 at 2024-03-20 22:27:11 +0100
Processing by MoviesController#index as HTML
  Parameters: {"sort"=>"r_date"}
  Rendering layout layouts/application.html.erb
  Rendering movies/index.html.erb within layouts/application
  [1m[36mMovie Load (0.4ms)[0m  [1m[34mSELECT "movies".* FROM "movies" ORDER BY "movies"."release_date" ASC[0m
  ↳ app/views/movies/index.html.erb:17
  Rendered movies/index.html.erb within layouts/application (Duration: 19.1ms | Allocations: 5469)
  Rendered layout layouts/application.html.erb (Duration: 24.0ms | Allocations: 6913)
Completed 200 OK in 28ms (Views: 25.8ms | ActiveRecord: 0.4ms | Allocations: 7735)


Started GET "/movies?sort=title" for 127.0.0.1 at 2024-03-20 22:27:12 +0100
Processing by MoviesController#index as HTML
  Parameters: {"sort"=>"title"}
  Rendering layout layouts/application.html.erb
  Rendering movies/index.html.erb within layouts/application
  [1m[36mMovie Load (0.3ms)[0m  [1m[34mSELECT "movies".* FROM "movies" ORDER BY "movies"."title" ASC[0m
  ↳ app/views/movies/index.html.erb:17
  Rendered movies/index.html.erb within layouts/application (Duration: 5.4ms | Allocations: 2628)
  Rendered layout layouts/application.html.erb (Duration: 7.7ms | Allocations: 3916)
Completed 200 OK in 9ms (Views: 7.9ms | ActiveRecord: 0.3ms | Allocations: 4196)


Started GET "/movies?sort=r_date" for 127.0.0.1 at 2024-03-20 22:27:13 +0100
Processing by MoviesController#index as HTML
  Parameters: {"sort"=>"r_date"}
  Rendering layout layouts/application.html.erb
  Rendering movies/index.html.erb within layouts/application
  [1m[36mMovie Load (0.3ms)[0m  [1m[34mSELECT "movies".* FROM "movies" ORDER BY "movies"."release_date" ASC[0m
  ↳ app/views/movies/index.html.erb:17
  Rendered movies/index.html.erb within layouts/application (Duration: 8.5ms | Allocations: 2586)
  Rendered layout layouts/application.html.erb (Duration: 12.0ms | Allocations: 3874)
Completed 200 OK in 14ms (Views: 12.5ms | ActiveRecord: 0.3ms | Allocations: 4154)


Started GET "/movies?sort=r_date" for 127.0.0.1 at 2024-03-20 22:27:41 +0100
Processing by MoviesController#index as HTML
  Parameters: {"sort"=>"r_date"}
  Rendering layout layouts/application.html.erb
  Rendering movies/index.html.erb within layouts/application
  [1m[36mMovie Load (0.3ms)[0m  [1m[34mSELECT "movies".* FROM "movies" ORDER BY "movies"."release_date" ASC[0m
  ↳ app/views/movies/index.html.erb:17
  Rendered movies/index.html.erb within layouts/application (Duration: 8.6ms | Allocations: 2923)
  Rendered layout layouts/application.html.erb (Duration: 12.1ms | Allocations: 4359)
Completed 200 OK in 15ms (Views: 13.4ms | ActiveRecord: 0.3ms | Allocations: 5177)


Started GET "/movies?sort=r_date" for 127.0.0.1 at 2024-03-20 22:27:44 +0100
Processing by MoviesController#index as HTML
  Parameters: {"sort"=>"r_date"}
  Rendering layout layouts/application.html.erb
  Rendering movies/index.html.erb within layouts/application
  [1m[36mMovie Load (0.3ms)[0m  [1m[34mSELECT "movies".* FROM "movies" ORDER BY "movies"."release_date" ASC[0m
  ↳ app/views/movies/index.html.erb:17
  Rendered movies/index.html.erb within layouts/application (Duration: 9.3ms | Allocations: 2595)
  Rendered layout layouts/application.html.erb (Duration: 12.4ms | Allocations: 3883)
Completed 200 OK in 14ms (Views: 12.9ms | ActiveRecord: 0.3ms | Allocations: 4164)


Started GET "/movies?sort=title" for 127.0.0.1 at 2024-03-20 22:27:45 +0100
Processing by MoviesController#index as HTML
  Parameters: {"sort"=>"title"}
  Rendering layout layouts/application.html.erb
  Rendering movies/index.html.erb within layouts/application
  [1m[36mMovie Load (0.3ms)[0m  [1m[34mSELECT "movies".* FROM "movies" ORDER BY "movies"."title" ASC[0m
  ↳ app/views/movies/index.html.erb:17
  Rendered movies/index.html.erb within layouts/application (Duration: 8.8ms | Allocations: 2585)
  Rendered layout layouts/application.html.erb (Duration: 12.1ms | Allocations: 3873)
Completed 200 OK in 14ms (Views: 12.6ms | ActiveRecord: 0.3ms | Allocations: 4151)


Started GET "/movies?sort=r_date" for 127.0.0.1 at 2024-03-20 22:27:48 +0100
Processing by MoviesController#index as HTML
  Parameters: {"sort"=>"r_date"}
  Rendering layout layouts/application.html.erb
  Rendering movies/index.html.erb within layouts/application
  [1m[36mMovie Load (0.3ms)[0m  [1m[34mSELECT "movies".* FROM "movies" ORDER BY "movies"."release_date" ASC[0m
  ↳ app/views/movies/index.html.erb:17
  Rendered movies/index.html.erb within layouts/application (Duration: 9.2ms | Allocations: 2585)
  Rendered layout layouts/application.html.erb (Duration: 12.6ms | Allocations: 3873)
Completed 200 OK in 14ms (Views: 13.2ms | ActiveRecord: 0.3ms | Allocations: 4153)


Started GET "/movies?sort=title" for 127.0.0.1 at 2024-03-20 22:27:50 +0100
Processing by MoviesController#index as HTML
  Parameters: {"sort"=>"title"}
  Rendering layout layouts/application.html.erb
  Rendering movies/index.html.erb within layouts/application
  [1m[36mMovie Load (0.3ms)[0m  [1m[34mSELECT "movies".* FROM "movies" ORDER BY "movies"."title" ASC[0m
  ↳ app/views/movies/index.html.erb:17
  Rendered movies/index.html.erb within layouts/application (Duration: 8.5ms | Allocations: 2585)
  Rendered layout layouts/application.html.erb (Duration: 11.7ms | Allocations: 3873)
Completed 200 OK in 13ms (Views: 12.2ms | ActiveRecord: 0.3ms | Allocations: 4151)


Started GET "/movies?sort=title" for 127.0.0.1 at 2024-03-20 22:28:02 +0100
Processing by MoviesController#index as HTML
  Parameters: {"sort"=>"title"}
  [1m[35m (0.1ms)[0m  [1m[34mSELECT sqlite_version(*)[0m
  ↳ app/controllers/movies_controller.rb:7:in `index'
  Rendering layout layouts/application.html.erb
  Rendering movies/index.html.erb within layouts/application
  [1m[36mMovie Load (0.4ms)[0m  [1m[34mSELECT "movies".* FROM "movies" ORDER BY "movies"."title" ASC[0m
  ↳ app/views/movies/index.html.erb:17
  Rendered movies/index.html.erb within layouts/application (Duration: 15.3ms | Allocations: 5295)
  Rendered layout layouts/application.html.erb (Duration: 17.3ms | Allocations: 6594)
Completed 200 OK in 22ms (Views: 17.4ms | ActiveRecord: 1.4ms | Allocations: 8340)


Started GET "/movies?sort=r_date" for 127.0.0.1 at 2024-03-20 22:28:05 +0100
Processing by MoviesController#index as HTML
  Parameters: {"sort"=>"r_date"}
  Rendering layout layouts/application.html.erb
  Rendering movies/index.html.erb within layouts/application
  [1m[36mMovie Load (0.2ms)[0m  [1m[34mSELECT "movies".* FROM "movies" ORDER BY "movies"."release_date" ASC[0m
  ↳ app/views/movies/index.html.erb:17
  Rendered movies/index.html.erb within layouts/application (Duration: 6.3ms | Allocations: 2618)
  Rendered layout layouts/application.html.erb (Duration: 8.3ms | Allocations: 3914)
Completed 200 OK in 9ms (Views: 8.6ms | ActiveRecord: 0.2ms | Allocations: 4192)


Started GET "/movies?sort=title" for 127.0.0.1 at 2024-03-20 22:28:06 +0100
Processing by MoviesController#index as HTML
  Parameters: {"sort"=>"title"}
  Rendering layout layouts/application.html.erb
  Rendering movies/index.html.erb within layouts/application
  [1m[36mMovie Load (0.2ms)[0m  [1m[34mSELECT "movies".* FROM "movies" ORDER BY "movies"."title" ASC[0m
  ↳ app/views/movies/index.html.erb:17
  Rendered movies/index.html.erb within layouts/application (Duration: 5.7ms | Allocations: 2585)
  Rendered layout layouts/application.html.erb (Duration: 8.0ms | Allocations: 3873)
Completed 200 OK in 9ms (Views: 8.5ms | ActiveRecord: 0.2ms | Allocations: 4148)


Started GET "/movies?sort=r_date" for 127.0.0.1 at 2024-03-20 22:28:37 +0100
Processing by MoviesController#index as HTML
  Parameters: {"sort"=>"r_date"}
  [1m[35m (0.1ms)[0m  [1m[34mSELECT sqlite_version(*)[0m
  ↳ app/controllers/movies_controller.rb:9:in `index'
  Rendering layout layouts/application.html.erb
  Rendering movies/index.html.erb within layouts/application
  [1m[36mMovie Load (0.2ms)[0m  [1m[34mSELECT "movies".* FROM "movies" ORDER BY "movies"."release_date" ASC[0m
  ↳ app/views/movies/index.html.erb:17
  Rendered movies/index.html.erb within layouts/application (Duration: 11.5ms | Allocations: 5277)
  Rendered layout layouts/application.html.erb (Duration: 14.3ms | Allocations: 6568)
Completed 200 OK in 21ms (Views: 15.1ms | ActiveRecord: 1.2ms | Allocations: 8311)


Started GET "/movies?sort=title" for 127.0.0.1 at 2024-03-20 22:28:38 +0100
Processing by MoviesController#index as HTML
  Parameters: {"sort"=>"title"}
  Rendering layout layouts/application.html.erb
  Rendering movies/index.html.erb within layouts/application
  [1m[36mMovie Load (0.4ms)[0m  [1m[34mSELECT "movies".* FROM "movies" ORDER BY "movies"."title" ASC[0m
  ↳ app/views/movies/index.html.erb:17
  Rendered movies/index.html.erb within layouts/application (Duration: 8.0ms | Allocations: 2618)
  Rendered layout layouts/application.html.erb (Duration: 11.3ms | Allocations: 3906)
Completed 200 OK in 13ms (Views: 11.8ms | ActiveRecord: 0.4ms | Allocations: 4181)


Started GET "/movies?sort=r_date" for 127.0.0.1 at 2024-03-20 22:28:41 +0100
Processing by MoviesController#index as HTML
  Parameters: {"sort"=>"r_date"}
  Rendering layout layouts/application.html.erb
  Rendering movies/index.html.erb within layouts/application
  [1m[36mMovie Load (0.3ms)[0m  [1m[34mSELECT "movies".* FROM "movies" ORDER BY "movies"."release_date" ASC[0m
  ↳ app/views/movies/index.html.erb:17
  Rendered movies/index.html.erb within layouts/application (Duration: 8.1ms | Allocations: 2585)
  Rendered layout layouts/application.html.erb (Duration: 11.8ms | Allocations: 3873)
Completed 200 OK in 14ms (Views: 12.4ms | ActiveRecord: 0.3ms | Allocations: 4150)


Started GET "/movies?sort=r_date" for 127.0.0.1 at 2024-03-20 22:28:50 +0100
Processing by MoviesController#index as HTML
  Parameters: {"sort"=>"r_date"}
  Rendering layout layouts/application.html.erb
  Rendering movies/index.html.erb within layouts/application
  [1m[36mMovie Load (0.3ms)[0m  [1m[34mSELECT "movies".* FROM "movies" ORDER BY "movies"."release_date" ASC[0m
  ↳ app/views/movies/index.html.erb:17
  Rendered movies/index.html.erb within layouts/application (Duration: 5.7ms | Allocations: 2585)
  Rendered layout layouts/application.html.erb (Duration: 14.2ms | Allocations: 7138)
Completed 200 OK in 15ms (Views: 14.5ms | ActiveRecord: 0.3ms | Allocations: 7415)


Started GET "/movies?sort=r_date" for 127.0.0.1 at 2024-03-20 22:28:58 +0100
Processing by MoviesController#index as HTML
  Parameters: {"sort"=>"r_date"}
  Rendering layout layouts/application.html.erb
  Rendering movies/index.html.erb within layouts/application
  [1m[36mMovie Load (0.5ms)[0m  [1m[34mSELECT "movies".* FROM "movies" ORDER BY "movies"."release_date" ASC[0m
  ↳ app/views/movies/index.html.erb:17
  Rendered movies/index.html.erb within layouts/application (Duration: 9.4ms | Allocations: 2585)
  Rendered layout layouts/application.html.erb (Duration: 22.6ms | Allocations: 7633)
Completed 200 OK in 24ms (Views: 22.9ms | ActiveRecord: 0.5ms | Allocations: 7910)


Started GET "/movies?sort=title" for 127.0.0.1 at 2024-03-20 22:29:00 +0100
Processing by MoviesController#index as HTML
  Parameters: {"sort"=>"title"}
  Rendering layout layouts/application.html.erb
  Rendering movies/index.html.erb within layouts/application
  [1m[36mMovie Load (0.3ms)[0m  [1m[34mSELECT "movies".* FROM "movies" ORDER BY "movies"."title" ASC[0m
  ↳ app/views/movies/index.html.erb:17
  Rendered movies/index.html.erb within layouts/application (Duration: 8.2ms | Allocations: 2585)
  Rendered layout layouts/application.html.erb (Duration: 12.0ms | Allocations: 3882)
Completed 200 OK in 14ms (Views: 12.6ms | ActiveRecord: 0.3ms | Allocations: 4158)


Started GET "/movies?sort=r_date" for 127.0.0.1 at 2024-03-20 22:29:02 +0100
Processing by MoviesController#index as HTML
  Parameters: {"sort"=>"r_date"}
  Rendering layout layouts/application.html.erb
  Rendering movies/index.html.erb within layouts/application
  [1m[36mMovie Load (0.3ms)[0m  [1m[34mSELECT "movies".* FROM "movies" ORDER BY "movies"."release_date" ASC[0m
  ↳ app/views/movies/index.html.erb:17
  Rendered movies/index.html.erb within layouts/application (Duration: 8.2ms | Allocations: 2585)
  Rendered layout layouts/application.html.erb (Duration: 11.5ms | Allocations: 3881)
Completed 200 OK in 13ms (Views: 12.1ms | ActiveRecord: 0.3ms | Allocations: 4158)


Started GET "/movies?sort=title" for 127.0.0.1 at 2024-03-20 22:29:03 +0100
Processing by MoviesController#index as HTML
  Parameters: {"sort"=>"title"}
  Rendering layout layouts/application.html.erb
  Rendering movies/index.html.erb within layouts/application
  [1m[36mMovie Load (0.4ms)[0m  [1m[34mSELECT "movies".* FROM "movies" ORDER BY "movies"."title" ASC[0m
  ↳ app/views/movies/index.html.erb:17
  Rendered movies/index.html.erb within layouts/application (Duration: 9.3ms | Allocations: 2585)
  Rendered layout layouts/application.html.erb (Duration: 12.9ms | Allocations: 3873)
Completed 200 OK in 15ms (Views: 13.5ms | ActiveRecord: 0.4ms | Allocations: 4149)


Started GET "/movies?sort=r_date" for 127.0.0.1 at 2024-03-20 22:31:14 +0100
Processing by MoviesController#index as HTML
  Parameters: {"sort"=>"r_date"}
  Rendering layout layouts/application.html.erb
  Rendering movies/index.html.erb within layouts/application
  [1m[36mMovie Load (0.3ms)[0m  [1m[34mSELECT "movies".* FROM "movies" ORDER BY "movies"."release_date" ASC[0m
  ↳ app/views/movies/index.html.erb:17
  Rendered movies/index.html.erb within layouts/application (Duration: 6.1ms | Allocations: 2585)
  Rendered layout layouts/application.html.erb (Duration: 9.0ms | Allocations: 3873)
Completed 200 OK in 12ms (Views: 9.6ms | ActiveRecord: 0.3ms | Allocations: 4150)


Started GET "/movies?sort=title" for 127.0.0.1 at 2024-03-20 22:31:15 +0100
Processing by MoviesController#index as HTML
  Parameters: {"sort"=>"title"}
  Rendering layout layouts/application.html.erb
  Rendering movies/index.html.erb within layouts/application
  [1m[36mMovie Load (0.3ms)[0m  [1m[34mSELECT "movies".* FROM "movies" ORDER BY "movies"."title" ASC[0m
  ↳ app/views/movies/index.html.erb:17
  Rendered movies/index.html.erb within layouts/application (Duration: 8.3ms | Allocations: 2585)
  Rendered layout layouts/application.html.erb (Duration: 11.8ms | Allocations: 3873)
Completed 200 OK in 14ms (Views: 12.4ms | ActiveRecord: 0.3ms | Allocations: 4148)


Started GET "/movies?sort=r_date" for 127.0.0.1 at 2024-03-20 22:31:17 +0100
Processing by MoviesController#index as HTML
  Parameters: {"sort"=>"r_date"}
  Rendering layout layouts/application.html.erb
  Rendering movies/index.html.erb within layouts/application
  [1m[36mMovie Load (0.3ms)[0m  [1m[34mSELECT "movies".* FROM "movies" ORDER BY "movies"."release_date" ASC[0m
  ↳ app/views/movies/index.html.erb:17
  Rendered movies/index.html.erb within layouts/application (Duration: 6.5ms | Allocations: 2585)
  Rendered layout layouts/application.html.erb (Duration: 9.1ms | Allocations: 3873)
Completed 200 OK in 11ms (Views: 9.6ms | ActiveRecord: 0.3ms | Allocations: 4150)


Started GET "/movies?sort=title" for 127.0.0.1 at 2024-03-20 22:31:20 +0100
Processing by MoviesController#index as HTML
  Parameters: {"sort"=>"title"}
  Rendering layout layouts/application.html.erb
  Rendering movies/index.html.erb within layouts/application
  [1m[36mMovie Load (0.5ms)[0m  [1m[34mSELECT "movies".* FROM "movies" ORDER BY "movies"."title" ASC[0m
  ↳ app/views/movies/index.html.erb:17
  Rendered movies/index.html.erb within layouts/application (Duration: 9.9ms | Allocations: 2585)
  Rendered layout layouts/application.html.erb (Duration: 13.4ms | Allocations: 3873)
Completed 200 OK in 15ms (Views: 13.8ms | ActiveRecord: 0.5ms | Allocations: 4148)


Started GET "/movies?sort=title" for 127.0.0.1 at 2024-03-20 22:31:27 +0100
Processing by MoviesController#index as HTML
  Parameters: {"sort"=>"title"}
  Rendering layout layouts/application.html.erb
  Rendering movies/index.html.erb within layouts/application
  [1m[36mMovie Load (0.3ms)[0m  [1m[34mSELECT "movies".* FROM "movies" ORDER BY "movies"."title" ASC[0m
  ↳ app/views/movies/index.html.erb:17
  Rendered movies/index.html.erb within layouts/application (Duration: 8.7ms | Allocations: 2585)
  Rendered layout layouts/application.html.erb (Duration: 11.9ms | Allocations: 3873)
Completed 200 OK in 14ms (Views: 12.7ms | ActiveRecord: 0.3ms | Allocations: 4148)


Started GET "/movies?sort=r_date" for 127.0.0.1 at 2024-03-20 22:31:37 +0100
Processing by MoviesController#index as HTML
  Parameters: {"sort"=>"r_date"}
  Rendering layout layouts/application.html.erb
  Rendering movies/index.html.erb within layouts/application
  [1m[36mMovie Load (0.3ms)[0m  [1m[34mSELECT "movies".* FROM "movies" ORDER BY "movies"."release_date" ASC[0m
  ↳ app/views/movies/index.html.erb:17
  Rendered movies/index.html.erb within layouts/application (Duration: 8.9ms | Allocations: 2585)
  Rendered layout layouts/application.html.erb (Duration: 12.3ms | Allocations: 3873)
Completed 200 OK in 14ms (Views: 12.8ms | ActiveRecord: 0.3ms | Allocations: 4150)


Started GET "/" for 127.0.0.1 at 2024-03-21 14:25:05 +0100
  [1m[35m (0.5ms)[0m  [1m[34mSELECT sqlite_version(*)[0m
  [1m[35m (0.2ms)[0m  [1m[34mSELECT "schema_migrations"."version" FROM "schema_migrations" ORDER BY "schema_migrations"."version" ASC[0m
Started GET "/movies" for 127.0.0.1 at 2024-03-21 14:25:05 +0100
Processing by MoviesController#index as HTML
  Rendering layout layouts/application.html.erb
  Rendering movies/index.html.erb within layouts/application
  [1m[36mMovie Load (0.5ms)[0m  [1m[34mSELECT "movies".* FROM "movies"[0m
  ↳ app/views/movies/index.html.erb:17
  Rendered movies/index.html.erb within layouts/application (Duration: 29.0ms | Allocations: 6981)
  Rendered layout layouts/application.html.erb (Duration: 75.4ms | Allocations: 12354)
Completed 200 OK in 81ms (Views: 77.1ms | ActiveRecord: 1.0ms | Allocations: 14027)


Started GET "/movies?sort=title" for 127.0.0.1 at 2024-03-21 14:25:17 +0100
Processing by MoviesController#index as HTML
  Parameters: {"sort"=>"title"}
  Rendering layout layouts/application.html.erb
  Rendering movies/index.html.erb within layouts/application
  [1m[36mMovie Load (2.6ms)[0m  [1m[34mSELECT "movies".* FROM "movies" ORDER BY "movies"."title" ASC[0m
  ↳ app/views/movies/index.html.erb:17
  Rendered movies/index.html.erb within layouts/application (Duration: 29.8ms | Allocations: 2643)
  Rendered layout layouts/application.html.erb (Duration: 33.2ms | Allocations: 3937)
Completed 200 OK in 37ms (Views: 31.6ms | ActiveRecord: 2.6ms | Allocations: 4225)


Started GET "/movies?sort=r_date" for 127.0.0.1 at 2024-03-21 14:25:18 +0100
Processing by MoviesController#index as HTML
  Parameters: {"sort"=>"r_date"}
  Rendering layout layouts/application.html.erb
  Rendering movies/index.html.erb within layouts/application
  [1m[36mMovie Load (0.4ms)[0m  [1m[34mSELECT "movies".* FROM "movies" ORDER BY "movies"."release_date" ASC[0m
  ↳ app/views/movies/index.html.erb:17
  Rendered movies/index.html.erb within layouts/application (Duration: 7.8ms | Allocations: 2621)
  Rendered layout layouts/application.html.erb (Duration: 10.8ms | Allocations: 3909)
Completed 200 OK in 12ms (Views: 11.1ms | ActiveRecord: 0.4ms | Allocations: 4186)


Started GET "/movies?sort=title" for 127.0.0.1 at 2024-03-21 14:25:27 +0100
Processing by MoviesController#index as HTML
  Parameters: {"sort"=>"title"}
  Rendering layout layouts/application.html.erb
  Rendering movies/index.html.erb within layouts/application
  [1m[36mMovie Load (0.3ms)[0m  [1m[34mSELECT "movies".* FROM "movies" ORDER BY "movies"."title" ASC[0m
  ↳ app/views/movies/index.html.erb:17
  Rendered movies/index.html.erb within layouts/application (Duration: 8.0ms | Allocations: 2593)
  Rendered layout layouts/application.html.erb (Duration: 11.3ms | Allocations: 3883)
Completed 200 OK in 13ms (Views: 11.9ms | ActiveRecord: 0.3ms | Allocations: 4169)


Started GET "/movies?sort=r_date" for 127.0.0.1 at 2024-03-21 14:25:29 +0100
Processing by MoviesController#index as HTML
  Parameters: {"sort"=>"r_date"}
  Rendering layout layouts/application.html.erb
  Rendering movies/index.html.erb within layouts/application
  [1m[36mMovie Load (0.3ms)[0m  [1m[34mSELECT "movies".* FROM "movies" ORDER BY "movies"."release_date" ASC[0m
  ↳ app/views/movies/index.html.erb:17
  Rendered movies/index.html.erb within layouts/application (Duration: 8.2ms | Allocations: 2593)
  Rendered layout layouts/application.html.erb (Duration: 11.4ms | Allocations: 3883)
Completed 200 OK in 13ms (Views: 12.0ms | ActiveRecord: 0.3ms | Allocations: 4171)


Started GET "/movies?sort=title" for 127.0.0.1 at 2024-03-21 14:25:30 +0100
Processing by MoviesController#index as HTML
  Parameters: {"sort"=>"title"}
  Rendering layout layouts/application.html.erb
  Rendering movies/index.html.erb within layouts/application
  [1m[36mMovie Load (0.3ms)[0m  [1m[34mSELECT "movies".* FROM "movies" ORDER BY "movies"."title" ASC[0m
  ↳ app/views/movies/index.html.erb:17
  Rendered movies/index.html.erb within layouts/application (Duration: 8.0ms | Allocations: 2593)
  Rendered layout layouts/application.html.erb (Duration: 10.9ms | Allocations: 3883)
Completed 200 OK in 12ms (Views: 11.4ms | ActiveRecord: 0.3ms | Allocations: 4169)


Started GET "/" for 127.0.0.1 at 2024-03-26 15:00:46 +0100
  [1m[35m (0.7ms)[0m  [1m[34mSELECT sqlite_version(*)[0m
  [1m[35m (0.2ms)[0m  [1m[34mSELECT "schema_migrations"."version" FROM "schema_migrations" ORDER BY "schema_migrations"."version" ASC[0m
Started GET "/movies" for 127.0.0.1 at 2024-03-26 15:00:46 +0100
Processing by MoviesController#index as HTML
  Rendering layout layouts/application.html.erb
  Rendering movies/index.html.erb within layouts/application
  [1m[36mMovie Load (0.5ms)[0m  [1m[34mSELECT "movies".* FROM "movies"[0m
  ↳ app/views/movies/index.html.erb:17
  Rendered movies/index.html.erb within layouts/application (Duration: 18.5ms | Allocations: 6981)
  Rendered layout layouts/application.html.erb (Duration: 27.5ms | Allocations: 9938)
Completed 200 OK in 34ms (Views: 29.6ms | ActiveRecord: 1.0ms | Allocations: 11612)


Started GET "/movies/1" for 127.0.0.1 at 2024-03-26 15:00:48 +0100
Processing by MoviesController#show as HTML
  Parameters: {"id"=>"1"}
  [1m[36mMovie Load (0.3ms)[0m  [1m[34mSELECT "movies".* FROM "movies" WHERE "movies"."id" = ? LIMIT ?[0m  [["id", 1], ["LIMIT", 1]]
  ↳ app/controllers/movies_controller.rb:69:in `set_movie'
  Rendering layout layouts/application.html.erb
  Rendering movies/show.html.erb within layouts/application
  Rendered movies/show.html.erb within layouts/application (Duration: 2.3ms | Allocations: 461)
  Rendered layout layouts/application.html.erb (Duration: 5.4ms | Allocations: 1753)
Completed 200 OK in 16ms (Views: 6.2ms | ActiveRecord: 0.3ms | Allocations: 3376)


Started GET "/movies" for 127.0.0.1 at 2024-03-26 15:00:50 +0100
Processing by MoviesController#index as HTML
  Rendering layout layouts/application.html.erb
  Rendering movies/index.html.erb within layouts/application
  [1m[36mMovie Load (0.4ms)[0m  [1m[34mSELECT "movies".* FROM "movies"[0m
  ↳ app/views/movies/index.html.erb:17
  Rendered movies/index.html.erb within layouts/application (Duration: 8.5ms | Allocations: 2590)
  Rendered layout layouts/application.html.erb (Duration: 11.6ms | Allocations: 3878)
Completed 200 OK in 13ms (Views: 12.0ms | ActiveRecord: 0.4ms | Allocations: 4140)


Started GET "/movies/1" for 127.0.0.1 at 2024-03-26 15:00:57 +0100
Processing by MoviesController#show as HTML
  Parameters: {"id"=>"1"}
  [1m[36mMovie Load (0.2ms)[0m  [1m[34mSELECT "movies".* FROM "movies" WHERE "movies"."id" = ? LIMIT ?[0m  [["id", 1], ["LIMIT", 1]]
  ↳ app/controllers/movies_controller.rb:69:in `set_movie'
  Rendering layout layouts/application.html.erb
  Rendering movies/show.html.erb within layouts/application
  Rendered movies/show.html.erb within layouts/application (Duration: 1.1ms | Allocations: 249)
  Rendered layout layouts/application.html.erb (Duration: 4.5ms | Allocations: 1539)
Completed 200 OK in 9ms (Views: 5.3ms | ActiveRecord: 0.2ms | Allocations: 2323)


Started GET "/movies" for 127.0.0.1 at 2024-03-26 15:00:58 +0100
Processing by MoviesController#index as HTML
  Rendering layout layouts/application.html.erb
  Rendering movies/index.html.erb within layouts/application
  [1m[36mMovie Load (0.3ms)[0m  [1m[34mSELECT "movies".* FROM "movies"[0m
  ↳ app/views/movies/index.html.erb:17
  Rendered movies/index.html.erb within layouts/application (Duration: 7.8ms | Allocations: 2595)
  Rendered layout layouts/application.html.erb (Duration: 11.2ms | Allocations: 3885)
Completed 200 OK in 12ms (Views: 11.6ms | ActiveRecord: 0.3ms | Allocations: 4157)


Started GET "/movies/10" for 127.0.0.1 at 2024-03-26 15:01:05 +0100
Processing by MoviesController#show as HTML
  Parameters: {"id"=>"10"}
  [1m[36mMovie Load (0.2ms)[0m  [1m[34mSELECT "movies".* FROM "movies" WHERE "movies"."id" = ? LIMIT ?[0m  [["id", 10], ["LIMIT", 1]]
  ↳ app/controllers/movies_controller.rb:69:in `set_movie'
  Rendering layout layouts/application.html.erb
  Rendering movies/show.html.erb within layouts/application
  Rendered movies/show.html.erb within layouts/application (Duration: 0.8ms | Allocations: 249)
  Rendered layout layouts/application.html.erb (Duration: 3.5ms | Allocations: 1539)
Completed 200 OK in 6ms (Views: 4.1ms | ActiveRecord: 0.2ms | Allocations: 2323)


Started GET "/movies" for 127.0.0.1 at 2024-03-26 15:01:06 +0100
Processing by MoviesController#index as HTML
  Rendering layout layouts/application.html.erb
  Rendering movies/index.html.erb within layouts/application
  [1m[36mMovie Load (0.3ms)[0m  [1m[34mSELECT "movies".* FROM "movies"[0m
  ↳ app/views/movies/index.html.erb:17
  Rendered movies/index.html.erb within layouts/application (Duration: 8.7ms | Allocations: 2588)
  Rendered layout layouts/application.html.erb (Duration: 11.9ms | Allocations: 3884)
Completed 200 OK in 13ms (Views: 12.4ms | ActiveRecord: 0.3ms | Allocations: 4147)


