Started GET "/" for ::1 at 2024-03-12 16:47:28 +0100
  [1m[35m (3.2ms)[0m  [1m[34mSELECT sqlite_version(*)[0m
Processing by Rails::WelcomeController#index as HTML
  Rendering /home/benny/.rbenv/versions/2.7.2/lib/ruby/gems/2.7.0/gems/railties-6.1.7.7/lib/rails/templates/rails/welcome/index.html.erb
  Rendered /home/benny/.rbenv/versions/2.7.2/lib/ruby/gems/2.7.0/gems/railties-6.1.7.7/lib/rails/templates/rails/welcome/index.html.erb (Duration: 6.3ms | Allocations: 447)
Completed 200 OK in 17ms (Views: 10.4ms | ActiveRecord: 0.0ms | Allocations: 3519)


Started GET "/" for ::1 at 2024-03-12 17:11:11 +0100
Processing by Rails::WelcomeController#index as HTML
  Rendering /home/benny/.rbenv/versions/2.7.2/lib/ruby/gems/2.7.0/gems/railties-6.1.7.7/lib/rails/templates/rails/welcome/index.html.erb
  Rendered /home/benny/.rbenv/versions/2.7.2/lib/ruby/gems/2.7.0/gems/railties-6.1.7.7/lib/rails/templates/rails/welcome/index.html.erb (Duration: 9.4ms | Allocations: 219)
Completed 200 OK in 13ms (Views: 10.9ms | Allocations: 771)


  [1m[35m (0.4ms)[0m  [1m[34mSELECT sqlite_version(*)[0m
  [1m[35m (12.4ms)[0m  [1m[35mCREATE TABLE "schema_migrations" ("version" varchar NOT NULL PRIMARY KEY)[0m
  [1m[35m (4.2ms)[0m  [1m[35mCREATE TABLE "ar_internal_metadata" ("key" varchar NOT NULL PRIMARY KEY, "value" varchar, "created_at" datetime(6) NOT NULL, "updated_at" datetime(6) NOT NULL)[0m
  [1m[35m (0.2ms)[0m  [1m[34mSELECT "schema_migrations"."version" FROM "schema_migrations" ORDER BY "schema_migrations"."version" ASC[0m
Migrating to CreateMovies (20240312161508)
  [1m[36mTRANSACTION (0.1ms)[0m  [1m[36mbegin transaction[0m
  [1m[35m (0.4ms)[0m  [1m[35mCREATE TABLE "movies" ("id" integer PRIMARY KEY AUTOINCREMENT NOT NULL, "title" varchar, "rating" varchar, "description" text, "release_date" datetime, "created_at" datetime(6) NOT NULL, "updated_at" datetime(6) NOT NULL)[0m
  [1m[36mActiveRecord::SchemaMigration Create (0.2ms)[0m  [1m[32mINSERT INTO "schema_migrations" ("version") VALUES (?)[0m  [["version", "20240312161508"]]
  [1m[36mTRANSACTION (4.4ms)[0m  [1m[36mcommit transaction[0m
  [1m[36mActiveRecord::InternalMetadata Load (0.4ms)[0m  [1m[34mSELECT "ar_internal_metadata".* FROM "ar_internal_metadata" WHERE "ar_internal_metadata"."key" = ? LIMIT ?[0m  [["key", "environment"], ["LIMIT", 1]]
  [1m[36mTRANSACTION (0.1ms)[0m  [1m[36mbegin transaction[0m
  [1m[36mActiveRecord::InternalMetadata Create (0.4ms)[0m  [1m[32mINSERT INTO "ar_internal_metadata" ("key", "value", "created_at", "updated_at") VALUES (?, ?, ?, ?)[0m  [["key", "environment"], ["value", "development"], ["created_at", "2024-03-12 16:16:52.917253"], ["updated_at", "2024-03-12 16:16:52.917253"]]
  [1m[36mTRANSACTION (3.1ms)[0m  [1m[36mcommit transaction[0m
  [1m[35m (0.1ms)[0m  [1m[34mSELECT sqlite_version(*)[0m
  [1m[35m (0.1ms)[0m  [1m[34mSELECT "schema_migrations"."version" FROM "schema_migrations" ORDER BY "schema_migrations"."version" ASC[0m
  [1m[35m (0.4ms)[0m  [1m[34mSELECT sqlite_version(*)[0m
  [1m[35m (0.2ms)[0m  [1m[34mSELECT "schema_migrations"."version" FROM "schema_migrations" ORDER BY "schema_migrations"."version" ASC[0m
  [1m[36mActiveRecord::InternalMetadata Load (0.3ms)[0m  [1m[34mSELECT "ar_internal_metadata".* FROM "ar_internal_metadata" WHERE "ar_internal_metadata"."key" = ? LIMIT ?[0m  [["key", "environment"], ["LIMIT", 1]]
  [1m[35m (0.1ms)[0m  [1m[34mSELECT sqlite_version(*)[0m
  [1m[35m (0.1ms)[0m  [1m[34mSELECT "schema_migrations"."version" FROM "schema_migrations" ORDER BY "schema_migrations"."version" ASC[0m
  [1m[35m (0.5ms)[0m  [1m[34mSELECT sqlite_version(*)[0m
  [1m[36mMovie Load (0.4ms)[0m  [1m[34mSELECT "movies".* FROM "movies" ORDER BY "movies"."id" ASC LIMIT ?[0m  [["LIMIT", 1]]
  [1m[35m (0.4ms)[0m  [1m[34mSELECT sqlite_version(*)[0m
  [1m[35m (0.1ms)[0m  [1m[34mSELECT "schema_migrations"."version" FROM "schema_migrations" ORDER BY "schema_migrations"."version" ASC[0m
  [1m[35m (0.1ms)[0m  [1m[34mSELECT sqlite_version(*)[0m
  [1m[36mTRANSACTION (0.1ms)[0m  [1m[36mbegin transaction[0m
  [1m[36mMovie Create (0.4ms)[0m  [1m[32mINSERT INTO "movies" ("title", "rating", "release_date", "created_at", "updated_at") VALUES (?, ?, ?, ?, ?)[0m  [["title", "Aladdin"], ["rating", "G"], ["release_date", "1992-11-25 00:00:00"], ["created_at", "2024-03-12 16:31:10.881205"], ["updated_at", "2024-03-12 16:31:10.881205"]]
  [1m[36mTRANSACTION (10.6ms)[0m  [1m[36mcommit transaction[0m
  [1m[36mTRANSACTION (0.1ms)[0m  [1m[36mbegin transaction[0m
  [1m[36mMovie Create (0.3ms)[0m  [1m[32mINSERT INTO "movies" ("title", "rating", "release_date", "created_at", "updated_at") VALUES (?, ?, ?, ?, ?)[0m  [["title", "When Harry Met Sally"], ["rating", "R"], ["release_date", "1989-07-21 00:00:00"], ["created_at", "2024-03-12 16:31:10.896967"], ["updated_at", "2024-03-12 16:31:10.896967"]]
  [1m[36mTRANSACTION (2.9ms)[0m  [1m[36mcommit transaction[0m
  [1m[36mTRANSACTION (0.1ms)[0m  [1m[36mbegin transaction[0m
  [1m[36mMovie Create (0.3ms)[0m  [1m[32mINSERT INTO "movies" ("title", "rating", "release_date", "created_at", "updated_at") VALUES (?, ?, ?, ?, ?)[0m  [["title", "The Help"], ["rating", "PG-13"], ["release_date", "2011-08-10 00:00:00"], ["created_at", "2024-03-12 16:31:10.904435"], ["updated_at", "2024-03-12 16:31:10.904435"]]
  [1m[36mTRANSACTION (2.9ms)[0m  [1m[36mcommit transaction[0m
  [1m[36mTRANSACTION (0.1ms)[0m  [1m[36mbegin transaction[0m
  [1m[36mMovie Create (0.3ms)[0m  [1m[32mINSERT INTO "movies" ("title", "rating", "release_date", "created_at", "updated_at") VALUES (?, ?, ?, ?, ?)[0m  [["title", "Raiders of the Lost Ark"], ["rating", "PG"], ["release_date", "1981-06-12 00:00:00"], ["created_at", "2024-03-12 16:31:10.911555"], ["updated_at", "2024-03-12 16:31:10.911555"]]
  [1m[36mTRANSACTION (3.3ms)[0m  [1m[36mcommit transaction[0m
  [1m[35m (0.6ms)[0m  [1m[34mSELECT sqlite_version(*)[0m
  [1m[36mMovie Load (0.1ms)[0m  [1m[34mSELECT "movies".* FROM "movies" ORDER BY "movies"."id" ASC LIMIT ?[0m  [["LIMIT", 1]]
Started GET "/" for ::1 at 2024-03-12 17:36:48 +0100
  [1m[35m (0.4ms)[0m  [1m[34mSELECT sqlite_version(*)[0m
  [1m[35m (0.2ms)[0m  [1m[34mSELECT "schema_migrations"."version" FROM "schema_migrations" ORDER BY "schema_migrations"."version" ASC[0m
Processing by Rails::WelcomeController#index as HTML
  Rendering /home/benny/.rbenv/versions/2.7.2/lib/ruby/gems/2.7.0/gems/railties-6.1.7.7/lib/rails/templates/rails/welcome/index.html.erb
  Rendered /home/benny/.rbenv/versions/2.7.2/lib/ruby/gems/2.7.0/gems/railties-6.1.7.7/lib/rails/templates/rails/welcome/index.html.erb (Duration: 5.7ms | Allocations: 340)
Completed 200 OK in 12ms (Views: 7.9ms | ActiveRecord: 0.0ms | Allocations: 2384)


Started GET "/movies" for ::1 at 2024-03-12 17:37:21 +0100
  
ActionController::RoutingError (No route matches [GET] "/movies"):
  
Started GET "/movies" for ::1 at 2024-03-12 17:40:56 +0100
  
ActionController::RoutingError (uninitialized constant MoviesController):
  
Started GET "/" for ::1 at 2024-03-12 17:41:19 +0100
  [1m[35m (0.5ms)[0m  [1m[34mSELECT sqlite_version(*)[0m
  [1m[35m (0.3ms)[0m  [1m[34mSELECT "schema_migrations"."version" FROM "schema_migrations" ORDER BY "schema_migrations"."version" ASC[0m
Started GET "/movies" for ::1 at 2024-03-12 17:41:19 +0100
  
ActionController::RoutingError (uninitialized constant MoviesController):
  
Started GET "/movies" for ::1 at 2024-03-12 17:41:23 +0100
  
ActionController::RoutingError (uninitialized constant MoviesController):
  
Started GET "/" for ::1 at 2024-03-12 17:44:48 +0100
  [1m[35m (0.5ms)[0m  [1m[34mSELECT sqlite_version(*)[0m
  [1m[35m (0.1ms)[0m  [1m[34mSELECT "schema_migrations"."version" FROM "schema_migrations" ORDER BY "schema_migrations"."version" ASC[0m
Started GET "/movies" for ::1 at 2024-03-12 17:44:48 +0100
Processing by MoviesController#index as HTML
  Rendering layout layouts/application.html.erb
  Rendering movies/index.html.erb within layouts/application
  [1m[36mMovie Load (0.3ms)[0m  [1m[34mSELECT "movies".* FROM "movies"[0m
  ↳ app/views/movies/index.html.erb:17
  Rendered movies/index.html.erb within layouts/application (Duration: 16.8ms | Allocations: 5812)
  Rendered layout layouts/application.html.erb (Duration: 56.5ms | Allocations: 18207)
Completed 200 OK in 77ms (Views: 58.9ms | ActiveRecord: 0.7ms | Allocations: 20866)


Started GET "/movies" for ::1 at 2024-03-12 17:44:51 +0100
Processing by MoviesController#index as HTML
  Rendering layout layouts/application.html.erb
  Rendering movies/index.html.erb within layouts/application
  [1m[36mMovie Load (0.2ms)[0m  [1m[34mSELECT "movies".* FROM "movies"[0m
  ↳ app/views/movies/index.html.erb:17
  Rendered movies/index.html.erb within layouts/application (Duration: 5.9ms | Allocations: 1509)
  Rendered layout layouts/application.html.erb (Duration: 9.6ms | Allocations: 2808)
Completed 200 OK in 11ms (Views: 10.4ms | ActiveRecord: 0.2ms | Allocations: 3093)


Started GET "/movies/new" for ::1 at 2024-03-12 17:46:32 +0100
Processing by MoviesController#new as HTML
  Rendering layout layouts/application.html.erb
  Rendering movies/new.html.erb within layouts/application
  Rendered movies/_form.html.erb (Duration: 26.2ms | Allocations: 7009)
  Rendered movies/new.html.erb within layouts/application (Duration: 28.0ms | Allocations: 7373)
  Rendered layout layouts/application.html.erb (Duration: 31.2ms | Allocations: 8666)
Completed 200 OK in 34ms (Views: 32.3ms | ActiveRecord: 0.0ms | Allocations: 9114)


Started GET "/movies/" for ::1 at 2024-03-12 17:48:14 +0100
Processing by MoviesController#index as HTML
  Rendering layout layouts/application.html.erb
  Rendering movies/index.html.erb within layouts/application
  [1m[36mMovie Load (0.2ms)[0m  [1m[34mSELECT "movies".* FROM "movies"[0m
  ↳ app/views/movies/index.html.erb:17
  Rendered movies/index.html.erb within layouts/application (Duration: 6.4ms | Allocations: 1515)
  Rendered layout layouts/application.html.erb (Duration: 9.3ms | Allocations: 2807)
Completed 200 OK in 11ms (Views: 10.0ms | ActiveRecord: 0.2ms | Allocations: 3080)


Started POST "/movies" for ::1 at 2024-03-12 17:48:57 +0100
Processing by MoviesController#create as HTML
  Parameters: {"authenticity_token"=>"[FILTERED]", "movie"=>{"title"=>"Mulan", "rating"=>"5 Stelle", "description"=>"Bello", "release_date"=>"1998"}, "commit"=>"Create Movie"}
  [1m[36mTRANSACTION (0.2ms)[0m  [1m[36mbegin transaction[0m
  ↳ app/controllers/movies_controller.rb:27:in `block in create'
  [1m[36mMovie Create (0.6ms)[0m  [1m[32mINSERT INTO "movies" ("title", "rating", "description", "created_at", "updated_at") VALUES (?, ?, ?, ?, ?)[0m  [["title", "Mulan"], ["rating", "5 Stelle"], ["description", "Bello"], ["created_at", "2024-03-12 16:48:57.445109"], ["updated_at", "2024-03-12 16:48:57.445109"]]
  ↳ app/controllers/movies_controller.rb:27:in `block in create'
  [1m[36mTRANSACTION (3.3ms)[0m  [1m[36mcommit transaction[0m
  ↳ app/controllers/movies_controller.rb:27:in `block in create'
Redirected to http://[::1]:3000/movies/5
Completed 302 Found in 19ms (ActiveRecord: 4.0ms | Allocations: 5552)


Started GET "/movies/5" for ::1 at 2024-03-12 17:48:57 +0100
Processing by MoviesController#show as HTML
  Parameters: {"id"=>"5"}
  [1m[36mMovie Load (0.4ms)[0m  [1m[34mSELECT "movies".* FROM "movies" WHERE "movies"."id" = ? LIMIT ?[0m  [["id", 5], ["LIMIT", 1]]
  ↳ app/controllers/movies_controller.rb:63:in `set_movie'
  Rendering layout layouts/application.html.erb
  Rendering movies/show.html.erb within layouts/application
  Rendered movies/show.html.erb within layouts/application (Duration: 1.6ms | Allocations: 453)
  Rendered layout layouts/application.html.erb (Duration: 4.6ms | Allocations: 1748)
Completed 200 OK in 19ms (Views: 5.5ms | ActiveRecord: 0.4ms | Allocations: 4715)


Started GET "/movies" for ::1 at 2024-03-12 17:48:59 +0100
Processing by MoviesController#index as HTML
  Rendering layout layouts/application.html.erb
  Rendering movies/index.html.erb within layouts/application
  [1m[36mMovie Load (0.2ms)[0m  [1m[34mSELECT "movies".* FROM "movies"[0m
  ↳ app/views/movies/index.html.erb:17
  Rendered movies/index.html.erb within layouts/application (Duration: 6.1ms | Allocations: 1650)
  Rendered layout layouts/application.html.erb (Duration: 9.6ms | Allocations: 2942)
Completed 200 OK in 11ms (Views: 10.2ms | ActiveRecord: 0.2ms | Allocations: 3216)


Started GET "/" for 127.0.0.1 at 2024-03-12 22:54:35 +0100
  [1m[35m (0.8ms)[0m  [1m[34mSELECT sqlite_version(*)[0m
  [1m[35m (0.1ms)[0m  [1m[34mSELECT "schema_migrations"."version" FROM "schema_migrations" ORDER BY "schema_migrations"."version" ASC[0m
Started GET "/movies" for 127.0.0.1 at 2024-03-12 22:54:35 +0100
Processing by MoviesController#index as HTML
  Rendering layout layouts/application.html.erb
  Rendering movies/index.html.erb within layouts/application
  [1m[36mMovie Load (0.3ms)[0m  [1m[34mSELECT "movies".* FROM "movies"[0m
  ↳ app/views/movies/index.html.erb:17
  Rendered movies/index.html.erb within layouts/application (Duration: 10.0ms | Allocations: 5964)
  Rendered layout layouts/application.html.erb (Duration: 19.3ms | Allocations: 8924)
Completed 200 OK in 34ms (Views: 22.0ms | ActiveRecord: 0.7ms | Allocations: 11601)


Started GET "/movies/1" for 127.0.0.1 at 2024-03-12 22:54:41 +0100
Processing by MoviesController#show as HTML
  Parameters: {"id"=>"1"}
  [1m[36mMovie Load (0.3ms)[0m  [1m[34mSELECT "movies".* FROM "movies" WHERE "movies"."id" = ? LIMIT ?[0m  [["id", 1], ["LIMIT", 1]]
  ↳ app/controllers/movies_controller.rb:63:in `set_movie'
  Rendering layout layouts/application.html.erb
  Rendering movies/show.html.erb within layouts/application
  Rendered movies/show.html.erb within layouts/application (Duration: 3.1ms | Allocations: 462)
  Rendered layout layouts/application.html.erb (Duration: 8.7ms | Allocations: 1758)
Completed 200 OK in 20ms (Views: 11.1ms | ActiveRecord: 0.3ms | Allocations: 3141)


Started GET "/movies/1/edit" for 127.0.0.1 at 2024-03-12 22:54:47 +0100
Processing by MoviesController#edit as HTML
  Parameters: {"id"=>"1"}
  [1m[36mMovie Load (0.1ms)[0m  [1m[34mSELECT "movies".* FROM "movies" WHERE "movies"."id" = ? LIMIT ?[0m  [["id", 1], ["LIMIT", 1]]
  ↳ app/controllers/movies_controller.rb:63:in `set_movie'
  Rendering layout layouts/application.html.erb
  Rendering movies/edit.html.erb within layouts/application
  Rendered movies/_form.html.erb (Duration: 14.4ms | Allocations: 3657)
  Rendered movies/edit.html.erb within layouts/application (Duration: 23.2ms | Allocations: 4068)
  Rendered layout layouts/application.html.erb (Duration: 31.3ms | Allocations: 5362)
Completed 200 OK in 35ms (Views: 32.4ms | ActiveRecord: 0.1ms | Allocations: 6315)


Started GET "/movies" for 127.0.0.1 at 2024-03-12 22:54:49 +0100
Processing by MoviesController#index as HTML
  Rendering layout layouts/application.html.erb
  Rendering movies/index.html.erb within layouts/application
  [1m[36mMovie Load (0.2ms)[0m  [1m[34mSELECT "movies".* FROM "movies"[0m
  ↳ app/views/movies/index.html.erb:17
  Rendered movies/index.html.erb within layouts/application (Duration: 5.4ms | Allocations: 1651)
  Rendered layout layouts/application.html.erb (Duration: 8.0ms | Allocations: 2945)
Completed 200 OK in 10ms (Views: 8.7ms | ActiveRecord: 0.2ms | Allocations: 3229)


Started GET "/movies/5/edit" for 127.0.0.1 at 2024-03-12 22:54:52 +0100
Processing by MoviesController#edit as HTML
  Parameters: {"id"=>"5"}
  [1m[36mMovie Load (0.1ms)[0m  [1m[34mSELECT "movies".* FROM "movies" WHERE "movies"."id" = ? LIMIT ?[0m  [["id", 5], ["LIMIT", 1]]
  ↳ app/controllers/movies_controller.rb:63:in `set_movie'
  Rendering layout layouts/application.html.erb
  Rendering movies/edit.html.erb within layouts/application
  Rendered movies/_form.html.erb (Duration: 2.5ms | Allocations: 1510)
  Rendered movies/edit.html.erb within layouts/application (Duration: 3.0ms | Allocations: 1663)
  Rendered layout layouts/application.html.erb (Duration: 5.0ms | Allocations: 2954)
Completed 200 OK in 8ms (Views: 5.5ms | ActiveRecord: 0.1ms | Allocations: 3756)


Started GET "/movies/5" for 127.0.0.1 at 2024-03-12 22:54:57 +0100
Processing by MoviesController#show as HTML
  Parameters: {"id"=>"5"}
  [1m[36mMovie Load (0.2ms)[0m  [1m[34mSELECT "movies".* FROM "movies" WHERE "movies"."id" = ? LIMIT ?[0m  [["id", 5], ["LIMIT", 1]]
  ↳ app/controllers/movies_controller.rb:63:in `set_movie'
  Rendering layout layouts/application.html.erb
  Rendering movies/show.html.erb within layouts/application
  Rendered movies/show.html.erb within layouts/application (Duration: 0.8ms | Allocations: 235)
  Rendered layout layouts/application.html.erb (Duration: 3.3ms | Allocations: 1529)
Completed 200 OK in 7ms (Views: 4.1ms | ActiveRecord: 0.2ms | Allocations: 2349)


Started GET "/movies" for 127.0.0.1 at 2024-03-12 22:54:59 +0100
Processing by MoviesController#index as HTML
  Rendering layout layouts/application.html.erb
  Rendering movies/index.html.erb within layouts/application
  [1m[36mMovie Load (0.2ms)[0m  [1m[34mSELECT "movies".* FROM "movies"[0m
  ↳ app/views/movies/index.html.erb:17
  Rendered movies/index.html.erb within layouts/application (Duration: 5.2ms | Allocations: 1640)
  Rendered layout layouts/application.html.erb (Duration: 7.7ms | Allocations: 2932)
Completed 200 OK in 9ms (Views: 8.2ms | ActiveRecord: 0.2ms | Allocations: 3204)


Started GET "/movies/5" for 127.0.0.1 at 2024-03-12 22:55:02 +0100
Processing by MoviesController#show as HTML
  Parameters: {"id"=>"5"}
  [1m[36mMovie Load (0.1ms)[0m  [1m[34mSELECT "movies".* FROM "movies" WHERE "movies"."id" = ? LIMIT ?[0m  [["id", 5], ["LIMIT", 1]]
  ↳ app/controllers/movies_controller.rb:63:in `set_movie'
  Rendering layout layouts/application.html.erb
  Rendering movies/show.html.erb within layouts/application
  Rendered movies/show.html.erb within layouts/application (Duration: 0.4ms | Allocations: 235)
  Rendered layout layouts/application.html.erb (Duration: 1.7ms | Allocations: 1527)
Completed 200 OK in 3ms (Views: 2.1ms | ActiveRecord: 0.1ms | Allocations: 2329)


Started GET "/movies" for 127.0.0.1 at 2024-03-12 22:55:03 +0100
Processing by MoviesController#index as HTML
  Rendering layout layouts/application.html.erb
  Rendering movies/index.html.erb within layouts/application
  [1m[36mMovie Load (0.2ms)[0m  [1m[34mSELECT "movies".* FROM "movies"[0m
  ↳ app/views/movies/index.html.erb:17
  Rendered movies/index.html.erb within layouts/application (Duration: 5.3ms | Allocations: 1640)
  Rendered layout layouts/application.html.erb (Duration: 8.1ms | Allocations: 2932)
Completed 200 OK in 9ms (Views: 8.6ms | ActiveRecord: 0.2ms | Allocations: 3204)


Started GET "/" for 127.0.0.1 at 2024-03-13 20:17:08 +0100
  [1m[35m (0.7ms)[0m  [1m[34mSELECT sqlite_version(*)[0m
  [1m[35m (0.2ms)[0m  [1m[34mSELECT "schema_migrations"."version" FROM "schema_migrations" ORDER BY "schema_migrations"."version" ASC[0m
Started GET "/movies" for 127.0.0.1 at 2024-03-13 20:17:08 +0100
Processing by MoviesController#index as HTML
  Rendering layout layouts/application.html.erb
  Rendering movies/index.html.erb within layouts/application
  [1m[36mMovie Load (0.3ms)[0m  [1m[34mSELECT "movies".* FROM "movies"[0m
  ↳ app/views/movies/index.html.erb:17
  Rendered movies/index.html.erb within layouts/application (Duration: 14.3ms | Allocations: 5964)
  Rendered layout layouts/application.html.erb (Duration: 23.4ms | Allocations: 8923)
Completed 200 OK in 32ms (Views: 24.8ms | ActiveRecord: 1.0ms | Allocations: 11600)


Started GET "/" for 127.0.0.1 at 2024-03-13 20:17:13 +0100
Started GET "/movies" for 127.0.0.1 at 2024-03-13 20:17:13 +0100
Processing by MoviesController#index as HTML
  Rendering layout layouts/application.html.erb
  Rendering movies/index.html.erb within layouts/application
  [1m[36mMovie Load (1.2ms)[0m  [1m[34mSELECT "movies".* FROM "movies"[0m
  ↳ app/views/movies/index.html.erb:17
  Rendered movies/index.html.erb within layouts/application (Duration: 6.7ms | Allocations: 1661)
  Rendered layout layouts/application.html.erb (Duration: 10.0ms | Allocations: 2955)
Completed 200 OK in 12ms (Views: 9.2ms | ActiveRecord: 1.2ms | Allocations: 3239)


Started GET "/" for 127.0.0.1 at 2024-03-13 22:11:28 +0100
  [1m[35m (0.3ms)[0m  [1m[34mSELECT sqlite_version(*)[0m
  [1m[35m (0.1ms)[0m  [1m[34mSELECT "schema_migrations"."version" FROM "schema_migrations" ORDER BY "schema_migrations"."version" ASC[0m
Started GET "/movies" for 127.0.0.1 at 2024-03-13 22:11:28 +0100
Processing by MoviesController#index as HTML
  Rendering layout layouts/application.html.erb
  Rendering movies/index.html.erb within layouts/application
  [1m[36mMovie Load (0.2ms)[0m  [1m[34mSELECT "movies".* FROM "movies"[0m
  ↳ app/views/movies/index.html.erb:17
  Rendered movies/index.html.erb within layouts/application (Duration: 9.5ms | Allocations: 6021)
  Rendered layout layouts/application.html.erb (Duration: 13.4ms | Allocations: 8965)
Completed 200 OK in 24ms (Views: 14.9ms | ActiveRecord: 0.4ms | Allocations: 11625)


Started GET "/movies/new" for 127.0.0.1 at 2024-03-13 22:11:35 +0100
Processing by MoviesController#new as HTML
  Rendering layout layouts/application.html.erb
  Rendering movies/new.html.erb within layouts/application
  Rendered movies/_form.html.erb (Duration: 23.1ms | Allocations: 3554)
  Rendered movies/new.html.erb within layouts/application (Duration: 26.8ms | Allocations: 3913)
  Rendered layout layouts/application.html.erb (Duration: 35.1ms | Allocations: 5206)
Completed 200 OK in 39ms (Views: 35.9ms | ActiveRecord: 0.0ms | Allocations: 5633)


Started GET "/movies" for 127.0.0.1 at 2024-03-13 22:11:41 +0100
Processing by MoviesController#index as HTML
  Rendering layout layouts/application.html.erb
  Rendering movies/index.html.erb within layouts/application
  [1m[36mMovie Load (0.1ms)[0m  [1m[34mSELECT "movies".* FROM "movies"[0m
  ↳ app/views/movies/index.html.erb:17
  Rendered movies/index.html.erb within layouts/application (Duration: 5.8ms | Allocations: 1645)
  Rendered layout layouts/application.html.erb (Duration: 10.5ms | Allocations: 2937)
Completed 200 OK in 11ms (Views: 10.8ms | ActiveRecord: 0.1ms | Allocations: 3210)


Started GET "/movies/1" for 127.0.0.1 at 2024-03-13 22:11:44 +0100
Processing by MoviesController#show as HTML
  Parameters: {"id"=>"1"}
  [1m[36mMovie Load (0.3ms)[0m  [1m[34mSELECT "movies".* FROM "movies" WHERE "movies"."id" = ? LIMIT ?[0m  [["id", 1], ["LIMIT", 1]]
  ↳ app/controllers/movies_controller.rb:63:in `set_movie'
  Rendering layout layouts/application.html.erb
  Rendering movies/show.html.erb within layouts/application
  Rendered movies/show.html.erb within layouts/application (Duration: 1.9ms | Allocations: 460)
  Rendered layout layouts/application.html.erb (Duration: 4.7ms | Allocations: 1764)
Completed 200 OK in 11ms (Views: 5.5ms | ActiveRecord: 0.3ms | Allocations: 3146)


Started GET "/movies/1/edit" for 127.0.0.1 at 2024-03-13 22:11:46 +0100
Processing by MoviesController#edit as HTML
  Parameters: {"id"=>"1"}
  [1m[36mMovie Load (0.2ms)[0m  [1m[34mSELECT "movies".* FROM "movies" WHERE "movies"."id" = ? LIMIT ?[0m  [["id", 1], ["LIMIT", 1]]
  ↳ app/controllers/movies_controller.rb:63:in `set_movie'
  Rendering layout layouts/application.html.erb
  Rendering movies/edit.html.erb within layouts/application
  Rendered movies/_form.html.erb (Duration: 3.5ms | Allocations: 1555)
  Rendered movies/edit.html.erb within layouts/application (Duration: 4.8ms | Allocations: 1832)
  Rendered layout layouts/application.html.erb (Duration: 7.6ms | Allocations: 3125)
Completed 200 OK in 12ms (Views: 8.3ms | ActiveRecord: 0.2ms | Allocations: 4078)


Started GET "/movies" for 127.0.0.1 at 2024-03-13 22:11:48 +0100
Processing by MoviesController#index as HTML
  Rendering layout layouts/application.html.erb
  Rendering movies/index.html.erb within layouts/application
  [1m[36mMovie Load (0.2ms)[0m  [1m[34mSELECT "movies".* FROM "movies"[0m
  ↳ app/views/movies/index.html.erb:17
  Rendered movies/index.html.erb within layouts/application (Duration: 5.3ms | Allocations: 1651)
  Rendered layout layouts/application.html.erb (Duration: 8.3ms | Allocations: 2945)
Completed 200 OK in 10ms (Views: 8.8ms | ActiveRecord: 0.2ms | Allocations: 3229)


Started GET "/" for 127.0.0.1 at 2024-03-19 17:59:53 +0100
  [1m[35m (0.7ms)[0m  [1m[34mSELECT sqlite_version(*)[0m
  [1m[35m (0.1ms)[0m  [1m[34mSELECT "schema_migrations"."version" FROM "schema_migrations" ORDER BY "schema_migrations"."version" ASC[0m
Started GET "/movies" for 127.0.0.1 at 2024-03-19 17:59:53 +0100
Processing by MoviesController#index as HTML
  Rendering layout layouts/application.html.erb
  Rendering movies/index.html.erb within layouts/application
  [1m[36mMovie Load (0.6ms)[0m  [1m[34mSELECT "movies".* FROM "movies"[0m
  ↳ app/views/movies/index.html.erb:17
  Rendered movies/index.html.erb within layouts/application (Duration: 61.8ms | Allocations: 9471)
  Rendered layout layouts/application.html.erb (Duration: 85.3ms | Allocations: 12430)
Completed 200 OK in 100ms (Views: 90.8ms | ActiveRecord: 3.0ms | Allocations: 15088)


Started GET "/" for 127.0.0.1 at 2024-03-26 15:02:02 +0100
  [1m[35m (0.6ms)[0m  [1m[34mSELECT sqlite_version(*)[0m
  [1m[35m (0.3ms)[0m  [1m[34mSELECT "schema_migrations"."version" FROM "schema_migrations" ORDER BY "schema_migrations"."version" ASC[0m
Started GET "/movies" for 127.0.0.1 at 2024-03-26 15:02:02 +0100
Processing by MoviesController#index as HTML
  Rendering layout layouts/application.html.erb
  Rendering movies/index.html.erb within layouts/application
  [1m[36mMovie Load (2.8ms)[0m  [1m[34mSELECT "movies".* FROM "movies"[0m
  ↳ app/views/movies/index.html.erb:17
  Rendered movies/index.html.erb within layouts/application (Duration: 61.9ms | Allocations: 9471)
  Rendered layout layouts/application.html.erb (Duration: 83.0ms | Allocations: 12430)
Completed 200 OK in 95ms (Views: 85.2ms | ActiveRecord: 3.4ms | Allocations: 15088)


Started GET "/movies/1" for 127.0.0.1 at 2024-03-26 15:02:03 +0100
Processing by MoviesController#show as HTML
  Parameters: {"id"=>"1"}
  [1m[36mMovie Load (0.3ms)[0m  [1m[34mSELECT "movies".* FROM "movies" WHERE "movies"."id" = ? LIMIT ?[0m  [["id", 1], ["LIMIT", 1]]
  ↳ app/controllers/movies_controller.rb:63:in `set_movie'
  Rendering layout layouts/application.html.erb
  Rendering movies/show.html.erb within layouts/application
  Rendered movies/show.html.erb within layouts/application (Duration: 2.2ms | Allocations: 463)
  Rendered layout layouts/application.html.erb (Duration: 4.6ms | Allocations: 1763)
Completed 200 OK in 11ms (Views: 5.4ms | ActiveRecord: 0.3ms | Allocations: 3148)


Started GET "/" for 127.0.0.1 at 2024-04-11 21:47:15 +0200
  [1m[35m (1.6ms)[0m  [1m[34mSELECT sqlite_version(*)[0m
  [1m[35m (0.5ms)[0m  [1m[34mSELECT "schema_migrations"."version" FROM "schema_migrations" ORDER BY "schema_migrations"."version" ASC[0m
Started GET "/movies" for 127.0.0.1 at 2024-04-11 21:47:16 +0200
Processing by MoviesController#index as HTML
  Rendering layout layouts/application.html.erb
  Rendering movies/index.html.erb within layouts/application
  [1m[36mMovie Load (1.1ms)[0m  [1m[34mSELECT "movies".* FROM "movies"[0m
  ↳ app/views/movies/index.html.erb:17
  Rendered movies/index.html.erb within layouts/application (Duration: 61.3ms | Allocations: 5963)
  Rendered layout layouts/application.html.erb (Duration: 102.2ms | Allocations: 8926)
Completed 200 OK in 122ms (Views: 107.5ms | ActiveRecord: 4.1ms | Allocations: 11584)


Started GET "/movies/1" for 127.0.0.1 at 2024-04-11 21:47:18 +0200
Processing by MoviesController#show as HTML
  Parameters: {"id"=>"1"}
  [1m[36mMovie Load (0.2ms)[0m  [1m[34mSELECT "movies".* FROM "movies" WHERE "movies"."id" = ? LIMIT ?[0m  [["id", 1], ["LIMIT", 1]]
  ↳ app/controllers/movies_controller.rb:63:in `set_movie'
  Rendering layout layouts/application.html.erb
  Rendering movies/show.html.erb within layouts/application
  Rendered movies/show.html.erb within layouts/application (Duration: 2.5ms | Allocations: 465)
  Rendered layout layouts/application.html.erb (Duration: 4.8ms | Allocations: 1766)
Completed 200 OK in 10ms (Views: 5.5ms | ActiveRecord: 0.2ms | Allocations: 3128)


Started GET "/movies" for 127.0.0.1 at 2024-04-11 21:47:19 +0200
Processing by MoviesController#index as HTML
  Rendering layout layouts/application.html.erb
  Rendering movies/index.html.erb within layouts/application
  [1m[36mMovie Load (0.3ms)[0m  [1m[34mSELECT "movies".* FROM "movies"[0m
  ↳ app/views/movies/index.html.erb:17
  Rendered movies/index.html.erb within layouts/application (Duration: 9.2ms | Allocations: 1651)
  Rendered layout layouts/application.html.erb (Duration: 13.8ms | Allocations: 2945)
Completed 200 OK in 19ms (Views: 15.8ms | ActiveRecord: 0.3ms | Allocations: 3229)


Started GET "/movies/5" for 127.0.0.1 at 2024-04-11 21:47:26 +0200
Processing by MoviesController#show as HTML
  Parameters: {"id"=>"5"}
  [1m[36mMovie Load (0.2ms)[0m  [1m[34mSELECT "movies".* FROM "movies" WHERE "movies"."id" = ? LIMIT ?[0m  [["id", 5], ["LIMIT", 1]]
  ↳ app/controllers/movies_controller.rb:63:in `set_movie'
  Rendering layout layouts/application.html.erb
  Rendering movies/show.html.erb within layouts/application
  Rendered movies/show.html.erb within layouts/application (Duration: 0.9ms | Allocations: 235)
  Rendered layout layouts/application.html.erb (Duration: 4.4ms | Allocations: 1529)
Completed 200 OK in 8ms (Views: 5.2ms | ActiveRecord: 0.2ms | Allocations: 2349)


Started GET "/movies" for 127.0.0.1 at 2024-04-11 21:47:28 +0200
Processing by MoviesController#index as HTML
  Rendering layout layouts/application.html.erb
  Rendering movies/index.html.erb within layouts/application
  [1m[36mMovie Load (0.2ms)[0m  [1m[34mSELECT "movies".* FROM "movies"[0m
  ↳ app/views/movies/index.html.erb:17
  Rendered movies/index.html.erb within layouts/application (Duration: 6.0ms | Allocations: 1648)
  Rendered layout layouts/application.html.erb (Duration: 9.1ms | Allocations: 2942)
Completed 200 OK in 11ms (Views: 9.9ms | ActiveRecord: 0.2ms | Allocations: 3225)


Started GET "/movies/1" for 127.0.0.1 at 2024-04-11 21:54:14 +0200
Processing by MoviesController#show as HTML
  Parameters: {"id"=>"1"}
  [1m[35m (0.1ms)[0m  [1m[34mSELECT sqlite_version(*)[0m
  ↳ app/controllers/movies_controller.rb:72:in `set_movie'
  [1m[36mMovie Load (0.4ms)[0m  [1m[34mSELECT "movies".* FROM "movies" WHERE "movies"."id" = ? LIMIT ?[0m  [["id", 1], ["LIMIT", 1]]
  ↳ app/controllers/movies_controller.rb:72:in `set_movie'
  Rendering layout layouts/application.html.erb
  Rendering movies/show.html.erb within layouts/application
  Rendered movies/show.html.erb within layouts/application (Duration: 1.6ms | Allocations: 456)
  Rendered layout layouts/application.html.erb (Duration: 4.7ms | Allocations: 1902)
Completed 200 OK in 24ms (Views: 6.8ms | ActiveRecord: 1.0ms | Allocations: 7143)


Started GET "/movies" for 127.0.0.1 at 2024-04-11 21:54:15 +0200
Processing by MoviesController#index as HTML
  Rendering layout layouts/application.html.erb
  Rendering movies/index.html.erb within layouts/application
  [1m[36mMovie Load (0.4ms)[0m  [1m[34mSELECT "movies".* FROM "movies"[0m
  ↳ app/views/movies/index.html.erb:17
  Rendered movies/index.html.erb within layouts/application (Duration: 7.5ms | Allocations: 2012)
  Rendered layout layouts/application.html.erb (Duration: 10.7ms | Allocations: 3308)
Completed 200 OK in 13ms (Views: 11.2ms | ActiveRecord: 0.4ms | Allocations: 3726)


Started GET "/movies/1" for 127.0.0.1 at 2024-04-11 21:57:59 +0200
Processing by MoviesController#show as HTML
  Parameters: {"id"=>"1"}
  [1m[35m (0.1ms)[0m  [1m[34mSELECT sqlite_version(*)[0m
  ↳ app/controllers/movies_controller.rb:72:in `set_movie'
  [1m[36mMovie Load (0.2ms)[0m  [1m[34mSELECT "movies".* FROM "movies" WHERE "movies"."id" = ? LIMIT ?[0m  [["id", 1], ["LIMIT", 1]]
  ↳ app/controllers/movies_controller.rb:72:in `set_movie'
  Rendering layout layouts/application.html.erb
  Rendering movies/show.html.erb within layouts/application
  Rendered movies/show.html.erb within layouts/application (Duration: 1.0ms | Allocations: 263)
  Rendered layout layouts/application.html.erb (Duration: 3.2ms | Allocations: 1558)
Completed 200 OK in 21ms (Views: 4.7ms | ActiveRecord: 1.6ms | Allocations: 6598)


Started GET "/movies" for 127.0.0.1 at 2024-04-11 21:58:01 +0200
Processing by MoviesController#index as HTML
  Rendering layout layouts/application.html.erb
  Rendering movies/index.html.erb within layouts/application
  [1m[36mMovie Load (0.3ms)[0m  [1m[34mSELECT "movies".* FROM "movies"[0m
  ↳ app/views/movies/index.html.erb:17
  Rendered movies/index.html.erb within layouts/application (Duration: 4.4ms | Allocations: 1737)
  Rendered layout layouts/application.html.erb (Duration: 7.4ms | Allocations: 3029)
Completed 200 OK in 9ms (Views: 7.8ms | ActiveRecord: 0.3ms | Allocations: 3301)


Started GET "/movies/1" for 127.0.0.1 at 2024-04-11 21:59:08 +0200
Processing by MoviesController#show as HTML
  Parameters: {"id"=>"1"}
  [1m[35m (0.1ms)[0m  [1m[34mSELECT sqlite_version(*)[0m
  ↳ app/controllers/movies_controller.rb:74:in `set_movie'
  [1m[36mMovie Load (0.2ms)[0m  [1m[34mSELECT "movies".* FROM "movies" WHERE "movies"."id" = ? LIMIT ?[0m  [["id", 1], ["LIMIT", 1]]
  ↳ app/controllers/movies_controller.rb:74:in `set_movie'
  Rendering layout layouts/application.html.erb
  Rendering movies/show.html.erb within layouts/application
  Rendered movies/show.html.erb within layouts/application (Duration: 1.1ms | Allocations: 263)
  Rendered layout layouts/application.html.erb (Duration: 3.6ms | Allocations: 1566)
Completed 200 OK in 18ms (Views: 4.9ms | ActiveRecord: 1.2ms | Allocations: 6605)


Started GET "/movies" for 127.0.0.1 at 2024-04-11 21:59:09 +0200
Processing by MoviesController#index as HTML
  Rendering layout layouts/application.html.erb
  Rendering movies/index.html.erb within layouts/application
  [1m[36mMovie Load (0.4ms)[0m  [1m[34mSELECT "movies".* FROM "movies"[0m
  ↳ app/views/movies/index.html.erb:17
  Rendered movies/index.html.erb within layouts/application (Duration: 7.5ms | Allocations: 1737)
  Rendered layout layouts/application.html.erb (Duration: 10.9ms | Allocations: 3029)
Completed 200 OK in 13ms (Views: 11.6ms | ActiveRecord: 0.4ms | Allocations: 3301)


Started GET "/movies/1" for 127.0.0.1 at 2024-04-11 21:59:13 +0200
Processing by MoviesController#show as HTML
  Parameters: {"id"=>"1"}
  [1m[36mMovie Load (0.2ms)[0m  [1m[34mSELECT "movies".* FROM "movies" WHERE "movies"."id" = ? LIMIT ?[0m  [["id", 1], ["LIMIT", 1]]
  ↳ app/controllers/movies_controller.rb:74:in `set_movie'
  Rendering layout layouts/application.html.erb
  Rendering movies/show.html.erb within layouts/application
  Rendered movies/show.html.erb within layouts/application (Duration: 1.2ms | Allocations: 250)
  Rendered layout layouts/application.html.erb (Duration: 5.7ms | Allocations: 1542)
Completed 200 OK in 10ms (Views: 6.6ms | ActiveRecord: 0.2ms | Allocations: 2344)


Started GET "/movies" for 127.0.0.1 at 2024-04-11 21:59:14 +0200
Processing by MoviesController#index as HTML
  Rendering layout layouts/application.html.erb
  Rendering movies/index.html.erb within layouts/application
  [1m[36mMovie Load (0.2ms)[0m  [1m[34mSELECT "movies".* FROM "movies"[0m
  ↳ app/views/movies/index.html.erb:17
  Rendered movies/index.html.erb within layouts/application (Duration: 6.2ms | Allocations: 1650)
  Rendered layout layouts/application.html.erb (Duration: 9.8ms | Allocations: 2942)
Completed 200 OK in 11ms (Views: 10.5ms | ActiveRecord: 0.2ms | Allocations: 3214)


Started GET "/movies/1" for 127.0.0.1 at 2024-04-11 21:59:17 +0200
Processing by MoviesController#show as HTML
  Parameters: {"id"=>"1"}
  [1m[36mMovie Load (0.2ms)[0m  [1m[34mSELECT "movies".* FROM "movies" WHERE "movies"."id" = ? LIMIT ?[0m  [["id", 1], ["LIMIT", 1]]
  ↳ app/controllers/movies_controller.rb:74:in `set_movie'
  Rendering layout layouts/application.html.erb
  Rendering movies/show.html.erb within layouts/application
  Rendered movies/show.html.erb within layouts/application (Duration: 1.0ms | Allocations: 250)
  Rendered layout layouts/application.html.erb (Duration: 4.2ms | Allocations: 1547)
Completed 200 OK in 9ms (Views: 5.4ms | ActiveRecord: 0.2ms | Allocations: 2351)


Started GET "/movies" for 127.0.0.1 at 2024-04-11 21:59:18 +0200
Processing by MoviesController#index as HTML
  Rendering layout layouts/application.html.erb
  Rendering movies/index.html.erb within layouts/application
  [1m[36mMovie Load (0.2ms)[0m  [1m[34mSELECT "movies".* FROM "movies"[0m
  ↳ app/views/movies/index.html.erb:17
  Rendered movies/index.html.erb within layouts/application (Duration: 6.2ms | Allocations: 1650)
  Rendered layout layouts/application.html.erb (Duration: 8.9ms | Allocations: 2942)
Completed 200 OK in 10ms (Views: 9.4ms | ActiveRecord: 0.2ms | Allocations: 3214)


Started GET "/movies/1" for 127.0.0.1 at 2024-04-11 22:00:07 +0200
Processing by MoviesController#show as HTML
  Parameters: {"id"=>"1"}
  [1m[35m (0.1ms)[0m  [1m[34mSELECT sqlite_version(*)[0m
  ↳ app/controllers/movies_controller.rb:73:in `set_movie'
  [1m[36mMovie Load (0.3ms)[0m  [1m[34mSELECT "movies".* FROM "movies" WHERE "movies"."id" = ? LIMIT ?[0m  [["id", 1], ["LIMIT", 1]]
  ↳ app/controllers/movies_controller.rb:73:in `set_movie'
  Rendering layout layouts/application.html.erb
  Rendering movies/show.html.erb within layouts/application
  Rendered movies/show.html.erb within layouts/application (Duration: 1.0ms | Allocations: 263)
  Rendered layout layouts/application.html.erb (Duration: 3.4ms | Allocations: 1558)
Completed 200 OK in 21ms (Views: 4.5ms | ActiveRecord: 2.2ms | Allocations: 6598)


Started GET "/movies" for 127.0.0.1 at 2024-04-11 22:00:08 +0200
Processing by MoviesController#index as HTML
  Rendering layout layouts/application.html.erb
  Rendering movies/index.html.erb within layouts/application
  [1m[36mMovie Load (0.5ms)[0m  [1m[34mSELECT "movies".* FROM "movies"[0m
  ↳ app/views/movies/index.html.erb:17
  Rendered movies/index.html.erb within layouts/application (Duration: 4.9ms | Allocations: 1737)
  Rendered layout layouts/application.html.erb (Duration: 7.7ms | Allocations: 3035)
Completed 200 OK in 9ms (Views: 7.8ms | ActiveRecord: 0.5ms | Allocations: 3309)


Started GET "/movies/1" for 127.0.0.1 at 2024-04-11 22:00:22 +0200
Processing by MoviesController#show as HTML
  Parameters: {"id"=>"1"}
  [1m[35m (0.1ms)[0m  [1m[34mSELECT sqlite_version(*)[0m
  ↳ app/controllers/movies_controller.rb:72:in `set_movie'
  [1m[36mMovie Load (0.3ms)[0m  [1m[34mSELECT "movies".* FROM "movies" WHERE "movies"."id" = ? LIMIT ?[0m  [["id", 1], ["LIMIT", 1]]
  ↳ app/controllers/movies_controller.rb:72:in `set_movie'
  Rendering layout layouts/application.html.erb
  Rendering movies/show.html.erb within layouts/application
  Rendered movies/show.html.erb within layouts/application (Duration: 1.6ms | Allocations: 461)
  Rendered layout layouts/application.html.erb (Duration: 4.7ms | Allocations: 1909)
Completed 200 OK in 23ms (Views: 6.5ms | ActiveRecord: 1.7ms | Allocations: 7573)


Started GET "/movies" for 127.0.0.1 at 2024-04-11 22:00:23 +0200
Processing by MoviesController#index as HTML
  Rendering layout layouts/application.html.erb
  Rendering movies/index.html.erb within layouts/application
  [1m[36mMovie Load (0.4ms)[0m  [1m[34mSELECT "movies".* FROM "movies"[0m
  ↳ app/views/movies/index.html.erb:17
  Rendered movies/index.html.erb within layouts/application (Duration: 9.1ms | Allocations: 2004)
  Rendered layout layouts/application.html.erb (Duration: 12.7ms | Allocations: 3299)
Completed 200 OK in 15ms (Views: 13.2ms | ActiveRecord: 0.4ms | Allocations: 3705)


Started GET "/movies/1" for 127.0.0.1 at 2024-04-11 22:00:45 +0200
Processing by MoviesController#show as HTML
  Parameters: {"id"=>"1"}
  [1m[36mMovie Load (0.1ms)[0m  [1m[34mSELECT "movies".* FROM "movies" WHERE "movies"."id" = ? LIMIT ?[0m  [["id", 1], ["LIMIT", 1]]
  ↳ app/controllers/movies_controller.rb:72:in `set_movie'
  Rendering layout layouts/application.html.erb
  Rendering movies/show.html.erb within layouts/application
  Rendered movies/show.html.erb within layouts/application (Duration: 1.7ms | Allocations: 450)
  Rendered layout layouts/application.html.erb (Duration: 5.4ms | Allocations: 1898)
Completed 200 OK in 11ms (Views: 7.4ms | ActiveRecord: 0.1ms | Allocations: 3435)


Started GET "/movies" for 127.0.0.1 at 2024-04-11 22:00:46 +0200
Processing by MoviesController#index as HTML
  Rendering layout layouts/application.html.erb
  Rendering movies/index.html.erb within layouts/application
  [1m[36mMovie Load (0.3ms)[0m  [1m[34mSELECT "movies".* FROM "movies"[0m
  ↳ app/views/movies/index.html.erb:17
  Rendered movies/index.html.erb within layouts/application (Duration: 8.2ms | Allocations: 1922)
  Rendered layout layouts/application.html.erb (Duration: 11.8ms | Allocations: 3217)
Completed 200 OK in 14ms (Views: 12.5ms | ActiveRecord: 0.3ms | Allocations: 3622)


Started GET "/movies/1" for 127.0.0.1 at 2024-04-11 22:00:51 +0200
Processing by MoviesController#show as HTML
  Parameters: {"id"=>"1"}
  [1m[36mMovie Load (0.2ms)[0m  [1m[34mSELECT "movies".* FROM "movies" WHERE "movies"."id" = ? LIMIT ?[0m  [["id", 1], ["LIMIT", 1]]
  ↳ app/controllers/movies_controller.rb:72:in `set_movie'
  Rendering layout layouts/application.html.erb
  Rendering movies/show.html.erb within layouts/application
  Rendered movies/show.html.erb within layouts/application (Duration: 1.7ms | Allocations: 450)
  Rendered layout layouts/application.html.erb (Duration: 4.9ms | Allocations: 1890)
Completed 200 OK in 10ms (Views: 6.8ms | ActiveRecord: 0.2ms | Allocations: 3425)


Started GET "/movies" for 127.0.0.1 at 2024-04-11 22:00:52 +0200
Processing by MoviesController#index as HTML
  Rendering layout layouts/application.html.erb
  Rendering movies/index.html.erb within layouts/application
  [1m[36mMovie Load (0.2ms)[0m  [1m[34mSELECT "movies".* FROM "movies"[0m
  ↳ app/views/movies/index.html.erb:17
  Rendered movies/index.html.erb within layouts/application (Duration: 4.7ms | Allocations: 1922)
  Rendered layout layouts/application.html.erb (Duration: 6.9ms | Allocations: 3222)
Completed 200 OK in 8ms (Views: 7.3ms | ActiveRecord: 0.2ms | Allocations: 3627)


Started GET "/movies/1/edit" for 127.0.0.1 at 2024-04-11 22:01:14 +0200
Processing by MoviesController#edit as HTML
  Parameters: {"id"=>"1"}
  [1m[36mMovie Load (0.2ms)[0m  [1m[34mSELECT "movies".* FROM "movies" WHERE "movies"."id" = ? LIMIT ?[0m  [["id", 1], ["LIMIT", 1]]
  ↳ app/controllers/movies_controller.rb:72:in `set_movie'
  Rendering layout layouts/application.html.erb
  Rendering movies/edit.html.erb within layouts/application
  Rendered movies/_form.html.erb (Duration: 15.4ms | Allocations: 5657)
  Rendered movies/edit.html.erb within layouts/application (Duration: 17.0ms | Allocations: 6068)
  Rendered layout layouts/application.html.erb (Duration: 19.8ms | Allocations: 7507)
Completed 200 OK in 25ms (Views: 21.4ms | ActiveRecord: 0.2ms | Allocations: 9040)


Started GET "/movies" for 127.0.0.1 at 2024-04-11 22:01:17 +0200
Processing by MoviesController#index as HTML
  Rendering layout layouts/application.html.erb
  Rendering movies/index.html.erb within layouts/application
  [1m[36mMovie Load (0.2ms)[0m  [1m[34mSELECT "movies".* FROM "movies"[0m
  ↳ app/views/movies/index.html.erb:17
  Rendered movies/index.html.erb within layouts/application (Duration: 7.9ms | Allocations: 1920)
  Rendered layout layouts/application.html.erb (Duration: 12.3ms | Allocations: 3215)
Completed 200 OK in 15ms (Views: 13.3ms | ActiveRecord: 0.2ms | Allocations: 3619)


Started GET "/movies/5/edit" for 127.0.0.1 at 2024-04-11 22:01:19 +0200
Processing by MoviesController#edit as HTML
  Parameters: {"id"=>"5"}
  [1m[36mMovie Load (0.2ms)[0m  [1m[34mSELECT "movies".* FROM "movies" WHERE "movies"."id" = ? LIMIT ?[0m  [["id", 5], ["LIMIT", 1]]
  ↳ app/controllers/movies_controller.rb:72:in `set_movie'
  Rendering layout layouts/application.html.erb
  Rendering movies/edit.html.erb within layouts/application
  Rendered movies/_form.html.erb (Duration: 4.9ms | Allocations: 1511)
  Rendered movies/edit.html.erb within layouts/application (Duration: 5.6ms | Allocations: 1665)
  Rendered layout layouts/application.html.erb (Duration: 9.4ms | Allocations: 2956)
Completed 200 OK in 13ms (Views: 10.5ms | ActiveRecord: 0.2ms | Allocations: 3759)


Started PATCH "/movies/5" for 127.0.0.1 at 2024-04-11 22:01:23 +0200
Processing by MoviesController#update as HTML
  Parameters: {"authenticity_token"=>"[FILTERED]", "movie"=>{"title"=>"Mulan", "rating"=>"5 Stelle", "description"=>"Bello", "release_date"=>"1995"}, "commit"=>"Update Movie", "id"=>"5"}
  [1m[36mMovie Load (0.2ms)[0m  [1m[34mSELECT "movies".* FROM "movies" WHERE "movies"."id" = ? LIMIT ?[0m  [["id", 5], ["LIMIT", 1]]
  ↳ app/controllers/movies_controller.rb:72:in `set_movie'
Redirected to http://127.0.0.1:3000/movies/5
Completed 302 Found in 8ms (ActiveRecord: 0.2ms | Allocations: 1819)


Started GET "/movies/5" for 127.0.0.1 at 2024-04-11 22:01:23 +0200
Processing by MoviesController#show as HTML
  Parameters: {"id"=>"5"}
  [1m[36mMovie Load (0.2ms)[0m  [1m[34mSELECT "movies".* FROM "movies" WHERE "movies"."id" = ? LIMIT ?[0m  [["id", 5], ["LIMIT", 1]]
  ↳ app/controllers/movies_controller.rb:72:in `set_movie'
  Rendering layout layouts/application.html.erb
  Rendering movies/show.html.erb within layouts/application
  Rendered movies/show.html.erb within layouts/application (Duration: 1.7ms | Allocations: 446)
  Rendered layout layouts/application.html.erb (Duration: 4.8ms | Allocations: 1741)
Completed 200 OK in 9ms (Views: 5.6ms | ActiveRecord: 0.2ms | Allocations: 2676)


Started GET "/movies" for 127.0.0.1 at 2024-04-11 22:01:25 +0200
Processing by MoviesController#index as HTML
  Rendering layout layouts/application.html.erb
  Rendering movies/index.html.erb within layouts/application
  [1m[36mMovie Load (0.2ms)[0m  [1m[34mSELECT "movies".* FROM "movies"[0m
  ↳ app/views/movies/index.html.erb:17
  Rendered movies/index.html.erb within layouts/application (Duration: 4.1ms | Allocations: 1653)
  Rendered layout layouts/application.html.erb (Duration: 7.6ms | Allocations: 2951)
Completed 200 OK in 9ms (Views: 8.2ms | ActiveRecord: 0.2ms | Allocations: 3226)


Started GET "/movies/1" for 127.0.0.1 at 2024-04-11 22:01:54 +0200
Processing by MoviesController#show as HTML
  Parameters: {"id"=>"1"}
  [1m[35m (0.1ms)[0m  [1m[34mSELECT sqlite_version(*)[0m
  ↳ app/controllers/movies_controller.rb:72:in `set_movie'
  [1m[36mMovie Load (0.1ms)[0m  [1m[34mSELECT "movies".* FROM "movies" WHERE "movies"."id" = ? LIMIT ?[0m  [["id", 1], ["LIMIT", 1]]
  ↳ app/controllers/movies_controller.rb:72:in `set_movie'
  Rendering layout layouts/application.html.erb
  Rendering movies/show.html.erb within layouts/application
  Rendered movies/show.html.erb within layouts/application (Duration: 1.0ms | Allocations: 263)
  Rendered layout layouts/application.html.erb (Duration: 3.3ms | Allocations: 1566)
Completed 200 OK in 15ms (Views: 4.2ms | ActiveRecord: 0.8ms | Allocations: 6646)


Started GET "/movies" for 127.0.0.1 at 2024-04-11 22:01:55 +0200
Processing by MoviesController#index as HTML
  Rendering layout layouts/application.html.erb
  Rendering movies/index.html.erb within layouts/application
  [1m[36mMovie Load (0.4ms)[0m  [1m[34mSELECT "movies".* FROM "movies"[0m
  ↳ app/views/movies/index.html.erb:17
  Rendered movies/index.html.erb within layouts/application (Duration: 8.4ms | Allocations: 1737)
  Rendered layout layouts/application.html.erb (Duration: 13.0ms | Allocations: 3029)
Completed 200 OK in 15ms (Views: 13.6ms | ActiveRecord: 0.4ms | Allocations: 3301)


Started GET "/movies/1" for 127.0.0.1 at 2024-04-11 22:02:43 +0200
Processing by MoviesController#show as HTML
  Parameters: {"id"=>"1"}
  [1m[35m (0.1ms)[0m  [1m[34mSELECT sqlite_version(*)[0m
  ↳ app/controllers/movies_controller.rb:63:in `set_movie'
  [1m[36mMovie Load (0.2ms)[0m  [1m[34mSELECT "movies".* FROM "movies" WHERE "movies"."id" = ? LIMIT ?[0m  [["id", 1], ["LIMIT", 1]]
  ↳ app/controllers/movies_controller.rb:63:in `set_movie'
  Rendering layout layouts/application.html.erb
  Rendering movies/show.html.erb within layouts/application
  Rendered movies/show.html.erb within layouts/application (Duration: 0.8ms | Allocations: 263)
  Rendered layout layouts/application.html.erb (Duration: 2.5ms | Allocations: 1566)
Completed 200 OK in 14ms (Views: 3.3ms | ActiveRecord: 1.3ms | Allocations: 6584)


Started GET "/movies" for 127.0.0.1 at 2024-04-11 22:02:44 +0200
Processing by MoviesController#index as HTML
  Rendering layout layouts/application.html.erb
  Rendering movies/index.html.erb within layouts/application
  [1m[36mMovie Load (0.4ms)[0m  [1m[34mSELECT "movies".* FROM "movies"[0m
  ↳ app/views/movies/index.html.erb:17
  Rendered movies/index.html.erb within layouts/application (Duration: 8.0ms | Allocations: 1737)
  Rendered layout layouts/application.html.erb (Duration: 11.7ms | Allocations: 3029)
Completed 200 OK in 13ms (Views: 12.1ms | ActiveRecord: 0.4ms | Allocations: 3301)


Started GET "/movies/5" for 127.0.0.1 at 2024-04-11 22:02:46 +0200
Processing by MoviesController#show as HTML
  Parameters: {"id"=>"5"}
  [1m[36mMovie Load (0.2ms)[0m  [1m[34mSELECT "movies".* FROM "movies" WHERE "movies"."id" = ? LIMIT ?[0m  [["id", 5], ["LIMIT", 1]]
  ↳ app/controllers/movies_controller.rb:63:in `set_movie'
  Rendering layout layouts/application.html.erb
  Rendering movies/show.html.erb within layouts/application
  Rendered movies/show.html.erb within layouts/application (Duration: 1.0ms | Allocations: 235)
  Rendered layout layouts/application.html.erb (Duration: 4.3ms | Allocations: 1527)
Completed 200 OK in 8ms (Views: 5.1ms | ActiveRecord: 0.2ms | Allocations: 2329)


Started GET "/movies" for 127.0.0.1 at 2024-04-11 22:02:47 +0200
Processing by MoviesController#index as HTML
  Rendering layout layouts/application.html.erb
  Rendering movies/index.html.erb within layouts/application
  [1m[36mMovie Load (0.2ms)[0m  [1m[34mSELECT "movies".* FROM "movies"[0m
  ↳ app/views/movies/index.html.erb:17
  Rendered movies/index.html.erb within layouts/application (Duration: 5.9ms | Allocations: 1650)
  Rendered layout layouts/application.html.erb (Duration: 9.7ms | Allocations: 2942)
Completed 200 OK in 11ms (Views: 10.5ms | ActiveRecord: 0.2ms | Allocations: 3214)


Started GET "/movies/1" for 127.0.0.1 at 2024-04-11 22:06:52 +0200
Processing by MoviesController#show as HTML
  Parameters: {"id"=>"1"}
  [1m[35m (0.1ms)[0m  [1m[34mSELECT sqlite_version(*)[0m
  ↳ app/controllers/movies_controller.rb:64:in `set_movie'
  [1m[36mMovie Load (0.2ms)[0m  [1m[34mSELECT "movies".* FROM "movies" WHERE "movies"."id" = ? LIMIT ?[0m  [["id", 1], ["LIMIT", 1]]
  ↳ app/controllers/movies_controller.rb:64:in `set_movie'
  Rendering layout layouts/application.html.erb
  Rendering movies/show.html.erb within layouts/application
  Rendered movies/show.html.erb within layouts/application (Duration: 1.5ms | Allocations: 263)
  Rendered layout layouts/application.html.erb (Duration: 4.4ms | Allocations: 1564)
Completed 200 OK in 22ms (Views: 5.7ms | ActiveRecord: 2.0ms | Allocations: 6582)


Started GET "/movies" for 127.0.0.1 at 2024-04-11 22:06:53 +0200
Processing by MoviesController#index as HTML
  Rendering layout layouts/application.html.erb
  Rendering movies/index.html.erb within layouts/application
  [1m[36mMovie Load (0.3ms)[0m  [1m[34mSELECT "movies".* FROM "movies"[0m
  ↳ app/views/movies/index.html.erb:17
  Rendered movies/index.html.erb within layouts/application (Duration: 10.9ms | Allocations: 1737)
  Rendered layout layouts/application.html.erb (Duration: 13.1ms | Allocations: 3037)
Completed 200 OK in 14ms (Views: 13.4ms | ActiveRecord: 0.3ms | Allocations: 3310)


Started GET "/movies/5" for 127.0.0.1 at 2024-04-11 22:07:07 +0200
Processing by MoviesController#show as HTML
  Parameters: {"id"=>"5"}
  [1m[36mMovie Load (0.3ms)[0m  [1m[34mSELECT "movies".* FROM "movies" WHERE "movies"."id" = ? LIMIT ?[0m  [["id", 5], ["LIMIT", 1]]
  ↳ app/controllers/movies_controller.rb:64:in `set_movie'
  Rendering layout layouts/application.html.erb
  Rendering movies/show.html.erb within layouts/application
  Rendered movies/show.html.erb within layouts/application (Duration: 1.2ms | Allocations: 235)
  Rendered layout layouts/application.html.erb (Duration: 4.5ms | Allocations: 1527)
Completed 200 OK in 9ms (Views: 5.3ms | ActiveRecord: 0.3ms | Allocations: 2329)


Started GET "/movies" for 127.0.0.1 at 2024-04-11 22:07:08 +0200
Processing by MoviesController#index as HTML
  Rendering layout layouts/application.html.erb
  Rendering movies/index.html.erb within layouts/application
  [1m[36mMovie Load (0.2ms)[0m  [1m[34mSELECT "movies".* FROM "movies"[0m
  ↳ app/views/movies/index.html.erb:17
  Rendered movies/index.html.erb within layouts/application (Duration: 3.7ms | Allocations: 1650)
  Rendered layout layouts/application.html.erb (Duration: 6.3ms | Allocations: 2950)
Completed 200 OK in 7ms (Views: 6.8ms | ActiveRecord: 0.2ms | Allocations: 3223)


Started GET "/movies/1" for 127.0.0.1 at 2024-04-11 22:07:35 +0200
Processing by MoviesController#show as HTML
  Parameters: {"id"=>"1"}
  [1m[35m (0.1ms)[0m  [1m[34mSELECT sqlite_version(*)[0m
  ↳ app/controllers/movies_controller.rb:65:in `set_movie'
  [1m[36mMovie Load (0.4ms)[0m  [1m[34mSELECT "movies".* FROM "movies" WHERE "movies"."id" = ? LIMIT ?[0m  [["id", 1], ["LIMIT", 1]]
  ↳ app/controllers/movies_controller.rb:65:in `set_movie'
  Rendering layout layouts/application.html.erb
  Rendering movies/show.html.erb within layouts/application
  Rendered movies/show.html.erb within layouts/application (Duration: 1.1ms | Allocations: 263)
  Rendered layout layouts/application.html.erb (Duration: 3.7ms | Allocations: 1558)
Completed 200 OK in 20ms (Views: 4.8ms | ActiveRecord: 1.9ms | Allocations: 6615)


Started GET "/movies" for 127.0.0.1 at 2024-04-11 22:07:37 +0200
Processing by MoviesController#index as HTML
  Rendering layout layouts/application.html.erb
  Rendering movies/index.html.erb within layouts/application
  [1m[36mMovie Load (0.3ms)[0m  [1m[34mSELECT "movies".* FROM "movies"[0m
  ↳ app/views/movies/index.html.erb:17
  Rendered movies/index.html.erb within layouts/application (Duration: 4.2ms | Allocations: 1737)
  Rendered layout layouts/application.html.erb (Duration: 7.3ms | Allocations: 3037)
Completed 200 OK in 8ms (Views: 7.6ms | ActiveRecord: 0.3ms | Allocations: 3310)


Started GET "/movies/1" for 127.0.0.1 at 2024-04-11 22:10:06 +0200
Processing by MoviesController#show as HTML
  Parameters: {"id"=>"1"}
  [1m[36mMovie Load (0.1ms)[0m  [1m[34mSELECT "movies".* FROM "movies" WHERE "movies"."id" = ? LIMIT ?[0m  [["id", 1], ["LIMIT", 1]]
  ↳ app/controllers/movies_controller.rb:65:in `set_movie'
  Rendering layout layouts/application.html.erb
  Rendering movies/show.html.erb within layouts/application
  Rendered movies/show.html.erb within layouts/application (Duration: 1.8ms | Allocations: 455)
  Rendered layout layouts/application.html.erb (Duration: 5.7ms | Allocations: 1895)
Completed 200 OK in 11ms (Views: 7.6ms | ActiveRecord: 0.1ms | Allocations: 3436)


Started GET "/movies" for 127.0.0.1 at 2024-04-11 22:10:08 +0200
Processing by MoviesController#index as HTML
  Rendering layout layouts/application.html.erb
  Rendering movies/index.html.erb within layouts/application
  [1m[36mMovie Load (0.2ms)[0m  [1m[34mSELECT "movies".* FROM "movies"[0m
  ↳ app/views/movies/index.html.erb:17
  Rendered movies/index.html.erb within layouts/application (Duration: 9.9ms | Allocations: 3178)
  Rendered layout layouts/application.html.erb (Duration: 12.2ms | Allocations: 4470)
Completed 200 OK in 14ms (Views: 12.7ms | ActiveRecord: 0.2ms | Allocations: 4875)


Started GET "/movies/1" for 127.0.0.1 at 2024-04-11 22:10:09 +0200
Processing by MoviesController#show as HTML
  Parameters: {"id"=>"1"}
  [1m[36mMovie Load (0.3ms)[0m  [1m[34mSELECT "movies".* FROM "movies" WHERE "movies"."id" = ? LIMIT ?[0m  [["id", 1], ["LIMIT", 1]]
  ↳ app/controllers/movies_controller.rb:65:in `set_movie'
  Rendering layout layouts/application.html.erb
  Rendering movies/show.html.erb within layouts/application
  Rendered movies/show.html.erb within layouts/application (Duration: 1.3ms | Allocations: 251)
  Rendered layout layouts/application.html.erb (Duration: 5.7ms | Allocations: 1543)
Completed 200 OK in 11ms (Views: 6.9ms | ActiveRecord: 0.3ms | Allocations: 2346)


Started GET "/movies" for 127.0.0.1 at 2024-04-11 22:10:11 +0200
Processing by MoviesController#index as HTML
  Rendering layout layouts/application.html.erb
  Rendering movies/index.html.erb within layouts/application
  [1m[36mMovie Load (0.2ms)[0m  [1m[34mSELECT "movies".* FROM "movies"[0m
  ↳ app/views/movies/index.html.erb:17
  Rendered movies/index.html.erb within layouts/application (Duration: 11.8ms | Allocations: 2856)
  Rendered layout layouts/application.html.erb (Duration: 15.7ms | Allocations: 4147)
Completed 200 OK in 17ms (Views: 16.3ms | ActiveRecord: 0.2ms | Allocations: 4419)


Started GET "/" for 127.0.0.1 at 2024-04-11 22:10:13 +0200
Started GET "/movies" for 127.0.0.1 at 2024-04-11 22:10:13 +0200
Processing by MoviesController#index as HTML
  Rendering layout layouts/application.html.erb
  Rendering movies/index.html.erb within layouts/application
  [1m[36mMovie Load (0.2ms)[0m  [1m[34mSELECT "movies".* FROM "movies"[0m
  ↳ app/views/movies/index.html.erb:17
  Rendered movies/index.html.erb within layouts/application (Duration: 9.6ms | Allocations: 2856)
  Rendered layout layouts/application.html.erb (Duration: 13.3ms | Allocations: 4147)
Completed 200 OK in 15ms (Views: 13.9ms | ActiveRecord: 0.2ms | Allocations: 4419)


Started DELETE "/movies/1" for 127.0.0.1 at 2024-04-11 22:10:15 +0200
Processing by MoviesController#destroy as HTML
  Parameters: {"authenticity_token"=>"[FILTERED]", "commit"=>"Destroy", "id"=>"1"}
  [1m[36mMovie Load (0.2ms)[0m  [1m[34mSELECT "movies".* FROM "movies" WHERE "movies"."id" = ? LIMIT ?[0m  [["id", 1], ["LIMIT", 1]]
  ↳ app/controllers/movies_controller.rb:65:in `set_movie'
  [1m[36mCACHE Movie Load (0.1ms)[0m  [1m[34mSELECT "movies".* FROM "movies" WHERE "movies"."id" = ? LIMIT ?[0m  [["id", 1], ["LIMIT", 1]]
  ↳ app/controllers/movies_controller.rb:52:in `destroy'
Completed 500 Internal Server Error in 18ms (ActiveRecord: 0.3ms | Allocations: 3806)


  
NoMethodError (undefined method `cancella' for #<Movie:0x000055633cfbea60>):
  
app/controllers/movies_controller.rb:54:in `destroy'
Started GET "/movies" for 127.0.0.1 at 2024-04-11 22:10:38 +0200
Processing by MoviesController#index as HTML
  Rendering layout layouts/application.html.erb
  Rendering movies/index.html.erb within layouts/application
  [1m[35m (0.1ms)[0m  [1m[34mSELECT sqlite_version(*)[0m
  ↳ app/views/movies/index.html.erb:17
  [1m[36mMovie Load (0.4ms)[0m  [1m[34mSELECT "movies".* FROM "movies"[0m
  ↳ app/views/movies/index.html.erb:17
  Rendered movies/index.html.erb within layouts/application (Duration: 19.8ms | Allocations: 7087)
  Rendered layout layouts/application.html.erb (Duration: 23.2ms | Allocations: 8490)
Completed 200 OK in 27ms (Views: 24.8ms | ActiveRecord: 2.0ms | Allocations: 9192)


Started DELETE "/movies/1" for 127.0.0.1 at 2024-04-11 22:10:40 +0200
Processing by MoviesController#destroy as HTML
  Parameters: {"authenticity_token"=>"[FILTERED]", "commit"=>"Destroy", "id"=>"1"}
  [1m[36mMovie Load (0.4ms)[0m  [1m[34mSELECT "movies".* FROM "movies" WHERE "movies"."id" = ? LIMIT ?[0m  [["id", 1], ["LIMIT", 1]]
  ↳ app/controllers/movies_controller.rb:65:in `set_movie'
Completed 500 Internal Server Error in 17ms (ActiveRecord: 0.4ms | Allocations: 3478)


  
NoMethodError (undefined method `cancella' for #<Movie:0x00007f5770569d38>):
  
app/controllers/movies_controller.rb:54:in `destroy'
Started GET "/movies" for 127.0.0.1 at 2024-04-11 22:13:27 +0200
Processing by MoviesController#index as HTML
  Rendering layout layouts/application.html.erb
  Rendering movies/index.html.erb within layouts/application
  [1m[35m (0.1ms)[0m  [1m[34mSELECT sqlite_version(*)[0m
  ↳ app/views/movies/index.html.erb:17
  [1m[36mMovie Load (0.3ms)[0m  [1m[34mSELECT "movies".* FROM "movies"[0m
  ↳ app/views/movies/index.html.erb:17
  Rendered movies/index.html.erb within layouts/application (Duration: 19.8ms | Allocations: 6872)
  Rendered layout layouts/application.html.erb (Duration: 23.0ms | Allocations: 8172)
Completed 200 OK in 26ms (Views: 24.3ms | ActiveRecord: 1.6ms | Allocations: 8774)


Started DELETE "/movies/1" for 127.0.0.1 at 2024-04-11 22:13:28 +0200
Processing by MoviesController#destroy as HTML
  Parameters: {"authenticity_token"=>"[FILTERED]", "commit"=>"Destroy", "id"=>"1"}
  [1m[36mMovie Load (0.4ms)[0m  [1m[34mSELECT "movies".* FROM "movies" WHERE "movies"."id" = ? LIMIT ?[0m  [["id", 1], ["LIMIT", 1]]
  ↳ app/controllers/movies_controller.rb:65:in `set_movie'
  [1m[36mCACHE Movie Load (0.0ms)[0m  [1m[34mSELECT "movies".* FROM "movies" WHERE "movies"."id" = ? LIMIT ?[0m  [["id", 1], ["LIMIT", 1]]
  ↳ app/controllers/movies_controller.rb:52:in `destroy'
  [1m[36mMovie Destroy (11.2ms)[0m  [1m[31mDELETE FROM "movies" WHERE "movies"."title" = ?[0m  [["title", "Aladdin"]]
  ↳ app/models/movie.rb:3:in `cancella'
Redirected to http://127.0.0.1:3000/movies
Completed 302 Found in 27ms (ActiveRecord: 11.6ms | Allocations: 3936)


Started GET "/movies" for 127.0.0.1 at 2024-04-11 22:13:28 +0200
Processing by MoviesController#index as HTML
  Rendering layout layouts/application.html.erb
  Rendering movies/index.html.erb within layouts/application
  [1m[36mMovie Load (0.4ms)[0m  [1m[34mSELECT "movies".* FROM "movies"[0m
  ↳ app/views/movies/index.html.erb:17
  Rendered movies/index.html.erb within layouts/application (Duration: 10.1ms | Allocations: 2457)
  Rendered layout layouts/application.html.erb (Duration: 13.6ms | Allocations: 3748)
Completed 200 OK in 15ms (Views: 14.0ms | ActiveRecord: 0.4ms | Allocations: 4022)


Started GET "/movies" for 127.0.0.1 at 2024-04-11 22:14:55 +0200
Processing by MoviesController#index as HTML
  Rendering layout layouts/application.html.erb
  Rendering movies/index.html.erb within layouts/application
  [1m[35m (0.1ms)[0m  [1m[34mSELECT sqlite_version(*)[0m
  ↳ app/views/movies/index.html.erb:17
  [1m[36mMovie Load (0.2ms)[0m  [1m[34mSELECT "movies".* FROM "movies"[0m
  ↳ app/views/movies/index.html.erb:17
  Rendered movies/index.html.erb within layouts/application (Duration: 21.8ms | Allocations: 5716)
  Rendered layout layouts/application.html.erb (Duration: 25.8ms | Allocations: 7169)
Completed 200 OK in 31ms (Views: 28.4ms | ActiveRecord: 1.2ms | Allocations: 8372)


Started GET "/movies/2" for 127.0.0.1 at 2024-04-11 22:14:56 +0200
Processing by MoviesController#show as HTML
  Parameters: {"id"=>"2"}
  [1m[36mMovie Load (0.4ms)[0m  [1m[34mSELECT "movies".* FROM "movies" WHERE "movies"."id" = ? LIMIT ?[0m  [["id", 2], ["LIMIT", 1]]
  ↳ app/controllers/movies_controller.rb:64:in `set_movie'
  Rendering layout layouts/application.html.erb
  Rendering movies/show.html.erb within layouts/application
  Rendered movies/show.html.erb within layouts/application (Duration: 2.0ms | Allocations: 450)
  Rendered layout layouts/application.html.erb (Duration: 4.5ms | Allocations: 1745)
Completed 200 OK in 11ms (Views: 5.4ms | ActiveRecord: 0.4ms | Allocations: 2807)


Started GET "/movies" for 127.0.0.1 at 2024-04-11 22:14:58 +0200
Processing by MoviesController#index as HTML
  Rendering layout layouts/application.html.erb
  Rendering movies/index.html.erb within layouts/application
  [1m[36mMovie Load (0.2ms)[0m  [1m[34mSELECT "movies".* FROM "movies"[0m
  ↳ app/views/movies/index.html.erb:17
  Rendered movies/index.html.erb within layouts/application (Duration: 6.2ms | Allocations: 1484)
  Rendered layout layouts/application.html.erb (Duration: 9.5ms | Allocations: 2776)
Completed 200 OK in 11ms (Views: 10.1ms | ActiveRecord: 0.2ms | Allocations: 3049)


Started GET "/movies/5" for 127.0.0.1 at 2024-04-11 22:18:35 +0200
Processing by MoviesController#show as HTML
  Parameters: {"id"=>"5"}
  [1m[36mMovie Load (0.2ms)[0m  [1m[34mSELECT "movies".* FROM "movies" WHERE "movies"."id" = ? LIMIT ?[0m  [["id", 5], ["LIMIT", 1]]
  ↳ app/controllers/movies_controller.rb:64:in `set_movie'
  Rendering layout layouts/application.html.erb
  Rendering movies/show.html.erb within layouts/application
  Rendered movies/show.html.erb within layouts/application (Duration: 2.1ms | Allocations: 435)
  Rendered layout layouts/application.html.erb (Duration: 16.9ms | Allocations: 5311)
Completed 200 OK in 25ms (Views: 20.3ms | ActiveRecord: 0.2ms | Allocations: 6850)


Started GET "/movies" for 127.0.0.1 at 2024-04-11 22:18:36 +0200
Processing by MoviesController#index as HTML
  Rendering layout layouts/application.html.erb
  Rendering movies/index.html.erb within layouts/application
  [1m[36mMovie Load (0.3ms)[0m  [1m[34mSELECT "movies".* FROM "movies"[0m
  ↳ app/views/movies/index.html.erb:17
  Rendered movies/index.html.erb within layouts/application (Duration: 11.5ms | Allocations: 3063)
  Rendered layout layouts/application.html.erb (Duration: 14.9ms | Allocations: 4355)
Completed 200 OK in 17ms (Views: 15.7ms | ActiveRecord: 0.3ms | Allocations: 4760)


Started GET "/movies" for 127.0.0.1 at 2024-04-11 22:18:56 +0200
Processing by MoviesController#index as HTML
  Rendering layout layouts/application.html.erb
  Rendering movies/index.html.erb within layouts/application
  [1m[36mMovie Load (0.2ms)[0m  [1m[34mSELECT "movies".* FROM "movies"[0m
  ↳ app/views/movies/index.html.erb:17
  Rendered movies/index.html.erb within layouts/application (Duration: 9.8ms | Allocations: 2726)
  Rendered layout layouts/application.html.erb (Duration: 13.4ms | Allocations: 4017)
Completed 200 OK in 15ms (Views: 14.3ms | ActiveRecord: 0.2ms | Allocations: 4290)


Started GET "/movies" for 127.0.0.1 at 2024-04-11 22:19:26 +0200
Processing by MoviesController#index as HTML
  Rendering layout layouts/application.html.erb
  Rendering movies/index.html.erb within layouts/application
  [1m[36mMovie Load (0.2ms)[0m  [1m[34mSELECT "movies".* FROM "movies"[0m
  ↳ app/views/movies/index.html.erb:17
  Rendered movies/index.html.erb within layouts/application (Duration: 6.8ms | Allocations: 2726)
  Rendered layout layouts/application.html.erb (Duration: 16.2ms | Allocations: 7281)
Completed 200 OK in 17ms (Views: 16.7ms | ActiveRecord: 0.2ms | Allocations: 7553)


Started DELETE "/movies/2" for 127.0.0.1 at 2024-04-11 22:19:30 +0200
Processing by MoviesController#destroy as HTML
  Parameters: {"authenticity_token"=>"[FILTERED]", "commit"=>"Destroy", "id"=>"2"}
  [1m[36mMovie Load (0.2ms)[0m  [1m[34mSELECT "movies".* FROM "movies" WHERE "movies"."id" = ? LIMIT ?[0m  [["id", 2], ["LIMIT", 1]]
  ↳ app/controllers/movies_controller.rb:64:in `set_movie'
  [1m[36mCACHE Movie Load (0.0ms)[0m  [1m[34mSELECT "movies".* FROM "movies" WHERE "movies"."id" = ? LIMIT ?[0m  [["id", 2], ["LIMIT", 1]]
  ↳ app/controllers/movies_controller.rb:52:in `destroy'
  [1m[36mMovie Destroy (18.6ms)[0m  [1m[31mDELETE FROM "movies" WHERE "movies"."title" = ?[0m  [["title", "When Harry Met Sally"]]
  ↳ app/models/movie.rb:3:in `cancella'
Redirected to http://127.0.0.1:3000/movies
Completed 302 Found in 35ms (ActiveRecord: 18.8ms | Allocations: 3766)


Started GET "/movies" for 127.0.0.1 at 2024-04-11 22:19:30 +0200
Processing by MoviesController#index as HTML
  Rendering layout layouts/application.html.erb
  Rendering movies/index.html.erb within layouts/application
  [1m[36mMovie Load (0.2ms)[0m  [1m[34mSELECT "movies".* FROM "movies"[0m
  ↳ app/views/movies/index.html.erb:17
  Rendered movies/index.html.erb within layouts/application (Duration: 5.4ms | Allocations: 2256)
  Rendered layout layouts/application.html.erb (Duration: 7.6ms | Allocations: 3547)
Completed 200 OK in 9ms (Views: 8.1ms | ActiveRecord: 0.2ms | Allocations: 3819)


Started GET "/movies" for 127.0.0.1 at 2024-04-11 22:19:50 +0200
Processing by MoviesController#index as HTML
  Rendering layout layouts/application.html.erb
  Rendering movies/index.html.erb within layouts/application
  [1m[36mMovie Load (0.2ms)[0m  [1m[34mSELECT "movies".* FROM "movies"[0m
  ↳ app/views/movies/index.html.erb:17
  Rendered movies/index.html.erb within layouts/application (Duration: 7.8ms | Allocations: 2245)
  Rendered layout layouts/application.html.erb (Duration: 26.2ms | Allocations: 6792)
Completed 200 OK in 28ms (Views: 26.9ms | ActiveRecord: 0.2ms | Allocations: 7064)


Started GET "/movies" for 127.0.0.1 at 2024-04-11 22:20:11 +0200
Processing by MoviesController#index as HTML
  Rendering layout layouts/application.html.erb
  Rendering movies/index.html.erb within layouts/application
  [1m[36mMovie Load (0.2ms)[0m  [1m[34mSELECT "movies".* FROM "movies"[0m
  ↳ app/views/movies/index.html.erb:17
  Rendered movies/index.html.erb within layouts/application (Duration: 12.3ms | Allocations: 2580)
  Rendered layout layouts/application.html.erb (Duration: 17.9ms | Allocations: 4070)
Completed 200 OK in 22ms (Views: 20.3ms | ActiveRecord: 0.2ms | Allocations: 5081)


Started GET "/movies" for 127.0.0.1 at 2024-04-11 22:20:31 +0200
Processing by MoviesController#index as HTML
  Rendering layout layouts/application.html.erb
  Rendering movies/index.html.erb within layouts/application
  [1m[36mMovie Load (0.3ms)[0m  [1m[34mSELECT "movies".* FROM "movies"[0m
  ↳ app/views/movies/index.html.erb:17
  Rendered movies/index.html.erb within layouts/application (Duration: 11.3ms | Allocations: 2582)
  Rendered layout layouts/application.html.erb (Duration: 16.1ms | Allocations: 4021)
Completed 200 OK in 21ms (Views: 19.0ms | ActiveRecord: 0.3ms | Allocations: 5032)


Started GET "/movies" for 127.0.0.1 at 2024-04-11 22:21:20 +0200
Processing by MoviesController#index as HTML
  Rendering layout layouts/application.html.erb
  Rendering movies/index.html.erb within layouts/application
  [1m[36mMovie Load (0.2ms)[0m  [1m[34mSELECT "movies".* FROM "movies"[0m
  ↳ app/views/movies/index.html.erb:17
  Rendered movies/index.html.erb within layouts/application (Duration: 10.6ms | Allocations: 2581)
  Rendered layout layouts/application.html.erb (Duration: 29.0ms | Allocations: 7875)
Completed 200 OK in 33ms (Views: 31.7ms | ActiveRecord: 0.2ms | Allocations: 8880)


Started GET "/movies" for 127.0.0.1 at 2024-04-11 22:21:32 +0200
Processing by MoviesController#index as HTML
  Rendering layout layouts/application.html.erb
  Rendering movies/index.html.erb within layouts/application
  [1m[36mMovie Load (0.2ms)[0m  [1m[34mSELECT "movies".* FROM "movies"[0m
  ↳ app/views/movies/index.html.erb:17
  Rendered movies/index.html.erb within layouts/application (Duration: 5.8ms | Allocations: 2256)
  Rendered layout layouts/application.html.erb (Duration: 15.2ms | Allocations: 6802)
Completed 200 OK in 17ms (Views: 15.8ms | ActiveRecord: 0.2ms | Allocations: 7075)


Started GET "/movies" for 127.0.0.1 at 2024-04-11 22:21:40 +0200
Processing by MoviesController#index as HTML
  Rendering layout layouts/application.html.erb
  Rendering movies/index.html.erb within layouts/application
  [1m[36mMovie Load (0.3ms)[0m  [1m[34mSELECT "movies".* FROM "movies"[0m
  ↳ app/views/movies/index.html.erb:17
  Rendered movies/index.html.erb within layouts/application (Duration: 7.7ms | Allocations: 2245)
  Rendered layout layouts/application.html.erb (Duration: 21.3ms | Allocations: 7344)
Completed 200 OK in 23ms (Views: 21.7ms | ActiveRecord: 0.3ms | Allocations: 7616)


Started DELETE "/movies/5" for 127.0.0.1 at 2024-04-11 22:22:05 +0200
Processing by MoviesController#destroy as HTML
  Parameters: {"authenticity_token"=>"[FILTERED]", "commit"=>"Destroy", "id"=>"5"}
  [1m[36mMovie Load (0.3ms)[0m  [1m[34mSELECT "movies".* FROM "movies" WHERE "movies"."id" = ? LIMIT ?[0m  [["id", 5], ["LIMIT", 1]]
  ↳ app/controllers/movies_controller.rb:64:in `set_movie'
  [1m[36mCACHE Movie Load (0.0ms)[0m  [1m[34mSELECT "movies".* FROM "movies" WHERE "movies"."id" = ? LIMIT ?[0m  [["id", 5], ["LIMIT", 1]]
  ↳ app/controllers/movies_controller.rb:52:in `destroy'
  [1m[36mMovie Destroy (10.7ms)[0m  [1m[31mDELETE FROM "movies" WHERE "movies"."title" = ?[0m  [["title", "Mulan"]]
  ↳ app/models/movie.rb:3:in `cancella'
Redirected to http://127.0.0.1:3000/movies
Completed 302 Found in 25ms (ActiveRecord: 11.1ms | Allocations: 3768)


Started GET "/movies" for 127.0.0.1 at 2024-04-11 22:22:05 +0200
Processing by MoviesController#index as HTML
  Rendering layout layouts/application.html.erb
  Rendering movies/index.html.erb within layouts/application
  [1m[36mMovie Load (0.2ms)[0m  [1m[34mSELECT "movies".* FROM "movies"[0m
  ↳ app/views/movies/index.html.erb:17
  Rendered movies/index.html.erb within layouts/application (Duration: 4.8ms | Allocations: 1791)
  Rendered layout layouts/application.html.erb (Duration: 7.6ms | Allocations: 3083)
Completed 200 OK in 9ms (Views: 8.3ms | ActiveRecord: 0.2ms | Allocations: 3355)


  [1m[35m (0.4ms)[0m  [1m[34mSELECT sqlite_version(*)[0m
  [1m[35m (0.1ms)[0m  [1m[34mSELECT "schema_migrations"."version" FROM "schema_migrations" ORDER BY "schema_migrations"."version" ASC[0m
  [1m[35m (0.1ms)[0m  [1m[34mSELECT sqlite_version(*)[0m
  [1m[36mTRANSACTION (0.1ms)[0m  [1m[36mbegin transaction[0m
  [1m[36mMovie Create (0.5ms)[0m  [1m[32mINSERT INTO "movies" ("title", "rating", "release_date", "created_at", "updated_at") VALUES (?, ?, ?, ?, ?)[0m  [["title", "Aladdin"], ["rating", "G"], ["release_date", "1992-11-25 00:00:00"], ["created_at", "2024-04-11 20:23:14.110136"], ["updated_at", "2024-04-11 20:23:14.110136"]]
  [1m[36mTRANSACTION (16.5ms)[0m  [1m[36mcommit transaction[0m
  [1m[36mTRANSACTION (0.1ms)[0m  [1m[36mbegin transaction[0m
  [1m[36mMovie Create (0.3ms)[0m  [1m[32mINSERT INTO "movies" ("title", "rating", "release_date", "created_at", "updated_at") VALUES (?, ?, ?, ?, ?)[0m  [["title", "When Harry Met Sally"], ["rating", "R"], ["release_date", "1989-07-21 00:00:00"], ["created_at", "2024-04-11 20:23:14.132189"], ["updated_at", "2024-04-11 20:23:14.132189"]]
  [1m[36mTRANSACTION (13.2ms)[0m  [1m[36mcommit transaction[0m
  [1m[36mTRANSACTION (0.1ms)[0m  [1m[36mbegin transaction[0m
  [1m[36mMovie Create (0.3ms)[0m  [1m[32mINSERT INTO "movies" ("title", "rating", "release_date", "created_at", "updated_at") VALUES (?, ?, ?, ?, ?)[0m  [["title", "The Help"], ["rating", "PG-13"], ["release_date", "2011-08-10 00:00:00"], ["created_at", "2024-04-11 20:23:14.149780"], ["updated_at", "2024-04-11 20:23:14.149780"]]
  [1m[36mTRANSACTION (9.2ms)[0m  [1m[36mcommit transaction[0m
  [1m[36mTRANSACTION (0.1ms)[0m  [1m[36mbegin transaction[0m
  [1m[36mMovie Create (0.3ms)[0m  [1m[32mINSERT INTO "movies" ("title", "rating", "release_date", "created_at", "updated_at") VALUES (?, ?, ?, ?, ?)[0m  [["title", "Raiders of the Lost Ark"], ["rating", "PG"], ["release_date", "1981-06-12 00:00:00"], ["created_at", "2024-04-11 20:23:14.163330"], ["updated_at", "2024-04-11 20:23:14.163330"]]
  [1m[36mTRANSACTION (9.3ms)[0m  [1m[36mcommit transaction[0m
Started GET "/movies" for 127.0.0.1 at 2024-04-11 22:23:18 +0200
Processing by MoviesController#index as HTML
  Rendering layout layouts/application.html.erb
  Rendering movies/index.html.erb within layouts/application
  [1m[36mMovie Load (0.2ms)[0m  [1m[34mSELECT "movies".* FROM "movies"[0m
  ↳ app/views/movies/index.html.erb:17
  Rendered movies/index.html.erb within layouts/application (Duration: 8.6ms | Allocations: 3701)
  Rendered layout layouts/application.html.erb (Duration: 25.0ms | Allocations: 8221)
Completed 200 OK in 26ms (Views: 25.5ms | ActiveRecord: 0.2ms | Allocations: 8494)


Started DELETE "/movies/8" for 127.0.0.1 at 2024-04-11 22:23:21 +0200
Processing by MoviesController#destroy as HTML
  Parameters: {"authenticity_token"=>"[FILTERED]", "commit"=>"Destroy", "id"=>"8"}
  [1m[36mMovie Load (0.2ms)[0m  [1m[34mSELECT "movies".* FROM "movies" WHERE "movies"."id" = ? LIMIT ?[0m  [["id", 8], ["LIMIT", 1]]
  ↳ app/controllers/movies_controller.rb:64:in `set_movie'
  [1m[36mCACHE Movie Load (0.0ms)[0m  [1m[34mSELECT "movies".* FROM "movies" WHERE "movies"."id" = ? LIMIT ?[0m  [["id", 8], ["LIMIT", 1]]
  ↳ app/controllers/movies_controller.rb:52:in `destroy'
  [1m[36mMovie Destroy (19.1ms)[0m  [1m[31mDELETE FROM "movies" WHERE "movies"."title" = ?[0m  [["title", "The Help"]]
  ↳ app/models/movie.rb:3:in `cancella'
Redirected to http://127.0.0.1:3000/movies
Completed 302 Found in 30ms (ActiveRecord: 19.3ms | Allocations: 3768)


Started GET "/movies" for 127.0.0.1 at 2024-04-11 22:23:21 +0200
Processing by MoviesController#index as HTML
  Rendering layout layouts/application.html.erb
  Rendering movies/index.html.erb within layouts/application
  [1m[36mMovie Load (0.2ms)[0m  [1m[34mSELECT "movies".* FROM "movies"[0m
  ↳ app/views/movies/index.html.erb:17
  Rendered movies/index.html.erb within layouts/application (Duration: 9.8ms | Allocations: 2752)
  Rendered layout layouts/application.html.erb (Duration: 13.0ms | Allocations: 4043)
Completed 200 OK in 14ms (Views: 13.5ms | ActiveRecord: 0.2ms | Allocations: 4316)


Started GET "/movies" for 127.0.0.1 at 2024-04-11 22:23:25 +0200
Processing by MoviesController#index as HTML
  Rendering layout layouts/application.html.erb
  Rendering movies/index.html.erb within layouts/application
  [1m[36mMovie Load (0.2ms)[0m  [1m[34mSELECT "movies".* FROM "movies"[0m
  ↳ app/views/movies/index.html.erb:17
  Rendered movies/index.html.erb within layouts/application (Duration: 8.3ms | Allocations: 2741)
  Rendered layout layouts/application.html.erb (Duration: 10.6ms | Allocations: 4032)
Completed 200 OK in 12ms (Views: 11.2ms | ActiveRecord: 0.2ms | Allocations: 4304)


Started DELETE "/movies/9" for 127.0.0.1 at 2024-04-11 22:23:28 +0200
Processing by MoviesController#destroy as HTML
  Parameters: {"authenticity_token"=>"[FILTERED]", "commit"=>"Destroy", "id"=>"9"}
  [1m[36mMovie Load (0.2ms)[0m  [1m[34mSELECT "movies".* FROM "movies" WHERE "movies"."id" = ? LIMIT ?[0m  [["id", 9], ["LIMIT", 1]]
  ↳ app/controllers/movies_controller.rb:64:in `set_movie'
  [1m[36mCACHE Movie Load (0.0ms)[0m  [1m[34mSELECT "movies".* FROM "movies" WHERE "movies"."id" = ? LIMIT ?[0m  [["id", 9], ["LIMIT", 1]]
  ↳ app/controllers/movies_controller.rb:52:in `destroy'
  [1m[36mMovie Destroy (10.0ms)[0m  [1m[31mDELETE FROM "movies" WHERE "movies"."title" = ?[0m  [["title", "Raiders of the Lost Ark"]]
  ↳ app/models/movie.rb:3:in `cancella'
Redirected to http://127.0.0.1:3000/movies
Completed 302 Found in 22ms (ActiveRecord: 10.3ms | Allocations: 3765)


Started GET "/movies" for 127.0.0.1 at 2024-04-11 22:23:28 +0200
Processing by MoviesController#index as HTML
  Rendering layout layouts/application.html.erb
  Rendering movies/index.html.erb within layouts/application
  [1m[36mMovie Load (0.2ms)[0m  [1m[34mSELECT "movies".* FROM "movies"[0m
  ↳ app/views/movies/index.html.erb:17
  Rendered movies/index.html.erb within layouts/application (Duration: 6.7ms | Allocations: 1790)
  Rendered layout layouts/application.html.erb (Duration: 9.8ms | Allocations: 3081)
Completed 200 OK in 11ms (Views: 10.3ms | ActiveRecord: 0.2ms | Allocations: 3353)


Started DELETE "/movies/7" for 127.0.0.1 at 2024-04-11 22:23:36 +0200
Processing by MoviesController#destroy as HTML
  Parameters: {"authenticity_token"=>"[FILTERED]", "commit"=>"Destroy", "id"=>"7"}
  [1m[36mMovie Load (0.2ms)[0m  [1m[34mSELECT "movies".* FROM "movies" WHERE "movies"."id" = ? LIMIT ?[0m  [["id", 7], ["LIMIT", 1]]
  ↳ app/controllers/movies_controller.rb:64:in `set_movie'
  [1m[36mCACHE Movie Load (0.1ms)[0m  [1m[34mSELECT "movies".* FROM "movies" WHERE "movies"."id" = ? LIMIT ?[0m  [["id", 7], ["LIMIT", 1]]
  ↳ app/controllers/movies_controller.rb:52:in `destroy'
  [1m[36mMovie Destroy (17.3ms)[0m  [1m[31mDELETE FROM "movies" WHERE "movies"."title" = ?[0m  [["title", "When Harry Met Sally"]]
  ↳ app/models/movie.rb:3:in `cancella'
Redirected to http://127.0.0.1:3000/movies
Completed 302 Found in 31ms (ActiveRecord: 17.6ms | Allocations: 3767)


Started GET "/movies" for 127.0.0.1 at 2024-04-11 22:23:36 +0200
Processing by MoviesController#index as HTML
  Rendering layout layouts/application.html.erb
  Rendering movies/index.html.erb within layouts/application
  [1m[36mMovie Load (0.2ms)[0m  [1m[34mSELECT "movies".* FROM "movies"[0m
  ↳ app/views/movies/index.html.erb:17
  Rendered movies/index.html.erb within layouts/application (Duration: 6.1ms | Allocations: 1310)
  Rendered layout layouts/application.html.erb (Duration: 9.7ms | Allocations: 2601)
Completed 200 OK in 12ms (Views: 10.6ms | ActiveRecord: 0.2ms | Allocations: 2873)


Started DELETE "/movies/6" for 127.0.0.1 at 2024-04-11 22:23:37 +0200
Processing by MoviesController#destroy as HTML
  Parameters: {"authenticity_token"=>"[FILTERED]", "commit"=>"Destroy", "id"=>"6"}
  [1m[36mMovie Load (0.2ms)[0m  [1m[34mSELECT "movies".* FROM "movies" WHERE "movies"."id" = ? LIMIT ?[0m  [["id", 6], ["LIMIT", 1]]
  ↳ app/controllers/movies_controller.rb:64:in `set_movie'
  [1m[36mCACHE Movie Load (0.0ms)[0m  [1m[34mSELECT "movies".* FROM "movies" WHERE "movies"."id" = ? LIMIT ?[0m  [["id", 6], ["LIMIT", 1]]
  ↳ app/controllers/movies_controller.rb:52:in `destroy'
  [1m[36mMovie Destroy (10.3ms)[0m  [1m[31mDELETE FROM "movies" WHERE "movies"."title" = ?[0m  [["title", "Aladdin"]]
  ↳ app/models/movie.rb:3:in `cancella'
Redirected to http://127.0.0.1:3000/movies
Completed 302 Found in 27ms (ActiveRecord: 10.6ms | Allocations: 3765)


Started GET "/movies" for 127.0.0.1 at 2024-04-11 22:23:37 +0200
Processing by MoviesController#index as HTML
  Rendering layout layouts/application.html.erb
  Rendering movies/index.html.erb within layouts/application
  [1m[36mMovie Load (0.2ms)[0m  [1m[34mSELECT "movies".* FROM "movies"[0m
  ↳ app/views/movies/index.html.erb:17
  Rendered movies/index.html.erb within layouts/application (Duration: 4.1ms | Allocations: 829)
  Rendered layout layouts/application.html.erb (Duration: 7.3ms | Allocations: 2122)
Completed 200 OK in 9ms (Views: 8.0ms | ActiveRecord: 0.2ms | Allocations: 2394)


  [1m[35m (0.4ms)[0m  [1m[34mSELECT sqlite_version(*)[0m
  [1m[35m (0.1ms)[0m  [1m[34mSELECT "schema_migrations"."version" FROM "schema_migrations" ORDER BY "schema_migrations"."version" ASC[0m
  [1m[35m (0.1ms)[0m  [1m[34mSELECT sqlite_version(*)[0m
  [1m[36mTRANSACTION (0.1ms)[0m  [1m[36mbegin transaction[0m
  [1m[36mMovie Create (0.3ms)[0m  [1m[32mINSERT INTO "movies" ("title", "rating", "release_date", "created_at", "updated_at") VALUES (?, ?, ?, ?, ?)[0m  [["title", "Aladdin"], ["rating", "G"], ["release_date", "1992-11-25 00:00:00"], ["created_at", "2024-04-11 20:23:41.740403"], ["updated_at", "2024-04-11 20:23:41.740403"]]
  [1m[36mTRANSACTION (24.1ms)[0m  [1m[36mcommit transaction[0m
  [1m[36mTRANSACTION (0.1ms)[0m  [1m[36mbegin transaction[0m
  [1m[36mMovie Create (0.3ms)[0m  [1m[32mINSERT INTO "movies" ("title", "rating", "release_date", "created_at", "updated_at") VALUES (?, ?, ?, ?, ?)[0m  [["title", "When Harry Met Sally"], ["rating", "R"], ["release_date", "1989-07-21 00:00:00"], ["created_at", "2024-04-11 20:23:41.769790"], ["updated_at", "2024-04-11 20:23:41.769790"]]
  [1m[36mTRANSACTION (14.5ms)[0m  [1m[36mcommit transaction[0m
  [1m[36mTRANSACTION (0.1ms)[0m  [1m[36mbegin transaction[0m
  [1m[36mMovie Create (0.3ms)[0m  [1m[32mINSERT INTO "movies" ("title", "rating", "release_date", "created_at", "updated_at") VALUES (?, ?, ?, ?, ?)[0m  [["title", "The Help"], ["rating", "PG-13"], ["release_date", "2011-08-10 00:00:00"], ["created_at", "2024-04-11 20:23:41.788689"], ["updated_at", "2024-04-11 20:23:41.788689"]]
  [1m[36mTRANSACTION (10.5ms)[0m  [1m[36mcommit transaction[0m
  [1m[36mTRANSACTION (0.1ms)[0m  [1m[36mbegin transaction[0m
  [1m[36mMovie Create (0.3ms)[0m  [1m[32mINSERT INTO "movies" ("title", "rating", "release_date", "created_at", "updated_at") VALUES (?, ?, ?, ?, ?)[0m  [["title", "Raiders of the Lost Ark"], ["rating", "PG"], ["release_date", "1981-06-12 00:00:00"], ["created_at", "2024-04-11 20:23:41.804349"], ["updated_at", "2024-04-11 20:23:41.804349"]]
  [1m[36mTRANSACTION (10.5ms)[0m  [1m[36mcommit transaction[0m
Started GET "/movies" for 127.0.0.1 at 2024-04-11 22:23:44 +0200
Processing by MoviesController#index as HTML
  Rendering layout layouts/application.html.erb
  Rendering movies/index.html.erb within layouts/application
  [1m[36mMovie Load (0.3ms)[0m  [1m[34mSELECT "movies".* FROM "movies"[0m
  ↳ app/views/movies/index.html.erb:17
  Rendered movies/index.html.erb within layouts/application (Duration: 9.6ms | Allocations: 2741)
  Rendered layout layouts/application.html.erb (Duration: 13.5ms | Allocations: 4033)
Completed 200 OK in 15ms (Views: 14.2ms | ActiveRecord: 0.3ms | Allocations: 4306)


Started GET "/movies" for 127.0.0.1 at 2024-04-11 22:24:16 +0200
Processing by MoviesController#index as HTML
  Rendering layout layouts/application.html.erb
  Rendering movies/index.html.erb within layouts/application
  [1m[36mMovie Load (0.2ms)[0m  [1m[34mSELECT "movies".* FROM "movies"[0m
  ↳ app/views/movies/index.html.erb:17
  Rendered movies/index.html.erb within layouts/application (Duration: 7.0ms | Allocations: 2741)
  Rendered layout layouts/application.html.erb (Duration: 20.9ms | Allocations: 7292)
Completed 200 OK in 22ms (Views: 21.3ms | ActiveRecord: 0.2ms | Allocations: 7564)


Started GET "/movies" for 127.0.0.1 at 2024-04-11 22:24:49 +0200
Processing by MoviesController#index as HTML
  Rendering layout layouts/application.html.erb
  Rendering movies/index.html.erb within layouts/application
  [1m[36mMovie Load (0.2ms)[0m  [1m[34mSELECT "movies".* FROM "movies"[0m
  ↳ app/views/movies/index.html.erb:17
  Rendered movies/index.html.erb within layouts/application (Duration: 8.7ms | Allocations: 2741)
  Rendered layout layouts/application.html.erb (Duration: 21.4ms | Allocations: 7289)
Completed 200 OK in 23ms (Views: 22.0ms | ActiveRecord: 0.2ms | Allocations: 7562)


Started GET "/movies" for 127.0.0.1 at 2024-04-11 22:24:56 +0200
Processing by MoviesController#index as HTML
  Rendering layout layouts/application.html.erb
  Rendering movies/index.html.erb within layouts/application
  [1m[36mMovie Load (0.2ms)[0m  [1m[34mSELECT "movies".* FROM "movies"[0m
  ↳ app/views/movies/index.html.erb:17
  Rendered movies/index.html.erb within layouts/application (Duration: 11.0ms | Allocations: 2741)
  Rendered layout layouts/application.html.erb (Duration: 25.4ms | Allocations: 7844)
Completed 200 OK in 27ms (Views: 26.1ms | ActiveRecord: 0.2ms | Allocations: 8116)


Started GET "/movies" for 127.0.0.1 at 2024-04-11 22:25:07 +0200
Processing by MoviesController#index as HTML
  Rendering layout layouts/application.html.erb
  Rendering movies/index.html.erb within layouts/application
  [1m[36mMovie Load (0.2ms)[0m  [1m[34mSELECT "movies".* FROM "movies"[0m
  ↳ app/views/movies/index.html.erb:17
  Rendered movies/index.html.erb within layouts/application (Duration: 6.8ms | Allocations: 2741)
  Rendered layout layouts/application.html.erb (Duration: 15.8ms | Allocations: 7289)
Completed 200 OK in 17ms (Views: 16.2ms | ActiveRecord: 0.2ms | Allocations: 7561)


